RUN	computerdatabase.ComputerDatabaseSimulation	computerdatabasesimulation	1696833431978	sample run	3.9.5
USER	Users	START	1696833433529
USER	Admins	START	1696833433529
USER	Users	START	1696833434487
REQUEST		Home	1696833433513	1696833435182	OK	 
USER	Users	START	1696833435484
REQUEST		Home Redirect 1	1696833435190	1696833435506	OK	 
REQUEST		Home	1696833433513	1696833435885	OK	 
REQUEST		Home Redirect 1	1696833435886	1696833436210	OK	 
USER	Users	START	1696833436493
REQUEST		Search	1696833436529	1696833436822	OK	 
REQUEST		Home	1696833434486	1696833436907	OK	 
REQUEST		Home	1696833435483	1696833437212	OK	 
REQUEST		Home Redirect 1	1696833436908	1696833437221	OK	 
USER	Users	START	1696833437482
REQUEST		Home Redirect 1	1696833437213	1696833437528	OK	 
REQUEST		Search	1696833437220	1696833437528	OK	 
REQUEST		Home	1696833436491	1696833438251	OK	 
REQUEST		Select	1696833437904	1696833438252	OK	 
USER	Admins	START	1696833438477
USER	Users	START	1696833438477
REQUEST		Home Redirect 1	1696833438252	1696833438564	OK	 
REQUEST		Search	1696833438230	1696833438564	OK	 
REQUEST		Select	1696833438538	1696833438952	OK	 
REQUEST		Search	1696833438539	1696833438953	OK	 
REQUEST		Home	1696833437481	1696833439058	OK	 
REQUEST		Home Redirect 1	1696833439059	1696833439364	OK	 
USER	Users	START	1696833439487
REQUEST		Page 0	1696833439273	1696833439680	OK	 
REQUEST		Select	1696833439581	1696833439878	OK	 
REQUEST		Search	1696833439581	1696833439878	OK	 
REQUEST		Home	1696833438476	1696833440181	OK	 
REQUEST		Home	1696833438476	1696833440181	OK	 
REQUEST		Page 0	1696833439956	1696833440289	OK	 
REQUEST		Select	1696833439972	1696833440389	OK	 
REQUEST		Home Redirect 1	1696833440181	1696833440449	OK	 
REQUEST		Home Redirect 1	1696833440181	1696833440457	OK	 
USER	Users	START	1696833440490
REQUEST		Search	1696833440376	1696833440699	OK	 
REQUEST		Page 1	1696833440688	1696833441104	OK	 
REQUEST		Select	1696833440890	1696833441204	OK	 
REQUEST		Page 0	1696833440890	1696833441208	OK	 
REQUEST		Home	1696833439486	1696833441426	OK	 
USER	Users	START	1696833441481
REQUEST		Page 1	1696833441293	1696833441550	OK	 
REQUEST		Page 0	1696833441403	1696833441655	OK	 
REQUEST		Home Redirect 1	1696833441426	1696833441697	OK	 
REQUEST		Search	1696833441464	1696833441823	OK	 
REQUEST		Search	1696833441464	1696833441823	OK	 
REQUEST		Select	1696833441710	1696833442029	OK	 
REQUEST		Home	1696833440488	1696833442145	OK	 
REQUEST		Page 2	1696833442115	1696833442363	OK	 
REQUEST		Home Redirect 1	1696833442146	1696833442436	OK	 
USER	Users	START	1696833442475
REQUEST		Page 0	1696833442209	1696833442495	OK	 
REQUEST		Page 1	1696833442225	1696833442496	OK	 
REQUEST		Page 2	1696833442553	1696833442806	OK	 
REQUEST		Page 1	1696833442662	1696833443053	OK	 
REQUEST		Home	1696833441479	1696833443072	OK	 
REQUEST		Search	1696833442709	1696833443072	OK	 
REQUEST		Select	1696833442832	1696833443172	OK	 
REQUEST		Select	1696833442832	1696833443172	OK	 
REQUEST		Page 0	1696833443034	1696833443368	OK	 
REQUEST		Home Redirect 1	1696833443073	1696833443368	OK	 
REQUEST		Page 3	1696833443378	1696833443671	OK	 
REQUEST		Page 1	1696833443502	1696833443770	OK	 
REQUEST		Page 2	1696833443502	1696833443770	OK	 
REQUEST		Search	1696833443440	1696833443779	OK	 
REQUEST		Home	1696833442474	1696833444074	OK	 
REQUEST		Page 3	1696833443813	1696833444075	OK	 
REQUEST		Select	1696833444078	1696833444537	OK	 
REQUEST		Page 2	1696833444062	1696833444538	OK	 
REQUEST		Home Redirect 1	1696833444075	1696833444538	OK	 
REQUEST		Page 0	1696833444186	1696833444602	OK	 
REQUEST		Page 0	1696833444186	1696833444602	OK	 
REQUEST		Page 1	1696833444372	1696833444694	OK	 
REQUEST		Search	1696833444373	1696833444693	OK	 
REQUEST		Form	1696833444682	1696833444931	OK	 
REQUEST		Page 3	1696833444776	1696833445027	OK	 
REQUEST		Page 2	1696833444776	1696833445027	OK	 
USER	Users	END	1696833445090
REQUEST		Select	1696833444791	1696833445109	OK	 
REQUEST		Page 0	1696833445539	1696833445828	OK	 
REQUEST		Search	1696833445555	1696833445837	OK	 
REQUEST		Page 3	1696833445554	1696833445842	OK	 
REQUEST		Page 1	1696833445617	1696833445869	OK	 
REQUEST		Page 1	1696833445617	1696833445869	OK	 
REQUEST		Select	1696833445710	1696833445970	OK	 
REQUEST		Page 2	1696833445711	1696833445973	OK	 
USER	Users	END	1696833446037
REQUEST		Post	1696833445946	1696833446238	OK	 
REQUEST		Page 3	1696833446036	1696833446295	OK	 
REQUEST		Page 0	1696833446114	1696833446463	OK	 
REQUEST		Post Redirect 1	1696833446249	1696833446510	OK	 
USER	Admins	END	1696833446515
USER	Users	END	1696833446858
REQUEST		Select	1696833446841	1696833447164	OK	 
REQUEST		Page 1	1696833446841	1696833447164	OK	 
REQUEST		Page 2	1696833446871	1696833447168	OK	 
REQUEST		Page 2	1696833446871	1696833447168	OK	 
REQUEST		Page 0	1696833446982	1696833447233	OK	 
REQUEST		Page 3	1696833446982	1696833447233	OK	 
USER	Users	END	1696833447310
REQUEST		Page 1	1696833447479	1696833447779	OK	 
USER	Users	END	1696833448245
REQUEST		Page 3	1696833448182	1696833448493	OK	 
REQUEST		Page 3	1696833448182	1696833448493	OK	 
REQUEST		Page 2	1696833448166	1696833448501	OK	 
REQUEST		Page 1	1696833448245	1696833448502	OK	 
REQUEST		Page 0	1696833448182	1696833448892	OK	 
REQUEST		Page 2	1696833448789	1696833449104	OK	 
USER	Users	END	1696833449508
REQUEST		Page 2	1696833449505	1696833449912	OK	 
REQUEST		Form	1696833449505	1696833449923	OK	 
REQUEST		Page 3	1696833449505	1696833449924	OK	 
REQUEST		Page 1	1696833449895	1696833450222	OK	 
REQUEST		Page 3	1696833450114	1696833450433	OK	 
USER	Users	END	1696833450936
REQUEST		Page 3	1696833450920	1696833451188	OK	 
REQUEST		Post	1696833450936	1696833451216	OK	 
USER	Users	END	1696833451450
REQUEST		Page 2	1696833451231	1696833451531	OK	 
REQUEST		Post Redirect 1	1696833451217	1696833451531	OK	 
USER	Admins	END	1696833451533
USER	Users	END	1696833452196
REQUEST		Page 3	1696833452535	1696833452810	OK	 
USER	Users	END	1696833453824
