RUN	computerdatabase.ComputerDatabaseSimulation	computerdatabasesimulation	1696937428030	sample run	3.9.5
USER	WebSocket Load Test	START	1696937429859
USER	WebSocket Load Test	START	1696937429859
USER	WebSocket Load Test	START	1696937429859
USER	WebSocket Load Test	START	1696937429859
USER	WebSocket Load Test	START	1696937429859
USER	WebSocket Load Test	START	1696937429860
USER	WebSocket Load Test	START	1696937429861
USER	WebSocket Load Test	START	1696937429861
USER	WebSocket Load Test	START	1696937429861
USER	WebSocket Load Test	START	1696937429861
USER	WebSocket Load Test	START	1696937429862
USER	WebSocket Load Test	START	1696937429862
USER	WebSocket Load Test	START	1696937429863
USER	WebSocket Load Test	START	1696937429863
USER	WebSocket Load Test	START	1696937429863
USER	WebSocket Load Test	START	1696937429864
USER	WebSocket Load Test	START	1696937429864
USER	WebSocket Load Test	START	1696937429864
USER	WebSocket Load Test	START	1696937429865
USER	WebSocket Load Test	START	1696937429866
REQUEST		WebSocket Connect	1696937429824	1696937430318	OK	 
REQUEST		WebSocket Connect	1696937429862	1696937430318	OK	 
REQUEST		WebSocket Connect	1696937429824	1696937430318	OK	 
REQUEST		WebSocket Connect	1696937429824	1696937430318	OK	 
REQUEST		WebSocket Connect	1696937429824	1696937430318	OK	 
REQUEST		WebSocket Connect	1696937429824	1696937430318	OK	 
REQUEST		WebSocket Connect	1696937429829	1696937430318	OK	 
REQUEST		WebSocket Connect	1696937429829	1696937430318	OK	 
REQUEST		WebSocket Connect	1696937429824	1696937430318	OK	 
REQUEST		WebSocket Connect	1696937429831	1696937430373	OK	 
REQUEST		WebSocket Close	1696937430361	1696937430418	OK	 
REQUEST		WebSocket Close	1696937430360	1696937430418	OK	 
REQUEST		WebSocket Close	1696937430359	1696937430418	OK	 
REQUEST		WebSocket Close	1696937430360	1696937430419	OK	 
REQUEST		WebSocket Close	1696937430360	1696937430424	OK	 
USER	WebSocket Load Test	END	1696937430429
USER	WebSocket Load Test	END	1696937430429
USER	WebSocket Load Test	END	1696937430429
USER	WebSocket Load Test	END	1696937430429
USER	WebSocket Load Test	END	1696937430429
REQUEST		WebSocket Close	1696937430359	1696937430439	OK	 
USER	WebSocket Load Test	END	1696937430439
REQUEST		WebSocket Close	1696937430360	1696937430447	OK	 
USER	WebSocket Load Test	END	1696937430447
REQUEST		WebSocket Close	1696937430373	1696937430455	OK	 
USER	WebSocket Load Test	END	1696937430456
REQUEST		WebSocket Close	1696937430375	1696937430460	OK	 
USER	WebSocket Load Test	END	1696937430461
REQUEST		WebSocket Close	1696937430361	1696937430471	OK	 
USER	WebSocket Load Test	END	1696937430472
REQUEST		WebSocket Connect	1696937429824	1696937430488	OK	 
REQUEST		WebSocket Connect	1696937429831	1696937430492	OK	 
REQUEST		WebSocket Connect	1696937429865	1696937430492	OK	 
REQUEST		WebSocket Connect	1696937429827	1696937430500	OK	 
REQUEST		WebSocket Connect	1696937429824	1696937430502	OK	 
REQUEST		WebSocket Close	1696937430490	1696937430525	OK	 
USER	WebSocket Load Test	END	1696937430525
REQUEST		WebSocket Close	1696937430494	1696937430536	OK	 
USER	WebSocket Load Test	END	1696937430537
REQUEST		WebSocket Close	1696937430494	1696937430616	OK	 
REQUEST		WebSocket Connect	1696937429825	1696937430617	OK	 
REQUEST		WebSocket Connect	1696937429829	1696937430617	OK	 
REQUEST		WebSocket Close	1696937430502	1696937430616	OK	 
REQUEST		WebSocket Connect	1696937429862	1696937430618	OK	 
USER	WebSocket Load Test	END	1696937430618
USER	WebSocket Load Test	END	1696937430618
REQUEST		WebSocket Close	1696937430503	1696937430619	OK	 
USER	WebSocket Load Test	END	1696937430620
REQUEST		WebSocket Connect	1696937429864	1696937430630	OK	 
REQUEST		WebSocket Connect	1696937429829	1696937430630	OK	 
REQUEST		WebSocket Close	1696937430620	1696937430653	OK	 
USER	WebSocket Load Test	END	1696937430654
REQUEST		WebSocket Close	1696937430620	1696937430666	OK	 
USER	WebSocket Load Test	END	1696937430667
REQUEST		WebSocket Close	1696937430619	1696937430673	OK	 
USER	WebSocket Load Test	END	1696937430674
REQUEST		WebSocket Close	1696937430633	1696937430686	OK	 
USER	WebSocket Load Test	END	1696937430687
REQUEST		WebSocket Close	1696937430633	1696937430702	OK	 
USER	WebSocket Load Test	END	1696937430702
