RUN	youtube.youtubeclass	youtubeclass	1696922728258	sample run	3.9.5
USER	youtubeclass	START	1696922729750
REQUEST		request_0	1696922729686	1696922730465	OK	 
REQUEST		request_9	1696922730499	1696922731288	OK	 
REQUEST		request_11	1696922730587	1696922731292	OK	 
REQUEST		request_7	1696922730591	1696922731296	KO	status.find.in([200, 209], 304), found 401
REQUEST		request_13	1696922730588	1696922731383	OK	 
REQUEST		request_15	1696922730592	1696922731385	KO	status.find.in([200, 209], 304), found 401
REQUEST		request_12	1696922730587	1696922731403	OK	 
REQUEST		request_14	1696922730591	1696922731406	OK	 
REQUEST		request_3	1696922730681	1696922731482	KO	status.find.in([200, 209], 304), found 400
REQUEST		request_10	1696922730586	1696922731484	OK	 
REQUEST		request_1	1696922730669	1696922731488	KO	status.find.in([200, 209], 304), found 400
REQUEST		request_5	1696922730590	1696922731575	OK	 
REQUEST		request_8	1696922730594	1696922731588	OK	 
REQUEST		request_6	1696922730682	1696922731592	OK	 
REQUEST		request_2	1696922730680	1696922731603	KO	status.find.in([200, 209], 304), found 400
REQUEST		request_4	1696922730681	1696922731604	KO	status.find.in([200, 209], 304), found 400
REQUEST		request_16	1696922735621	1696922735790	KO	status.find.in([200, 209], 304), found 400
REQUEST		request_18	1696922739807	1696922740080	OK	 
REQUEST		request_19	1696922741087	1696922741507	OK	 
REQUEST		request_24	1696922741570	1696922741841	OK	 
REQUEST		request_23	1696922741570	1696922741845	OK	 
REQUEST		request_25	1696922741571	1696922741848	OK	 
REQUEST		request_22	1696922741570	1696922741854	OK	 
REQUEST		request_50	1696922741608	1696922741856	OK	 
REQUEST		request_39	1696922741599	1696922741859	KO	status.find.in([200, 209], 304), found 401
REQUEST		request_41	1696922741606	1696922741861	KO	status.find.in([200, 209], 304), found 401
REQUEST		request_40	1696922741603	1696922741862	KO	status.find.in([200, 209], 304), found 401
REQUEST		request_21	1696922741570	1696922741927	OK	 
REQUEST		request_57	1696922741860	1696922741936	OK	 
REQUEST		request_58	1696922741861	1696922742039	OK	 
REQUEST		request_53	1696922741857	1696922742121	KO	status.find.in([200, 209], 304), found 401
REQUEST		request_30	1696922741849	1696922742123	OK	 
REQUEST		request_59	1696922741863	1696922742126	OK	 
REQUEST		request_28	1696922741842	1696922742140	OK	 
REQUEST		request_29	1696922741846	1696922742142	OK	 
REQUEST		request_31	1696922741855	1696922742145	OK	 
REQUEST		request_61	1696922741937	1696922742227	OK	 
REQUEST		request_32	1696922741928	1696922742245	OK	 
REQUEST		request_66	1696922742040	1696922742246	OK	 
REQUEST		request_45	1696922741552	1696922742247	OK	 
REQUEST		request_74	1696922741710	1696922742341	KO	status.find.in([200, 209], 304), found 400
REQUEST		request_67	1696922742122	1696922742366	OK	 
REQUEST		request_69	1696922742127	1696922742367	OK	 
REQUEST		request_46	1696922741569	1696922742369	OK	 
REQUEST		request_37	1696922742143	1696922742377	OK	 
REQUEST		request_33	1696922742124	1696922742378	OK	 
REQUEST		request_60	1696922742146	1696922742378	OK	 
REQUEST		request_68	1696922741569	1696922742380	KO	status.find.in([200, 209], 304), found 400
REQUEST		request_70	1696922741610	1696922742380	KO	status.find.in([200, 209], 304), found 400
REQUEST		request_72	1696922741695	1696922742380	KO	status.find.in([200, 209], 304), found 400
REQUEST		request_65	1696922741703	1696922742381	KO	status.find.in([200, 209], 304), found 400
REQUEST		request_76	1696922741711	1696922742381	KO	status.find.in([200, 209], 304), found 400
REQUEST		request_78	1696922741712	1696922742382	KO	status.find.in([200, 209], 304), found 400
REQUEST		request_81	1696922741713	1696922742382	KO	status.find.in([200, 209], 304), found 400
REQUEST		request_63	1696922742245	1696922742440	OK	 
REQUEST		request_34	1696922742141	1696922742449	OK	 
REQUEST		request_48	1696922741831	1696922742532	OK	 
REQUEST		request_62	1696922741793	1696922742545	OK	 
REQUEST		request_47	1696922741792	1696922742548	OK	 
REQUEST		request_20	1696922741714	1696922742550	OK	 
REQUEST		request_77	1696922742228	1696922742551	OK	 
REQUEST		request_79	1696922742246	1696922742552	OK	 
REQUEST		request_36	1696922741791	1696922742554	OK	 
REQUEST		request_27	1696922741790	1696922742555	OK	 
REQUEST		request_80	1696922742366	1696922742572	OK	 
REQUEST		request_56	1696922741551	1696922742577	OK	 
REQUEST		request_51	1696922741609	1696922742603	OK	 
REQUEST		request_64	1696922742378	1696922742604	OK	 
REQUEST		request_71	1696922741794	1696922742609	OK	 
REQUEST		request_52	1696922741609	1696922742611	OK	 
REQUEST		request_35	1696922741696	1696922742661	KO	status.find.in([200, 209], 304), found 401
REQUEST		request_49	1696922741523	1696922742662	OK	 
REQUEST		request_43	1696922741571	1696922742766	OK	 
REQUEST		request_54	1696922741586	1696922742769	OK	 
REQUEST		request_44	1696922741585	1696922742854	OK	 
REQUEST		request_55	1696922741832	1696922742857	OK	 
REQUEST		request_26	1696922741571	1696922742876	OK	 
REQUEST		request_73	1696922742546	1696922742986	OK	 
REQUEST		request_42	1696922741795	1696922742996	OK	 
REQUEST		request_75	1696922741587	1696922743033	OK	 
REQUEST		request_82	1696922744037	1696922744494	KO	status.find.in([200, 209], 304), found 400
REQUEST		request_95	1696922745500	1696922745603	OK	 
REQUEST		request_100	1696922745649	1696922745818	OK	 
REQUEST		request_98	1696922745655	1696922745925	KO	status.find.in([200, 209], 304), found 400
REQUEST		request_99	1696922745650	1696922745927	KO	status.find.in([200, 209], 304), found 400
REQUEST		request_97	1696922745654	1696922745928	KO	status.find.in([200, 209], 304), found 400
REQUEST		request_103	1696922745656	1696922745929	KO	status.find.in([200, 209], 304), found 400
REQUEST		request_102	1696922745655	1696922745930	KO	status.find.in([200, 209], 304), found 400
REQUEST		request_96	1696922745653	1696922746121	KO	status.find.in([200, 209], 304), found 400
REQUEST		request_101	1696922745606	1696922746376	KO	status.find.in([200, 209], 304), found 400
REQUEST		request_104	1696922750391	1696922750580	OK	 
REQUEST		request_106	1696922750587	1696922750761	OK	 
REQUEST		request_111	1696922750592	1696922750765	OK	 
REQUEST		request_112	1696922750593	1696922750766	OK	 
REQUEST		request_110	1696922750591	1696922750767	OK	 
REQUEST		request_107	1696922750588	1696922750768	OK	 
REQUEST		request_109	1696922750589	1696922750769	OK	 
REQUEST		request_108	1696922750584	1696922750967	KO	status.find.in([200, 209], 304), found 400
REQUEST		request_115	1696922750762	1696922750979	KO	status.find.in([200, 209], 304), found 401
REQUEST		request_113	1696922750586	1696922751029	KO	status.find.in([200, 209], 304), found 400
REQUEST		request_116	1696922752038	1696922752176	OK	 
REQUEST		request_119	1696922752179	1696922752360	OK	 
REQUEST		request_117	1696922752178	1696922752509	KO	status.find.in([200, 209], 304), found 400
REQUEST		request_118	1696922752179	1696922752510	KO	status.find.in([200, 209], 304), found 400
REQUEST		request_120	1696922760524	1696922760786	KO	status.find.in([200, 209], 304), found 400
USER	youtubeclass	END	1696922760796
