RUN	computerdatabase.ComputerDatabaseSimulation	computerdatabasesimulation	1696937237928	websocket load testing	3.9.5
USER	WebSocket Load Test	START	1696937239723
USER	WebSocket Load Test	START	1696937239723
USER	WebSocket Load Test	START	1696937239723
USER	WebSocket Load Test	START	1696937239723
USER	WebSocket Load Test	START	1696937239723
USER	WebSocket Load Test	START	1696937239724
USER	WebSocket Load Test	START	1696937239726
USER	WebSocket Load Test	START	1696937239726
USER	WebSocket Load Test	START	1696937239724
USER	WebSocket Load Test	START	1696937239727
USER	WebSocket Load Test	START	1696937239727
USER	WebSocket Load Test	START	1696937239727
USER	WebSocket Load Test	START	1696937239727
USER	WebSocket Load Test	START	1696937239728
USER	WebSocket Load Test	START	1696937239728
USER	WebSocket Load Test	START	1696937239728
USER	WebSocket Load Test	START	1696937239729
USER	WebSocket Load Test	START	1696937239729
USER	WebSocket Load Test	START	1696937239729
USER	WebSocket Load Test	START	1696937239730
REQUEST		WebSocket Connect	1696937239690	1696937240038	OK	 
REQUEST		WebSocket Connect	1696937239688	1696937240040	OK	 
REQUEST		WebSocket Connect	1696937239689	1696937240043	OK	 
REQUEST		WebSocket Connect	1696937239691	1696937240042	OK	 
REQUEST		WebSocket Connect	1696937239691	1696937240038	OK	 
REQUEST		WebSocket Connect	1696937239727	1696937240046	OK	 
REQUEST		WebSocket Connect	1696937239695	1696937240050	OK	 
REQUEST		WebSocket Connect	1696937239695	1696937240053	OK	 
REQUEST		WebSocket Connect	1696937239688	1696937240075	OK	 
REQUEST		WebSocket Close	1696937240072	1696937240145	OK	 
REQUEST		WebSocket Close	1696937240072	1696937240145	OK	 
USER	WebSocket Load Test	END	1696937240156
USER	WebSocket Load Test	END	1696937240157
REQUEST		WebSocket Close	1696937240072	1696937240160	OK	 
REQUEST		WebSocket Close	1696937240072	1696937240160	OK	 
REQUEST		WebSocket Close	1696937240072	1696937240160	OK	 
REQUEST		WebSocket Close	1696937240072	1696937240161	OK	 
REQUEST		WebSocket Close	1696937240072	1696937240162	OK	 
USER	WebSocket Load Test	END	1696937240163
USER	WebSocket Load Test	END	1696937240163
USER	WebSocket Load Test	END	1696937240164
USER	WebSocket Load Test	END	1696937240164
USER	WebSocket Load Test	END	1696937240164
REQUEST		WebSocket Close	1696937240072	1696937240166	OK	 
USER	WebSocket Load Test	END	1696937240167
REQUEST		WebSocket Close	1696937240077	1696937240176	OK	 
USER	WebSocket Load Test	END	1696937240178
REQUEST		WebSocket Connect	1696937239690	1696937240235	OK	 
REQUEST		WebSocket Connect	1696937239696	1696937240235	OK	 
REQUEST		WebSocket Connect	1696937239688	1696937240235	OK	 
REQUEST		WebSocket Connect	1696937239689	1696937240240	OK	 
REQUEST		WebSocket Close	1696937240237	1696937240351	OK	 
REQUEST		WebSocket Close	1696937240242	1696937240351	OK	 
REQUEST		WebSocket Close	1696937240239	1696937240351	OK	 
REQUEST		WebSocket Close	1696937240237	1696937240351	OK	 
REQUEST		WebSocket Connect	1696937239726	1696937240352	OK	 
REQUEST		WebSocket Connect	1696937239688	1696937240354	OK	 
REQUEST		WebSocket Connect	1696937239688	1696937240355	OK	 
USER	WebSocket Load Test	END	1696937240356
USER	WebSocket Load Test	END	1696937240357
USER	WebSocket Load Test	END	1696937240357
USER	WebSocket Load Test	END	1696937240357
REQUEST		WebSocket Connect	1696937239688	1696937240363	OK	 
REQUEST		WebSocket Close	1696937240358	1696937240451	OK	 
USER	WebSocket Load Test	END	1696937240452
REQUEST		WebSocket Close	1696937240358	1696937240458	OK	 
REQUEST		WebSocket Close	1696937240356	1696937240458	OK	 
REQUEST		WebSocket Close	1696937240365	1696937240458	OK	 
USER	WebSocket Load Test	END	1696937240459
USER	WebSocket Load Test	END	1696937240459
USER	WebSocket Load Test	END	1696937240459
REQUEST		WebSocket Connect	1696937239728	1696937240558	OK	 
REQUEST		WebSocket Connect	1696937239688	1696937240571	OK	 
REQUEST		WebSocket Connect	1696937239726	1696937240571	OK	 
REQUEST		WebSocket Close	1696937240560	1696937240607	OK	 
USER	WebSocket Load Test	END	1696937240608
REQUEST		WebSocket Close	1696937240573	1696937240758	OK	 
REQUEST		WebSocket Close	1696937240572	1696937240759	OK	 
USER	WebSocket Load Test	END	1696937240759
USER	WebSocket Load Test	END	1696937240759
