RUN	computerdatabase.ComputerDatabaseSimulation	computerdatabasesimulation	1696942401460	Socket load testing	3.9.5
USER	WebSocket Load Test	START	1696942403431
USER	WebSocket Load Test	START	1696942403431
USER	WebSocket Load Test	START	1696942403431
USER	WebSocket Load Test	START	1696942403431
USER	WebSocket Load Test	START	1696942403431
USER	WebSocket Load Test	START	1696942403431
USER	WebSocket Load Test	START	1696942403435
USER	WebSocket Load Test	START	1696942403435
USER	WebSocket Load Test	START	1696942403435
USER	WebSocket Load Test	START	1696942403431
USER	WebSocket Load Test	START	1696942403435
USER	WebSocket Load Test	START	1696942403436
USER	WebSocket Load Test	START	1696942403436
USER	WebSocket Load Test	START	1696942403436
USER	WebSocket Load Test	START	1696942403437
USER	WebSocket Load Test	START	1696942403437
USER	WebSocket Load Test	START	1696942403438
USER	WebSocket Load Test	START	1696942403438
USER	WebSocket Load Test	START	1696942403431
USER	WebSocket Load Test	START	1696942403431
USER	WebSocket Load Test	START	1696942403439
USER	WebSocket Load Test	START	1696942403440
USER	WebSocket Load Test	START	1696942403440
USER	WebSocket Load Test	START	1696942403440
USER	WebSocket Load Test	START	1696942403440
USER	WebSocket Load Test	START	1696942403440
USER	WebSocket Load Test	START	1696942403441
USER	WebSocket Load Test	START	1696942403431
USER	WebSocket Load Test	START	1696942403431
USER	WebSocket Load Test	START	1696942403442
USER	WebSocket Load Test	START	1696942403443
USER	WebSocket Load Test	START	1696942403443
USER	WebSocket Load Test	START	1696942403443
USER	WebSocket Load Test	START	1696942403443
USER	WebSocket Load Test	START	1696942403444
USER	WebSocket Load Test	START	1696942403444
USER	WebSocket Load Test	START	1696942403444
USER	WebSocket Load Test	START	1696942403445
USER	WebSocket Load Test	START	1696942403445
USER	WebSocket Load Test	START	1696942403446
USER	WebSocket Load Test	START	1696942403446
USER	WebSocket Load Test	START	1696942403447
USER	WebSocket Load Test	START	1696942403447
USER	WebSocket Load Test	START	1696942403448
USER	WebSocket Load Test	START	1696942403448
USER	WebSocket Load Test	START	1696942403448
USER	WebSocket Load Test	START	1696942403448
USER	WebSocket Load Test	START	1696942403450
USER	WebSocket Load Test	START	1696942403450
USER	WebSocket Load Test	START	1696942403451
USER	WebSocket Load Test	START	1696942403442
USER	WebSocket Load Test	START	1696942403452
USER	WebSocket Load Test	START	1696942403442
USER	WebSocket Load Test	START	1696942403453
USER	WebSocket Load Test	START	1696942403454
USER	WebSocket Load Test	START	1696942403455
USER	WebSocket Load Test	START	1696942403455
USER	WebSocket Load Test	START	1696942403455
USER	WebSocket Load Test	START	1696942403456
USER	WebSocket Load Test	START	1696942403459
USER	WebSocket Load Test	START	1696942403462
USER	WebSocket Load Test	START	1696942403463
USER	WebSocket Load Test	START	1696942403431
USER	WebSocket Load Test	START	1696942403466
USER	WebSocket Load Test	START	1696942403468
USER	WebSocket Load Test	START	1696942403431
USER	WebSocket Load Test	START	1696942403470
USER	WebSocket Load Test	START	1696942403472
USER	WebSocket Load Test	START	1696942403431
USER	WebSocket Load Test	START	1696942403476
USER	WebSocket Load Test	START	1696942403479
USER	WebSocket Load Test	START	1696942403481
USER	WebSocket Load Test	START	1696942403483
USER	WebSocket Load Test	START	1696942403484
USER	WebSocket Load Test	START	1696942403431
USER	WebSocket Load Test	START	1696942403488
USER	WebSocket Load Test	START	1696942403490
USER	WebSocket Load Test	START	1696942403490
USER	WebSocket Load Test	START	1696942403494
USER	WebSocket Load Test	START	1696942403496
USER	WebSocket Load Test	START	1696942403498
USER	WebSocket Load Test	START	1696942403499
USER	WebSocket Load Test	START	1696942403500
USER	WebSocket Load Test	START	1696942403502
USER	WebSocket Load Test	START	1696942403502
USER	WebSocket Load Test	START	1696942403504
USER	WebSocket Load Test	START	1696942403507
USER	WebSocket Load Test	START	1696942403548
USER	WebSocket Load Test	START	1696942403550
USER	WebSocket Load Test	START	1696942403551
USER	WebSocket Load Test	START	1696942403553
USER	WebSocket Load Test	START	1696942403553
USER	WebSocket Load Test	START	1696942403555
USER	WebSocket Load Test	START	1696942403555
USER	WebSocket Load Test	START	1696942403557
USER	WebSocket Load Test	START	1696942403557
USER	WebSocket Load Test	START	1696942403559
USER	WebSocket Load Test	START	1696942403561
USER	WebSocket Load Test	START	1696942403562
USER	WebSocket Load Test	START	1696942403565
REQUEST		WebSocket Connect	1696942403443	1696942404389	OK	 
REQUEST		WebSocket Connect	1696942403433	1696942404389	OK	 
REQUEST		WebSocket Connect	1696942403385	1696942404389	OK	 
REQUEST		WebSocket Connect	1696942403444	1696942404389	OK	 
REQUEST		WebSocket Connect	1696942403382	1696942404389	OK	 
REQUEST		WebSocket Connect	1696942403437	1696942404416	OK	 
REQUEST		WebSocket Connect	1696942403382	1696942404416	OK	 
REQUEST		WebSocket Connect	1696942403390	1696942404490	OK	 
REQUEST		WebSocket Connect	1696942403435	1696942404490	OK	 
REQUEST		WebSocket Connect	1696942403436	1696942404492	OK	 
REQUEST		WebSocket Connect	1696942403444	1696942405076	OK	 
REQUEST		WebSocket Connect	1696942403442	1696942405621	OK	 
REQUEST		WebSocket Connect	1696942403445	1696942405626	OK	 
REQUEST		WebSocket Connect	1696942403438	1696942406534	OK	 
REQUEST		WebSocket Connect	1696942403439	1696942406540	OK	 
REQUEST		WebSocket Connect	1696942403446	1696942406569	OK	 
REQUEST		WebSocket Connect	1696942403440	1696942407562	OK	 
REQUEST		WebSocket Connect	1696942403446	1696942407562	OK	 
REQUEST		WebSocket Connect	1696942403383	1696942407566	OK	 
REQUEST		WebSocket Connect	1696942403383	1696942407567	OK	 
REQUEST		WebSocket Connect	1696942403449	1696942407570	OK	 
REQUEST		WebSocket Connect	1696942403442	1696942407654	OK	 
REQUEST		WebSocket Connect	1696942403468	1696942407662	OK	 
REQUEST		WebSocket Connect	1696942403442	1696942407664	OK	 
REQUEST		WebSocket Connect	1696942403447	1696942407668	OK	 
REQUEST		WebSocket Connect	1696942403382	1696942408588	OK	 
REQUEST		WebSocket Connect	1696942403383	1696942408588	OK	 
REQUEST		WebSocket Connect	1696942403447	1696942408588	OK	 
REQUEST		WebSocket Connect	1696942403390	1696942408589	OK	 
REQUEST		WebSocket Connect	1696942403382	1696942408589	OK	 
REQUEST		WebSocket Connect	1696942403471	1696942408590	OK	 
REQUEST		WebSocket Connect	1696942403440	1696942408592	OK	 
REQUEST		WebSocket Connect	1696942403433	1696942408674	OK	 
REQUEST		WebSocket Connect	1696942403477	1696942408683	OK	 
REQUEST		WebSocket Connect	1696942403451	1696942408683	OK	 
REQUEST		WebSocket Connect	1696942403494	1696942408685	OK	 
REQUEST		WebSocket Connect	1696942403439	1696942408685	OK	 
REQUEST		WebSocket Connect	1696942403441	1696942408685	OK	 
REQUEST		WebSocket Connect	1696942403435	1696942408685	OK	 
REQUEST		WebSocket Connect	1696942403437	1696942408686	OK	 
REQUEST		WebSocket Connect	1696942403453	1696942408687	OK	 
REQUEST		WebSocket Connect	1696942403489	1696942409697	OK	 
REQUEST		WebSocket Connect	1696942403483	1696942409697	OK	 
REQUEST		WebSocket Connect	1696942403466	1696942409697	OK	 
REQUEST		WebSocket Connect	1696942403501	1696942409707	OK	 
REQUEST		WebSocket Connect	1696942403499	1696942409707	OK	 
REQUEST		WebSocket Connect	1696942403480	1696942409707	OK	 
REQUEST		WebSocket Connect	1696942403489	1696942409707	OK	 
REQUEST		WebSocket Connect	1696942403391	1696942409709	OK	 
REQUEST		WebSocket Connect	1696942403491	1696942409709	OK	 
REQUEST		WebSocket Connect	1696942403503	1696942409710	OK	 
REQUEST		WebSocket Connect	1696942403497	1696942409710	OK	 
REQUEST		WebSocket Connect	1696942403452	1696942409713	OK	 
REQUEST		WebSocket Connect	1696942403506	1696942409713	OK	 
REQUEST		WebSocket Connect	1696942403456	1696942409713	OK	 
REQUEST		WebSocket Connect	1696942403382	1696942409713	OK	 
REQUEST		WebSocket Connect	1696942403497	1696942409713	OK	 
REQUEST		WebSocket Connect	1696942403471	1696942409714	OK	 
REQUEST		WebSocket Connect	1696942403464	1696942409714	OK	 
REQUEST		WebSocket Connect	1696942403499	1696942409715	OK	 
REQUEST		WebSocket Connect	1696942403447	1696942409715	OK	 
REQUEST		WebSocket Connect	1696942403481	1696942409715	OK	 
REQUEST		WebSocket Connect	1696942403441	1696942409720	OK	 
REQUEST		WebSocket Connect	1696942403461	1696942409720	OK	 
REQUEST		WebSocket Connect	1696942403455	1696942409720	OK	 
REQUEST		WebSocket Connect	1696942403441	1696942409721	OK	 
REQUEST		WebSocket Connect	1696942403460	1696942409722	OK	 
REQUEST		WebSocket Connect	1696942403452	1696942409722	OK	 
REQUEST		WebSocket Connect	1696942403472	1696942409724	OK	 
REQUEST		WebSocket Connect	1696942403439	1696942409724	OK	 
REQUEST		WebSocket Connect	1696942403453	1696942409728	OK	 
REQUEST		WebSocket Connect	1696942403443	1696942409742	OK	 
REQUEST		WebSocket Connect	1696942403445	1696942409745	OK	 
REQUEST		WebSocket Connect	1696942403449	1696942410833	OK	 
REQUEST		WebSocket Connect	1696942403556	1696942410833	OK	 
REQUEST		WebSocket Connect	1696942403433	1696942410833	OK	 
REQUEST		WebSocket Connect	1696942403433	1696942410833	OK	 
REQUEST		WebSocket Connect	1696942403383	1696942410834	OK	 
REQUEST		WebSocket Connect	1696942403390	1696942410834	OK	 
REQUEST		WebSocket Connect	1696942403390	1696942410834	OK	 
REQUEST		WebSocket Connect	1696942403382	1696942410834	OK	 
REQUEST		WebSocket Connect	1696942403437	1696942410835	OK	 
REQUEST		WebSocket Connect	1696942403455	1696942410835	OK	 
REQUEST		WebSocket Connect	1696942403434	1696942410835	OK	 
REQUEST		WebSocket Connect	1696942403441	1696942410835	OK	 
REQUEST		WebSocket Connect	1696942403435	1696942410835	OK	 
REQUEST		WebSocket Connect	1696942403435	1696942410836	OK	 
REQUEST		WebSocket Connect	1696942403563	1696942410836	OK	 
REQUEST		WebSocket Connect	1696942403551	1696942410836	OK	 
REQUEST		WebSocket Connect	1696942403447	1696942410836	OK	 
REQUEST		WebSocket Connect	1696942403554	1696942410836	OK	 
REQUEST		WebSocket Connect	1696942403556	1696942410836	OK	 
REQUEST		WebSocket Connect	1696942403451	1696942410837	OK	 
REQUEST		WebSocket Connect	1696942403558	1696942410837	OK	 
REQUEST		WebSocket Connect	1696942403551	1696942410838	OK	 
REQUEST		WebSocket Connect	1696942403439	1696942410926	OK	 
REQUEST		WebSocket Connect	1696942403560	1696942410927	OK	 
REQUEST		WebSocket Connect	1696942403560	1696942410928	OK	 
REQUEST		WebSocket Connect	1696942403438	1696942410932	OK	 
REQUEST		WebSocket Connect	1696942403553	1696942411137	OK	 
REQUEST		WebSocket Close	1696942414414	1696942414509	OK	 
REQUEST		WebSocket Close	1696942414414	1696942414514	OK	 
REQUEST		WebSocket Close	1696942414414	1696942414514	OK	 
REQUEST		WebSocket Close	1696942414414	1696942414514	OK	 
REQUEST		WebSocket Close	1696942414414	1696942414514	OK	 
USER	WebSocket Load Test	END	1696942414519
USER	WebSocket Load Test	END	1696942414519
USER	WebSocket Load Test	END	1696942414520
USER	WebSocket Load Test	END	1696942414520
USER	WebSocket Load Test	END	1696942414520
REQUEST		WebSocket Close	1696942414423	1696942414521	OK	 
REQUEST		WebSocket Close	1696942414423	1696942414521	OK	 
USER	WebSocket Load Test	END	1696942414522
USER	WebSocket Load Test	END	1696942414523
REQUEST		WebSocket Close	1696942414500	1696942414624	OK	 
REQUEST		WebSocket Close	1696942414500	1696942414624	OK	 
USER	WebSocket Load Test	END	1696942414625
USER	WebSocket Load Test	END	1696942414625
REQUEST		WebSocket Close	1696942414501	1696942414626	OK	 
USER	WebSocket Load Test	END	1696942414627
REQUEST		WebSocket Close	1696942415079	1696942415135	OK	 
USER	WebSocket Load Test	END	1696942415136
REQUEST		WebSocket Close	1696942415637	1696942415740	OK	 
USER	WebSocket Load Test	END	1696942415741
REQUEST		WebSocket Close	1696942415638	1696942415743	OK	 
USER	WebSocket Load Test	END	1696942415743
REQUEST		WebSocket Close	1696942416541	1696942416579	OK	 
USER	WebSocket Load Test	END	1696942416579
REQUEST		WebSocket Close	1696942416557	1696942416668	OK	 
USER	WebSocket Load Test	END	1696942416669
REQUEST		WebSocket Close	1696942416572	1696942416670	OK	 
USER	WebSocket Load Test	END	1696942416671
REQUEST		WebSocket Close	1696942417568	1696942417609	OK	 
USER	WebSocket Load Test	END	1696942417610
REQUEST		WebSocket Close	1696942417568	1696942417621	OK	 
REQUEST		WebSocket Close	1696942417583	1696942417621	OK	 
USER	WebSocket Load Test	END	1696942417622
USER	WebSocket Load Test	END	1696942417622
REQUEST		WebSocket Close	1696942417583	1696942417629	OK	 
USER	WebSocket Load Test	END	1696942417630
REQUEST		WebSocket Close	1696942417584	1696942417683	OK	 
USER	WebSocket Load Test	END	1696942417684
REQUEST		WebSocket Close	1696942417659	1696942417685	OK	 
USER	WebSocket Load Test	END	1696942417686
REQUEST		WebSocket Close	1696942417674	1696942417698	OK	 
USER	WebSocket Load Test	END	1696942417699
REQUEST		WebSocket Close	1696942417674	1696942417710	OK	 
USER	WebSocket Load Test	END	1696942417711
REQUEST		WebSocket Close	1696942417674	1696942417717	OK	 
USER	WebSocket Load Test	END	1696942417718
REQUEST		WebSocket Close	1696942418591	1696942418709	OK	 
USER	WebSocket Load Test	END	1696942418710
REQUEST		WebSocket Close	1696942418591	1696942418712	OK	 
REQUEST		WebSocket Close	1696942418591	1696942418712	OK	 
REQUEST		WebSocket Close	1696942418591	1696942418712	OK	 
REQUEST		WebSocket Close	1696942418591	1696942418712	OK	 
REQUEST		WebSocket Close	1696942418606	1696942418712	OK	 
USER	WebSocket Load Test	END	1696942418713
USER	WebSocket Load Test	END	1696942418713
USER	WebSocket Load Test	END	1696942418713
USER	WebSocket Load Test	END	1696942418713
REQUEST		WebSocket Close	1696942418592	1696942418713	OK	 
USER	WebSocket Load Test	END	1696942418713
USER	WebSocket Load Test	END	1696942418714
REQUEST		WebSocket Close	1696942418685	1696942418724	OK	 
USER	WebSocket Load Test	END	1696942418724
REQUEST		WebSocket Close	1696942418685	1696942418809	OK	 
USER	WebSocket Load Test	END	1696942418810
REQUEST		WebSocket Close	1696942418699	1696942418811	OK	 
REQUEST		WebSocket Close	1696942418698	1696942418812	OK	 
REQUEST		WebSocket Close	1696942418698	1696942418812	OK	 
REQUEST		WebSocket Close	1696942418698	1696942418812	OK	 
REQUEST		WebSocket Close	1696942418685	1696942418813	OK	 
USER	WebSocket Load Test	END	1696942418814
USER	WebSocket Load Test	END	1696942418814
USER	WebSocket Load Test	END	1696942418814
USER	WebSocket Load Test	END	1696942418814
USER	WebSocket Load Test	END	1696942418814
REQUEST		WebSocket Close	1696942418698	1696942418915	OK	 
REQUEST		WebSocket Close	1696942418698	1696942418915	OK	 
USER	WebSocket Load Test	END	1696942418915
USER	WebSocket Load Test	END	1696942418915
REQUEST		WebSocket Close	1696942419706	1696942419743	OK	 
REQUEST		WebSocket Close	1696942419706	1696942419743	OK	 
USER	WebSocket Load Test	END	1696942419744
USER	WebSocket Load Test	END	1696942419744
REQUEST		WebSocket Close	1696942419706	1696942419757	OK	 
USER	WebSocket Load Test	END	1696942419758
REQUEST		WebSocket Close	1696942419723	1696942419837	OK	 
REQUEST		WebSocket Close	1696942419722	1696942419837	OK	 
REQUEST		WebSocket Close	1696942419723	1696942419838	OK	 
REQUEST		WebSocket Close	1696942419722	1696942419837	OK	 
USER	WebSocket Load Test	END	1696942419838
USER	WebSocket Load Test	END	1696942419838
USER	WebSocket Load Test	END	1696942419838
USER	WebSocket Load Test	END	1696942419838
REQUEST		WebSocket Close	1696942419724	1696942419839	OK	 
REQUEST		WebSocket Close	1696942419723	1696942419839	OK	 
REQUEST		WebSocket Close	1696942419722	1696942419839	OK	 
USER	WebSocket Load Test	END	1696942419840
USER	WebSocket Load Test	END	1696942419840
USER	WebSocket Load Test	END	1696942419840
REQUEST		WebSocket Close	1696942419723	1696942419840	OK	 
REQUEST		WebSocket Close	1696942419723	1696942419840	OK	 
USER	WebSocket Load Test	END	1696942419841
USER	WebSocket Load Test	END	1696942419841
REQUEST		WebSocket Close	1696942419725	1696942419937	OK	 
REQUEST		WebSocket Close	1696942419724	1696942419937	OK	 
REQUEST		WebSocket Close	1696942419723	1696942419937	OK	 
REQUEST		WebSocket Close	1696942419724	1696942419938	OK	 
REQUEST		WebSocket Close	1696942419725	1696942419938	OK	 
USER	WebSocket Load Test	END	1696942419939
USER	WebSocket Load Test	END	1696942419939
USER	WebSocket Load Test	END	1696942419939
USER	WebSocket Load Test	END	1696942419939
USER	WebSocket Load Test	END	1696942419939
REQUEST		WebSocket Close	1696942419724	1696942419939	OK	 
USER	WebSocket Load Test	END	1696942419939
REQUEST		WebSocket Close	1696942419724	1696942419940	OK	 
REQUEST		WebSocket Close	1696942419724	1696942419940	OK	 
REQUEST		WebSocket Close	1696942419725	1696942419940	OK	 
REQUEST		WebSocket Close	1696942419726	1696942419940	OK	 
REQUEST		WebSocket Close	1696942419726	1696942419940	OK	 
USER	WebSocket Load Test	END	1696942419942
USER	WebSocket Load Test	END	1696942419942
USER	WebSocket Load Test	END	1696942419942
USER	WebSocket Load Test	END	1696942419942
REQUEST		WebSocket Close	1696942419726	1696942419942	OK	 
USER	WebSocket Load Test	END	1696942419942
USER	WebSocket Load Test	END	1696942419942
REQUEST		WebSocket Close	1696942419726	1696942419943	OK	 
USER	WebSocket Load Test	END	1696942419943
REQUEST		WebSocket Close	1696942419725	1696942419951	OK	 
USER	WebSocket Load Test	END	1696942419951
REQUEST		WebSocket Close	1696942419725	1696942420042	OK	 
REQUEST		WebSocket Close	1696942419737	1696942420042	OK	 
REQUEST		WebSocket Close	1696942419726	1696942420043	OK	 
REQUEST		WebSocket Close	1696942419737	1696942420043	OK	 
USER	WebSocket Load Test	END	1696942420044
USER	WebSocket Load Test	END	1696942420044
REQUEST		WebSocket Close	1696942419753	1696942420044	OK	 
USER	WebSocket Load Test	END	1696942420044
USER	WebSocket Load Test	END	1696942420044
USER	WebSocket Load Test	END	1696942420044
REQUEST		WebSocket Close	1696942419752	1696942420045	OK	 
USER	WebSocket Load Test	END	1696942420045
REQUEST		WebSocket Close	1696942420840	1696942420962	OK	 
REQUEST		WebSocket Close	1696942420840	1696942420962	OK	 
USER	WebSocket Load Test	END	1696942420964
USER	WebSocket Load Test	END	1696942420964
REQUEST		WebSocket Close	1696942420840	1696942420973	OK	 
REQUEST		WebSocket Close	1696942420841	1696942420973	OK	 
REQUEST		WebSocket Close	1696942420840	1696942420973	OK	 
REQUEST		WebSocket Close	1696942420849	1696942420973	OK	 
USER	WebSocket Load Test	END	1696942420974
USER	WebSocket Load Test	END	1696942420974
USER	WebSocket Load Test	END	1696942420974
USER	WebSocket Load Test	END	1696942420974
REQUEST		WebSocket Close	1696942420848	1696942420974	OK	 
REQUEST		WebSocket Close	1696942420842	1696942420974	OK	 
REQUEST		WebSocket Close	1696942420841	1696942420974	OK	 
USER	WebSocket Load Test	END	1696942420975
REQUEST		WebSocket Close	1696942420848	1696942420975	OK	 
USER	WebSocket Load Test	END	1696942420975
USER	WebSocket Load Test	END	1696942420975
USER	WebSocket Load Test	END	1696942420975
REQUEST		WebSocket Close	1696942420842	1696942420975	OK	 
REQUEST		WebSocket Close	1696942420842	1696942420975	OK	 
USER	WebSocket Load Test	END	1696942420976
USER	WebSocket Load Test	END	1696942420976
REQUEST		WebSocket Close	1696942420849	1696942420976	OK	 
USER	WebSocket Load Test	END	1696942420976
REQUEST		WebSocket Close	1696942420841	1696942420976	OK	 
USER	WebSocket Load Test	END	1696942420976
REQUEST		WebSocket Close	1696942420842	1696942420984	OK	 
USER	WebSocket Load Test	END	1696942420984
REQUEST		WebSocket Close	1696942420849	1696942421064	OK	 
REQUEST		WebSocket Close	1696942420841	1696942421064	OK	 
REQUEST		WebSocket Close	1696942420849	1696942421064	OK	 
REQUEST		WebSocket Close	1696942420841	1696942421064	OK	 
USER	WebSocket Load Test	END	1696942421064
USER	WebSocket Load Test	END	1696942421064
USER	WebSocket Load Test	END	1696942421064
USER	WebSocket Load Test	END	1696942421064
REQUEST		WebSocket Close	1696942420850	1696942421066	OK	 
REQUEST		WebSocket Close	1696942420934	1696942421066	OK	 
REQUEST		WebSocket Close	1696942420850	1696942421066	OK	 
USER	WebSocket Load Test	END	1696942421066
USER	WebSocket Load Test	END	1696942421066
USER	WebSocket Load Test	END	1696942421066
REQUEST		WebSocket Close	1696942420850	1696942421067	OK	 
USER	WebSocket Load Test	END	1696942421067
REQUEST		WebSocket Close	1696942420933	1696942421068	OK	 
USER	WebSocket Load Test	END	1696942421068
REQUEST		WebSocket Close	1696942420934	1696942421069	OK	 
USER	WebSocket Load Test	END	1696942421069
REQUEST		WebSocket Close	1696942420933	1696942421084	OK	 
USER	WebSocket Load Test	END	1696942421085
REQUEST		WebSocket Close	1696942421149	1696942421179	OK	 
USER	WebSocket Load Test	END	1696942421180
