RUN	computerdatabase.ComputerDatabaseSimulation	computerdatabasesimulation	1696942298987	Socket Load testing	3.9.5
USER	WebSocket Load Test	START	1696942300854
USER	WebSocket Load Test	START	1696942300854
USER	WebSocket Load Test	START	1696942300854
USER	WebSocket Load Test	START	1696942300853
USER	WebSocket Load Test	START	1696942300855
USER	WebSocket Load Test	START	1696942300857
USER	WebSocket Load Test	START	1696942300857
USER	WebSocket Load Test	START	1696942300858
USER	WebSocket Load Test	START	1696942300858
USER	WebSocket Load Test	START	1696942300858
USER	WebSocket Load Test	START	1696942300858
USER	WebSocket Load Test	START	1696942300859
USER	WebSocket Load Test	START	1696942300860
USER	WebSocket Load Test	START	1696942300860
USER	WebSocket Load Test	START	1696942300860
USER	WebSocket Load Test	START	1696942300860
USER	WebSocket Load Test	START	1696942300860
USER	WebSocket Load Test	START	1696942300861
USER	WebSocket Load Test	START	1696942300861
USER	WebSocket Load Test	START	1696942300861
USER	WebSocket Load Test	START	1696942300861
USER	WebSocket Load Test	START	1696942300862
USER	WebSocket Load Test	START	1696942300863
USER	WebSocket Load Test	START	1696942300863
USER	WebSocket Load Test	START	1696942300866
USER	WebSocket Load Test	START	1696942300866
USER	WebSocket Load Test	START	1696942300867
USER	WebSocket Load Test	START	1696942300868
USER	WebSocket Load Test	START	1696942300869
USER	WebSocket Load Test	START	1696942300872
USER	WebSocket Load Test	START	1696942300876
USER	WebSocket Load Test	START	1696942300877
USER	WebSocket Load Test	START	1696942300884
USER	WebSocket Load Test	START	1696942300884
USER	WebSocket Load Test	START	1696942300886
USER	WebSocket Load Test	START	1696942300887
USER	WebSocket Load Test	START	1696942300888
USER	WebSocket Load Test	START	1696942300888
USER	WebSocket Load Test	START	1696942300888
USER	WebSocket Load Test	START	1696942300890
USER	WebSocket Load Test	START	1696942300891
USER	WebSocket Load Test	START	1696942300891
USER	WebSocket Load Test	START	1696942300893
USER	WebSocket Load Test	START	1696942300893
USER	WebSocket Load Test	START	1696942300894
USER	WebSocket Load Test	START	1696942300899
USER	WebSocket Load Test	START	1696942300905
USER	WebSocket Load Test	START	1696942300917
USER	WebSocket Load Test	START	1696942300917
USER	WebSocket Load Test	START	1696942300921
REQUEST		WebSocket Connect	1696942300821	1696942301589	OK	 
REQUEST		WebSocket Connect	1696942300829	1696942301589	OK	 
REQUEST		WebSocket Connect	1696942300857	1696942301612	OK	 
REQUEST		WebSocket Connect	1696942300856	1696942301658	OK	 
REQUEST		WebSocket Connect	1696942300856	1696942301658	OK	 
REQUEST		WebSocket Connect	1696942300857	1696942301661	OK	 
REQUEST		WebSocket Connect	1696942300857	1696942301661	OK	 
REQUEST		WebSocket Connect	1696942300864	1696942302378	OK	 
REQUEST		WebSocket Connect	1696942300821	1696942302381	OK	 
REQUEST		WebSocket Connect	1696942300820	1696942303303	OK	 
REQUEST		WebSocket Connect	1696942300831	1696942303303	OK	 
REQUEST		WebSocket Connect	1696942300831	1696942303315	OK	 
REQUEST		WebSocket Connect	1696942300862	1696942303315	OK	 
REQUEST		WebSocket Connect	1696942300869	1696942303318	OK	 
REQUEST		WebSocket Connect	1696942300859	1696942303836	OK	 
REQUEST		WebSocket Connect	1696942300862	1696942304091	OK	 
REQUEST		WebSocket Connect	1696942300827	1696942304257	OK	 
REQUEST		WebSocket Connect	1696942300885	1696942304349	OK	 
REQUEST		WebSocket Connect	1696942300820	1696942304349	OK	 
REQUEST		WebSocket Connect	1696942300857	1696942304349	OK	 
REQUEST		WebSocket Connect	1696942300859	1696942304349	OK	 
REQUEST		WebSocket Connect	1696942300859	1696942304350	OK	 
REQUEST		WebSocket Connect	1696942300860	1696942304351	OK	 
REQUEST		WebSocket Connect	1696942300861	1696942304351	OK	 
REQUEST		WebSocket Connect	1696942300889	1696942305450	OK	 
REQUEST		WebSocket Connect	1696942300821	1696942305453	OK	 
REQUEST		WebSocket Connect	1696942300856	1696942305454	OK	 
REQUEST		WebSocket Connect	1696942300821	1696942305453	OK	 
REQUEST		WebSocket Connect	1696942300820	1696942305454	OK	 
REQUEST		WebSocket Connect	1696942300862	1696942305454	OK	 
REQUEST		WebSocket Connect	1696942300860	1696942305454	OK	 
REQUEST		WebSocket Connect	1696942300898	1696942305454	OK	 
REQUEST		WebSocket Connect	1696942300823	1696942305456	OK	 
REQUEST		WebSocket Connect	1696942300890	1696942305456	OK	 
REQUEST		WebSocket Connect	1696942300860	1696942305456	OK	 
REQUEST		WebSocket Connect	1696942300874	1696942305456	OK	 
REQUEST		WebSocket Connect	1696942300878	1696942305459	OK	 
REQUEST		WebSocket Connect	1696942300892	1696942305459	OK	 
REQUEST		WebSocket Connect	1696942300867	1696942305459	OK	 
REQUEST		WebSocket Connect	1696942300883	1696942305460	OK	 
REQUEST		WebSocket Connect	1696942300886	1696942306476	OK	 
REQUEST		WebSocket Connect	1696942300863	1696942306476	OK	 
REQUEST		WebSocket Connect	1696942300831	1696942306483	OK	 
REQUEST		WebSocket Connect	1696942300831	1696942306483	OK	 
REQUEST		WebSocket Connect	1696942300825	1696942306483	OK	 
REQUEST		WebSocket Connect	1696942300823	1696942306483	OK	 
REQUEST		WebSocket Connect	1696942300900	1696942306484	OK	 
REQUEST		WebSocket Connect	1696942300920	1696942306485	OK	 
REQUEST		WebSocket Connect	1696942300892	1696942306485	OK	 
REQUEST		WebSocket Connect	1696942300906	1696942306486	OK	 
REQUEST		WebSocket Close	1696942311617	1696942311644	OK	 
USER	WebSocket Load Test	END	1696942311652
REQUEST		WebSocket Close	1696942311617	1696942311661	OK	 
USER	WebSocket Load Test	END	1696942311661
REQUEST		WebSocket Close	1696942311617	1696942311670	OK	 
USER	WebSocket Load Test	END	1696942311671
REQUEST		WebSocket Close	1696942311670	1696942311803	OK	 
REQUEST		WebSocket Close	1696942311670	1696942311803	OK	 
REQUEST		WebSocket Close	1696942311670	1696942311803	OK	 
USER	WebSocket Load Test	END	1696942311804
USER	WebSocket Load Test	END	1696942311804
USER	WebSocket Load Test	END	1696942311804
REQUEST		WebSocket Close	1696942311670	1696942311805	OK	 
USER	WebSocket Load Test	END	1696942311806
REQUEST		WebSocket Close	1696942312385	1696942312415	OK	 
USER	WebSocket Load Test	END	1696942312416
REQUEST		WebSocket Close	1696942312385	1696942312421	OK	 
USER	WebSocket Load Test	END	1696942312422
REQUEST		WebSocket Close	1696942313332	1696942313438	OK	 
REQUEST		WebSocket Close	1696942313331	1696942313438	OK	 
REQUEST		WebSocket Close	1696942313315	1696942313438	OK	 
REQUEST		WebSocket Close	1696942313315	1696942313438	OK	 
USER	WebSocket Load Test	END	1696942313440
USER	WebSocket Load Test	END	1696942313440
USER	WebSocket Load Test	END	1696942313440
USER	WebSocket Load Test	END	1696942313440
REQUEST		WebSocket Close	1696942313331	1696942313440	OK	 
USER	WebSocket Load Test	END	1696942313441
REQUEST		WebSocket Close	1696942313846	1696942313949	OK	 
USER	WebSocket Load Test	END	1696942313950
REQUEST		WebSocket Close	1696942314108	1696942314153	OK	 
USER	WebSocket Load Test	END	1696942314155
REQUEST		WebSocket Close	1696942314261	1696942314462	OK	 
USER	WebSocket Load Test	END	1696942314463
REQUEST		WebSocket Close	1696942314355	1696942314470	OK	 
REQUEST		WebSocket Close	1696942314355	1696942314471	OK	 
REQUEST		WebSocket Close	1696942314355	1696942314471	OK	 
REQUEST		WebSocket Close	1696942314356	1696942314471	OK	 
REQUEST		WebSocket Close	1696942314356	1696942314471	OK	 
REQUEST		WebSocket Close	1696942314356	1696942314471	OK	 
USER	WebSocket Load Test	END	1696942314472
USER	WebSocket Load Test	END	1696942314472
USER	WebSocket Load Test	END	1696942314472
USER	WebSocket Load Test	END	1696942314473
REQUEST		WebSocket Close	1696942314355	1696942314473	OK	 
USER	WebSocket Load Test	END	1696942314473
USER	WebSocket Load Test	END	1696942314473
USER	WebSocket Load Test	END	1696942314473
REQUEST		WebSocket Close	1696942315458	1696942315527	OK	 
REQUEST		WebSocket Close	1696942315457	1696942315527	OK	 
REQUEST		WebSocket Close	1696942315458	1696942315527	OK	 
USER	WebSocket Load Test	END	1696942315528
USER	WebSocket Load Test	END	1696942315528
USER	WebSocket Load Test	END	1696942315528
REQUEST		WebSocket Close	1696942315458	1696942315543	OK	 
REQUEST		WebSocket Close	1696942315459	1696942315543	OK	 
USER	WebSocket Load Test	END	1696942315543
USER	WebSocket Load Test	END	1696942315544
REQUEST		WebSocket Close	1696942315459	1696942315556	OK	 
USER	WebSocket Load Test	END	1696942315557
REQUEST		WebSocket Close	1696942315457	1696942315587	OK	 
USER	WebSocket Load Test	END	1696942315587
REQUEST		WebSocket Close	1696942315457	1696942315588	OK	 
REQUEST		WebSocket Close	1696942315457	1696942315588	OK	 
USER	WebSocket Load Test	END	1696942315588
USER	WebSocket Load Test	END	1696942315589
REQUEST		WebSocket Close	1696942315458	1696942315590	OK	 
USER	WebSocket Load Test	END	1696942315590
REQUEST		WebSocket Close	1696942315473	1696942315594	OK	 
USER	WebSocket Load Test	END	1696942315594
REQUEST		WebSocket Close	1696942315473	1696942315603	OK	 
USER	WebSocket Load Test	END	1696942315604
REQUEST		WebSocket Close	1696942315473	1696942315621	OK	 
REQUEST		WebSocket Close	1696942315473	1696942315621	OK	 
USER	WebSocket Load Test	END	1696942315622
USER	WebSocket Load Test	END	1696942315622
REQUEST		WebSocket Close	1696942315458	1696942315625	OK	 
USER	WebSocket Load Test	END	1696942315625
REQUEST		WebSocket Close	1696942315473	1696942315637	OK	 
USER	WebSocket Load Test	END	1696942315637
REQUEST		WebSocket Close	1696942316494	1696942316613	OK	 
REQUEST		WebSocket Close	1696942316494	1696942316613	OK	 
REQUEST		WebSocket Close	1696942316494	1696942316613	OK	 
REQUEST		WebSocket Close	1696942316494	1696942316613	OK	 
REQUEST		WebSocket Close	1696942316478	1696942316613	OK	 
USER	WebSocket Load Test	END	1696942316614
USER	WebSocket Load Test	END	1696942316614
USER	WebSocket Load Test	END	1696942316614
USER	WebSocket Load Test	END	1696942316614
USER	WebSocket Load Test	END	1696942316614
REQUEST		WebSocket Close	1696942316494	1696942316619	OK	 
USER	WebSocket Load Test	END	1696942316620
REQUEST		WebSocket Close	1696942316494	1696942316621	OK	 
USER	WebSocket Load Test	END	1696942316622
REQUEST		WebSocket Close	1696942316494	1696942316714	OK	 
REQUEST		WebSocket Close	1696942316494	1696942316714	OK	 
USER	WebSocket Load Test	END	1696942316714
USER	WebSocket Load Test	END	1696942316714
REQUEST		WebSocket Close	1696942316495	1696942316716	OK	 
USER	WebSocket Load Test	END	1696942316717
