RUN	computerdatabase.ComputerDatabaseSimulation	computerdatabasesimulation	1696936916726	Web socket load testing	3.9.5
USER	WebSocket Load Test	START	1696936918665
USER	WebSocket Load Test	START	1696936918664
USER	WebSocket Load Test	START	1696936918664
USER	WebSocket Load Test	START	1696936918664
USER	WebSocket Load Test	START	1696936918665
USER	WebSocket Load Test	START	1696936918664
USER	WebSocket Load Test	START	1696936918664
USER	WebSocket Load Test	START	1696936918664
USER	WebSocket Load Test	START	1696936918665
USER	WebSocket Load Test	START	1696936918664
REQUEST		WebSocket Connect	1696936918631	1696936919144	OK	 
REQUEST		WebSocket Connect	1696936918629	1696936919144	OK	 
REQUEST		WebSocket Connect	1696936918625	1696936919156	OK	 
REQUEST		WebSocket Connect	1696936918625	1696936919156	OK	 
REQUEST		WebSocket Connect	1696936918625	1696936919156	OK	 
REQUEST		WebSocket Connect	1696936918626	1696936919157	OK	 
REQUEST		WebSocket Connect	1696936918632	1696936919158	OK	 
REQUEST		WebSocket Close	1696936919183	1696936919319	OK	 
USER	WebSocket Load Test	END	1696936919328
REQUEST		WebSocket Close	1696936919182	1696936919339	OK	 
REQUEST		WebSocket Close	1696936919183	1696936919339	OK	 
REQUEST		WebSocket Close	1696936919182	1696936919339	OK	 
REQUEST		WebSocket Close	1696936919182	1696936919339	OK	 
REQUEST		WebSocket Close	1696936919182	1696936919339	OK	 
USER	WebSocket Load Test	END	1696936919342
USER	WebSocket Load Test	END	1696936919342
USER	WebSocket Load Test	END	1696936919342
USER	WebSocket Load Test	END	1696936919342
USER	WebSocket Load Test	END	1696936919342
REQUEST		WebSocket Close	1696936919182	1696936919357	OK	 
USER	WebSocket Load Test	END	1696936919358
REQUEST		WebSocket Connect	1696936918633	1696936919442	OK	 
REQUEST		WebSocket Close	1696936919444	1696936919545	OK	 
USER	WebSocket Load Test	END	1696936919546
REQUEST		WebSocket Connect	1696936918626	1696936920138	OK	 
REQUEST		WebSocket Connect	1696936918633	1696936920138	OK	 
REQUEST		WebSocket Close	1696936920140	1696936920207	OK	 
USER	WebSocket Load Test	END	1696936920208
REQUEST		WebSocket Close	1696936920140	1696936920672	OK	 
USER	WebSocket Load Test	END	1696936920673
