RUN	computerdatabase.ComputerDatabaseSimulation	computerdatabasesimulation	1696929826849	Chat load testing	3.9.5
USER	WebSocket Load Test	START	1696929828336
USER	WebSocket Load Test	START	1696929828336
USER	WebSocket Load Test	START	1696929828336
USER	WebSocket Load Test	START	1696929828336
USER	WebSocket Load Test	START	1696929828337
USER	WebSocket Load Test	START	1696929828336
USER	WebSocket Load Test	START	1696929828338
USER	WebSocket Load Test	START	1696929828338
USER	WebSocket Load Test	START	1696929828338
USER	WebSocket Load Test	START	1696929828338
USER	WebSocket Load Test	START	1696929828337
USER	WebSocket Load Test	START	1696929828338
USER	WebSocket Load Test	START	1696929828338
USER	WebSocket Load Test	START	1696929828338
USER	WebSocket Load Test	START	1696929828338
USER	WebSocket Load Test	START	1696929828339
USER	WebSocket Load Test	START	1696929828339
USER	WebSocket Load Test	START	1696929828339
USER	WebSocket Load Test	START	1696929828339
USER	WebSocket Load Test	START	1696929828339
USER	WebSocket Load Test	START	1696929828339
USER	WebSocket Load Test	START	1696929828339
USER	WebSocket Load Test	START	1696929828339
USER	WebSocket Load Test	START	1696929828336
USER	WebSocket Load Test	START	1696929828336
USER	WebSocket Load Test	START	1696929828340
USER	WebSocket Load Test	START	1696929828340
USER	WebSocket Load Test	START	1696929828340
USER	WebSocket Load Test	START	1696929828340
USER	WebSocket Load Test	START	1696929828340
USER	WebSocket Load Test	START	1696929828340
USER	WebSocket Load Test	START	1696929828341
USER	WebSocket Load Test	START	1696929828341
USER	WebSocket Load Test	START	1696929828341
USER	WebSocket Load Test	START	1696929828341
USER	WebSocket Load Test	START	1696929828341
USER	WebSocket Load Test	START	1696929828341
USER	WebSocket Load Test	START	1696929828341
USER	WebSocket Load Test	START	1696929828342
USER	WebSocket Load Test	START	1696929828342
USER	WebSocket Load Test	START	1696929828342
USER	WebSocket Load Test	START	1696929828342
USER	WebSocket Load Test	START	1696929828342
USER	WebSocket Load Test	START	1696929828342
USER	WebSocket Load Test	START	1696929828342
USER	WebSocket Load Test	START	1696929828342
USER	WebSocket Load Test	START	1696929828343
USER	WebSocket Load Test	START	1696929828343
USER	WebSocket Load Test	START	1696929828343
USER	WebSocket Load Test	START	1696929828343
USER	WebSocket Load Test	START	1696929828343
USER	WebSocket Load Test	START	1696929828343
USER	WebSocket Load Test	START	1696929828343
USER	WebSocket Load Test	START	1696929828343
USER	WebSocket Load Test	START	1696929828344
USER	WebSocket Load Test	START	1696929828344
USER	WebSocket Load Test	START	1696929828344
USER	WebSocket Load Test	START	1696929828344
USER	WebSocket Load Test	START	1696929828344
USER	WebSocket Load Test	START	1696929828344
USER	WebSocket Load Test	START	1696929828344
USER	WebSocket Load Test	START	1696929828344
USER	WebSocket Load Test	START	1696929828345
USER	WebSocket Load Test	START	1696929828345
USER	WebSocket Load Test	START	1696929828345
USER	WebSocket Load Test	START	1696929828345
USER	WebSocket Load Test	START	1696929828345
USER	WebSocket Load Test	START	1696929828345
USER	WebSocket Load Test	START	1696929828345
USER	WebSocket Load Test	START	1696929828345
USER	WebSocket Load Test	START	1696929828345
USER	WebSocket Load Test	START	1696929828345
USER	WebSocket Load Test	START	1696929828346
USER	WebSocket Load Test	START	1696929828346
USER	WebSocket Load Test	START	1696929828346
USER	WebSocket Load Test	START	1696929828346
USER	WebSocket Load Test	START	1696929828346
USER	WebSocket Load Test	START	1696929828346
USER	WebSocket Load Test	START	1696929828346
USER	WebSocket Load Test	START	1696929828346
USER	WebSocket Load Test	START	1696929828347
USER	WebSocket Load Test	START	1696929828347
USER	WebSocket Load Test	START	1696929828347
USER	WebSocket Load Test	START	1696929828347
USER	WebSocket Load Test	START	1696929828347
USER	WebSocket Load Test	START	1696929828347
USER	WebSocket Load Test	START	1696929828347
USER	WebSocket Load Test	START	1696929828336
USER	WebSocket Load Test	START	1696929828348
USER	WebSocket Load Test	START	1696929828348
USER	WebSocket Load Test	START	1696929828348
USER	WebSocket Load Test	START	1696929828348
USER	WebSocket Load Test	START	1696929828336
USER	WebSocket Load Test	START	1696929828348
USER	WebSocket Load Test	START	1696929828348
USER	WebSocket Load Test	START	1696929828348
USER	WebSocket Load Test	START	1696929828349
USER	WebSocket Load Test	START	1696929828349
USER	WebSocket Load Test	START	1696929828349
USER	WebSocket Load Test	START	1696929828349
USER	WebSocket Load Test	START	1696929828349
USER	WebSocket Load Test	START	1696929828349
USER	WebSocket Load Test	START	1696929828349
USER	WebSocket Load Test	START	1696929828349
USER	WebSocket Load Test	START	1696929828350
USER	WebSocket Load Test	START	1696929828350
USER	WebSocket Load Test	START	1696929828350
USER	WebSocket Load Test	START	1696929828350
USER	WebSocket Load Test	START	1696929828350
USER	WebSocket Load Test	START	1696929828350
USER	WebSocket Load Test	START	1696929828350
USER	WebSocket Load Test	START	1696929828350
USER	WebSocket Load Test	START	1696929828350
USER	WebSocket Load Test	START	1696929828350
USER	WebSocket Load Test	START	1696929828350
USER	WebSocket Load Test	START	1696929828351
USER	WebSocket Load Test	START	1696929828351
USER	WebSocket Load Test	START	1696929828351
USER	WebSocket Load Test	START	1696929828351
USER	WebSocket Load Test	START	1696929828351
USER	WebSocket Load Test	START	1696929828351
USER	WebSocket Load Test	START	1696929828351
USER	WebSocket Load Test	START	1696929828351
USER	WebSocket Load Test	START	1696929828351
USER	WebSocket Load Test	START	1696929828336
USER	WebSocket Load Test	START	1696929828336
USER	WebSocket Load Test	START	1696929828352
USER	WebSocket Load Test	START	1696929828352
USER	WebSocket Load Test	START	1696929828352
USER	WebSocket Load Test	START	1696929828352
USER	WebSocket Load Test	START	1696929828352
USER	WebSocket Load Test	START	1696929828352
USER	WebSocket Load Test	START	1696929828352
USER	WebSocket Load Test	START	1696929828353
USER	WebSocket Load Test	START	1696929828353
USER	WebSocket Load Test	START	1696929828353
USER	WebSocket Load Test	START	1696929828353
USER	WebSocket Load Test	START	1696929828353
USER	WebSocket Load Test	START	1696929828353
USER	WebSocket Load Test	START	1696929828354
USER	WebSocket Load Test	START	1696929828354
USER	WebSocket Load Test	START	1696929828354
USER	WebSocket Load Test	START	1696929828354
USER	WebSocket Load Test	START	1696929828354
USER	WebSocket Load Test	START	1696929828354
USER	WebSocket Load Test	START	1696929828354
USER	WebSocket Load Test	START	1696929828354
USER	WebSocket Load Test	START	1696929828354
USER	WebSocket Load Test	START	1696929828354
USER	WebSocket Load Test	START	1696929828355
USER	WebSocket Load Test	START	1696929828355
USER	WebSocket Load Test	START	1696929828355
USER	WebSocket Load Test	START	1696929828355
USER	WebSocket Load Test	START	1696929828355
USER	WebSocket Load Test	START	1696929828355
USER	WebSocket Load Test	START	1696929828355
USER	WebSocket Load Test	START	1696929828355
USER	WebSocket Load Test	START	1696929828355
USER	WebSocket Load Test	START	1696929828356
USER	WebSocket Load Test	START	1696929828356
USER	WebSocket Load Test	START	1696929828356
USER	WebSocket Load Test	START	1696929828356
USER	WebSocket Load Test	START	1696929828356
USER	WebSocket Load Test	START	1696929828356
USER	WebSocket Load Test	START	1696929828356
USER	WebSocket Load Test	START	1696929828356
USER	WebSocket Load Test	START	1696929828356
USER	WebSocket Load Test	START	1696929828357
USER	WebSocket Load Test	START	1696929828357
USER	WebSocket Load Test	START	1696929828357
USER	WebSocket Load Test	START	1696929828357
USER	WebSocket Load Test	START	1696929828357
USER	WebSocket Load Test	START	1696929828357
USER	WebSocket Load Test	START	1696929828357
USER	WebSocket Load Test	START	1696929828357
USER	WebSocket Load Test	START	1696929828357
USER	WebSocket Load Test	START	1696929828358
USER	WebSocket Load Test	START	1696929828358
USER	WebSocket Load Test	START	1696929828358
USER	WebSocket Load Test	START	1696929828358
USER	WebSocket Load Test	START	1696929828358
USER	WebSocket Load Test	START	1696929828358
USER	WebSocket Load Test	START	1696929828358
USER	WebSocket Load Test	START	1696929828358
USER	WebSocket Load Test	START	1696929828358
USER	WebSocket Load Test	START	1696929828358
USER	WebSocket Load Test	START	1696929828358
USER	WebSocket Load Test	START	1696929828359
USER	WebSocket Load Test	START	1696929828359
USER	WebSocket Load Test	START	1696929828359
USER	WebSocket Load Test	START	1696929828359
USER	WebSocket Load Test	START	1696929828359
USER	WebSocket Load Test	START	1696929828359
USER	WebSocket Load Test	START	1696929828359
USER	WebSocket Load Test	START	1696929828359
USER	WebSocket Load Test	START	1696929828359
USER	WebSocket Load Test	START	1696929828359
USER	WebSocket Load Test	START	1696929828359
USER	WebSocket Load Test	START	1696929828359
USER	WebSocket Load Test	START	1696929828359
USER	WebSocket Load Test	START	1696929828359
USER	WebSocket Load Test	START	1696929828360
USER	WebSocket Load Test	START	1696929828360
USER	WebSocket Load Test	START	1696929828360
USER	WebSocket Load Test	START	1696929828360
USER	WebSocket Load Test	START	1696929828360
USER	WebSocket Load Test	START	1696929828360
USER	WebSocket Load Test	START	1696929828360
USER	WebSocket Load Test	START	1696929828360
USER	WebSocket Load Test	START	1696929828360
USER	WebSocket Load Test	START	1696929828360
USER	WebSocket Load Test	START	1696929828361
USER	WebSocket Load Test	START	1696929828361
USER	WebSocket Load Test	START	1696929828361
USER	WebSocket Load Test	START	1696929828361
USER	WebSocket Load Test	START	1696929828361
USER	WebSocket Load Test	START	1696929828361
USER	WebSocket Load Test	START	1696929828361
USER	WebSocket Load Test	START	1696929828361
USER	WebSocket Load Test	START	1696929828361
USER	WebSocket Load Test	START	1696929828362
USER	WebSocket Load Test	START	1696929828362
USER	WebSocket Load Test	START	1696929828362
USER	WebSocket Load Test	START	1696929828362
USER	WebSocket Load Test	START	1696929828362
USER	WebSocket Load Test	START	1696929828362
USER	WebSocket Load Test	START	1696929828362
USER	WebSocket Load Test	START	1696929828362
USER	WebSocket Load Test	START	1696929828362
USER	WebSocket Load Test	START	1696929828361
USER	WebSocket Load Test	START	1696929828362
USER	WebSocket Load Test	START	1696929828362
USER	WebSocket Load Test	START	1696929828363
USER	WebSocket Load Test	START	1696929828362
USER	WebSocket Load Test	START	1696929828363
USER	WebSocket Load Test	START	1696929828363
USER	WebSocket Load Test	START	1696929828363
USER	WebSocket Load Test	START	1696929828363
USER	WebSocket Load Test	START	1696929828363
USER	WebSocket Load Test	START	1696929828364
USER	WebSocket Load Test	START	1696929828364
USER	WebSocket Load Test	START	1696929828364
USER	WebSocket Load Test	START	1696929828364
USER	WebSocket Load Test	START	1696929828364
USER	WebSocket Load Test	START	1696929828364
USER	WebSocket Load Test	START	1696929828364
USER	WebSocket Load Test	START	1696929828364
USER	WebSocket Load Test	START	1696929828364
USER	WebSocket Load Test	START	1696929828364
USER	WebSocket Load Test	START	1696929828364
USER	WebSocket Load Test	START	1696929828365
USER	WebSocket Load Test	START	1696929828365
USER	WebSocket Load Test	START	1696929828365
USER	WebSocket Load Test	START	1696929828365
USER	WebSocket Load Test	START	1696929828365
USER	WebSocket Load Test	START	1696929828365
USER	WebSocket Load Test	START	1696929828363
USER	WebSocket Load Test	START	1696929828365
USER	WebSocket Load Test	START	1696929828365
USER	WebSocket Load Test	START	1696929828365
USER	WebSocket Load Test	START	1696929828365
USER	WebSocket Load Test	START	1696929828365
USER	WebSocket Load Test	START	1696929828366
USER	WebSocket Load Test	START	1696929828366
USER	WebSocket Load Test	START	1696929828366
USER	WebSocket Load Test	START	1696929828366
USER	WebSocket Load Test	START	1696929828367
USER	WebSocket Load Test	START	1696929828367
USER	WebSocket Load Test	START	1696929828367
USER	WebSocket Load Test	START	1696929828367
USER	WebSocket Load Test	START	1696929828367
USER	WebSocket Load Test	START	1696929828367
USER	WebSocket Load Test	START	1696929828367
USER	WebSocket Load Test	START	1696929828368
USER	WebSocket Load Test	START	1696929828368
USER	WebSocket Load Test	START	1696929828368
USER	WebSocket Load Test	START	1696929828368
USER	WebSocket Load Test	START	1696929828368
USER	WebSocket Load Test	START	1696929828368
USER	WebSocket Load Test	START	1696929828368
USER	WebSocket Load Test	START	1696929828368
USER	WebSocket Load Test	START	1696929828369
USER	WebSocket Load Test	START	1696929828369
USER	WebSocket Load Test	START	1696929828369
USER	WebSocket Load Test	START	1696929828369
USER	WebSocket Load Test	START	1696929828369
USER	WebSocket Load Test	START	1696929828369
USER	WebSocket Load Test	START	1696929828369
USER	WebSocket Load Test	START	1696929828369
USER	WebSocket Load Test	START	1696929828370
USER	WebSocket Load Test	START	1696929828370
USER	WebSocket Load Test	START	1696929828370
USER	WebSocket Load Test	START	1696929828370
USER	WebSocket Load Test	START	1696929828370
USER	WebSocket Load Test	START	1696929828370
USER	WebSocket Load Test	START	1696929828370
USER	WebSocket Load Test	START	1696929828370
USER	WebSocket Load Test	START	1696929828371
USER	WebSocket Load Test	START	1696929828371
USER	WebSocket Load Test	START	1696929828371
USER	WebSocket Load Test	START	1696929828371
USER	WebSocket Load Test	START	1696929828371
USER	WebSocket Load Test	START	1696929828371
USER	WebSocket Load Test	START	1696929828371
USER	WebSocket Load Test	START	1696929828372
USER	WebSocket Load Test	START	1696929828372
USER	WebSocket Load Test	START	1696929828372
USER	WebSocket Load Test	START	1696929828372
USER	WebSocket Load Test	START	1696929828372
USER	WebSocket Load Test	START	1696929828372
USER	WebSocket Load Test	START	1696929828372
USER	WebSocket Load Test	START	1696929828372
USER	WebSocket Load Test	START	1696929828372
USER	WebSocket Load Test	START	1696929828372
USER	WebSocket Load Test	START	1696929828372
USER	WebSocket Load Test	START	1696929828373
USER	WebSocket Load Test	START	1696929828373
USER	WebSocket Load Test	START	1696929828373
USER	WebSocket Load Test	START	1696929828373
USER	WebSocket Load Test	START	1696929828373
USER	WebSocket Load Test	START	1696929828373
USER	WebSocket Load Test	START	1696929828373
USER	WebSocket Load Test	START	1696929828373
USER	WebSocket Load Test	START	1696929828373
USER	WebSocket Load Test	START	1696929828373
USER	WebSocket Load Test	START	1696929828374
USER	WebSocket Load Test	START	1696929828374
USER	WebSocket Load Test	START	1696929828374
USER	WebSocket Load Test	START	1696929828374
USER	WebSocket Load Test	START	1696929828374
USER	WebSocket Load Test	START	1696929828374
USER	WebSocket Load Test	START	1696929828374
USER	WebSocket Load Test	START	1696929828374
USER	WebSocket Load Test	START	1696929828374
USER	WebSocket Load Test	START	1696929828374
USER	WebSocket Load Test	START	1696929828375
USER	WebSocket Load Test	START	1696929828375
USER	WebSocket Load Test	START	1696929828375
USER	WebSocket Load Test	START	1696929828375
USER	WebSocket Load Test	START	1696929828375
USER	WebSocket Load Test	START	1696929828375
USER	WebSocket Load Test	START	1696929828375
USER	WebSocket Load Test	START	1696929828375
USER	WebSocket Load Test	START	1696929828375
USER	WebSocket Load Test	START	1696929828375
USER	WebSocket Load Test	START	1696929828375
USER	WebSocket Load Test	START	1696929828376
USER	WebSocket Load Test	START	1696929828376
USER	WebSocket Load Test	START	1696929828376
USER	WebSocket Load Test	START	1696929828376
USER	WebSocket Load Test	START	1696929828376
USER	WebSocket Load Test	START	1696929828376
USER	WebSocket Load Test	START	1696929828377
USER	WebSocket Load Test	START	1696929828377
USER	WebSocket Load Test	START	1696929828377
USER	WebSocket Load Test	START	1696929828377
USER	WebSocket Load Test	START	1696929828377
USER	WebSocket Load Test	START	1696929828378
USER	WebSocket Load Test	START	1696929828378
USER	WebSocket Load Test	START	1696929828378
USER	WebSocket Load Test	START	1696929828379
USER	WebSocket Load Test	START	1696929828379
USER	WebSocket Load Test	START	1696929828379
USER	WebSocket Load Test	START	1696929828379
USER	WebSocket Load Test	START	1696929828380
USER	WebSocket Load Test	START	1696929828380
USER	WebSocket Load Test	START	1696929828380
USER	WebSocket Load Test	START	1696929828380
USER	WebSocket Load Test	START	1696929828380
USER	WebSocket Load Test	START	1696929828380
USER	WebSocket Load Test	START	1696929828381
USER	WebSocket Load Test	START	1696929828381
USER	WebSocket Load Test	START	1696929828381
USER	WebSocket Load Test	START	1696929828381
USER	WebSocket Load Test	START	1696929828381
USER	WebSocket Load Test	START	1696929828381
USER	WebSocket Load Test	START	1696929828381
USER	WebSocket Load Test	START	1696929828382
USER	WebSocket Load Test	START	1696929828382
USER	WebSocket Load Test	START	1696929828382
USER	WebSocket Load Test	START	1696929828382
USER	WebSocket Load Test	START	1696929828382
USER	WebSocket Load Test	START	1696929828382
USER	WebSocket Load Test	START	1696929828382
USER	WebSocket Load Test	START	1696929828383
USER	WebSocket Load Test	START	1696929828383
USER	WebSocket Load Test	START	1696929828383
USER	WebSocket Load Test	START	1696929828383
USER	WebSocket Load Test	START	1696929828383
USER	WebSocket Load Test	START	1696929828383
USER	WebSocket Load Test	START	1696929828384
USER	WebSocket Load Test	START	1696929828384
USER	WebSocket Load Test	START	1696929828384
USER	WebSocket Load Test	START	1696929828384
USER	WebSocket Load Test	START	1696929828384
USER	WebSocket Load Test	START	1696929828384
USER	WebSocket Load Test	START	1696929828384
USER	WebSocket Load Test	START	1696929828384
USER	WebSocket Load Test	START	1696929828385
USER	WebSocket Load Test	START	1696929828385
USER	WebSocket Load Test	START	1696929828385
USER	WebSocket Load Test	START	1696929828385
USER	WebSocket Load Test	START	1696929828385
USER	WebSocket Load Test	START	1696929828385
USER	WebSocket Load Test	START	1696929828385
USER	WebSocket Load Test	START	1696929828385
USER	WebSocket Load Test	START	1696929828386
USER	WebSocket Load Test	START	1696929828386
USER	WebSocket Load Test	START	1696929828386
USER	WebSocket Load Test	START	1696929828386
USER	WebSocket Load Test	START	1696929828386
USER	WebSocket Load Test	START	1696929828386
USER	WebSocket Load Test	START	1696929828387
USER	WebSocket Load Test	START	1696929828387
USER	WebSocket Load Test	START	1696929828387
USER	WebSocket Load Test	START	1696929828387
USER	WebSocket Load Test	START	1696929828387
USER	WebSocket Load Test	START	1696929828388
USER	WebSocket Load Test	START	1696929828388
USER	WebSocket Load Test	START	1696929828388
USER	WebSocket Load Test	START	1696929828388
USER	WebSocket Load Test	START	1696929828388
USER	WebSocket Load Test	START	1696929828389
USER	WebSocket Load Test	START	1696929828389
USER	WebSocket Load Test	START	1696929828389
USER	WebSocket Load Test	START	1696929828390
USER	WebSocket Load Test	START	1696929828390
USER	WebSocket Load Test	START	1696929828390
USER	WebSocket Load Test	START	1696929828390
USER	WebSocket Load Test	START	1696929828391
USER	WebSocket Load Test	START	1696929828391
USER	WebSocket Load Test	START	1696929828391
USER	WebSocket Load Test	START	1696929828391
USER	WebSocket Load Test	START	1696929828391
USER	WebSocket Load Test	START	1696929828391
USER	WebSocket Load Test	START	1696929828392
USER	WebSocket Load Test	START	1696929828392
USER	WebSocket Load Test	START	1696929828392
USER	WebSocket Load Test	START	1696929828392
USER	WebSocket Load Test	START	1696929828392
USER	WebSocket Load Test	START	1696929828392
USER	WebSocket Load Test	START	1696929828393
USER	WebSocket Load Test	START	1696929828393
USER	WebSocket Load Test	START	1696929828393
USER	WebSocket Load Test	START	1696929828393
USER	WebSocket Load Test	START	1696929828393
USER	WebSocket Load Test	START	1696929828393
USER	WebSocket Load Test	START	1696929828393
USER	WebSocket Load Test	START	1696929828393
USER	WebSocket Load Test	START	1696929828393
USER	WebSocket Load Test	START	1696929828393
USER	WebSocket Load Test	START	1696929828394
USER	WebSocket Load Test	START	1696929828394
USER	WebSocket Load Test	START	1696929828394
USER	WebSocket Load Test	START	1696929828394
USER	WebSocket Load Test	START	1696929828394
USER	WebSocket Load Test	START	1696929828394
USER	WebSocket Load Test	START	1696929828395
USER	WebSocket Load Test	START	1696929828395
USER	WebSocket Load Test	START	1696929828395
USER	WebSocket Load Test	START	1696929828395
USER	WebSocket Load Test	START	1696929828395
USER	WebSocket Load Test	START	1696929828396
USER	WebSocket Load Test	START	1696929828396
USER	WebSocket Load Test	START	1696929828396
USER	WebSocket Load Test	START	1696929828396
USER	WebSocket Load Test	START	1696929828396
USER	WebSocket Load Test	START	1696929828397
USER	WebSocket Load Test	START	1696929828398
USER	WebSocket Load Test	START	1696929828400
USER	WebSocket Load Test	START	1696929828400
USER	WebSocket Load Test	START	1696929828400
USER	WebSocket Load Test	START	1696929828400
USER	WebSocket Load Test	START	1696929828400
USER	WebSocket Load Test	START	1696929828400
USER	WebSocket Load Test	START	1696929828401
USER	WebSocket Load Test	START	1696929828401
USER	WebSocket Load Test	START	1696929828401
USER	WebSocket Load Test	START	1696929828401
USER	WebSocket Load Test	START	1696929828402
USER	WebSocket Load Test	START	1696929828402
USER	WebSocket Load Test	START	1696929828402
USER	WebSocket Load Test	START	1696929828402
USER	WebSocket Load Test	START	1696929828402
USER	WebSocket Load Test	START	1696929828402
USER	WebSocket Load Test	START	1696929828402
USER	WebSocket Load Test	START	1696929828403
USER	WebSocket Load Test	START	1696929828403
USER	WebSocket Load Test	START	1696929828403
USER	WebSocket Load Test	START	1696929828403
USER	WebSocket Load Test	START	1696929828403
USER	WebSocket Load Test	START	1696929828403
USER	WebSocket Load Test	START	1696929828403
USER	WebSocket Load Test	START	1696929828403
USER	WebSocket Load Test	START	1696929828404
USER	WebSocket Load Test	START	1696929828404
USER	WebSocket Load Test	START	1696929828404
USER	WebSocket Load Test	START	1696929828404
USER	WebSocket Load Test	START	1696929828404
USER	WebSocket Load Test	START	1696929828405
REQUEST		WebSocket Connect	1696929828322	1696929829807	OK	 
REQUEST		WebSocket Connect	1696929828323	1696929829813	OK	 
REQUEST		WebSocket Connect	1696929828322	1696929829813	OK	 
USER	WebSocket Load Test	END	1696929829817
USER	WebSocket Load Test	END	1696929829817
USER	WebSocket Load Test	END	1696929829817
REQUEST		WebSocket Connect	1696929828339	1696929829821	OK	 
REQUEST		WebSocket Connect	1696929828341	1696929829821	OK	 
USER	WebSocket Load Test	END	1696929829821
USER	WebSocket Load Test	END	1696929829821
REQUEST		WebSocket Connect	1696929828340	1696929829822	OK	 
REQUEST		WebSocket Connect	1696929828337	1696929829822	OK	 
USER	WebSocket Load Test	END	1696929829823
USER	WebSocket Load Test	END	1696929829823
REQUEST		WebSocket Connect	1696929828338	1696929829823	OK	 
USER	WebSocket Load Test	END	1696929829823
REQUEST		WebSocket Connect	1696929828339	1696929829824	OK	 
USER	WebSocket Load Test	END	1696929829824
REQUEST		WebSocket Connect	1696929828341	1696929829834	OK	 
USER	WebSocket Load Test	END	1696929829835
REQUEST		WebSocket Connect	1696929828342	1696929830102	OK	 
USER	WebSocket Load Test	END	1696929830103
REQUEST		WebSocket Connect	1696929828323	1696929830104	OK	 
USER	WebSocket Load Test	END	1696929830105
REQUEST		WebSocket Connect	1696929828322	1696929831121	OK	 
USER	WebSocket Load Test	END	1696929831122
REQUEST		WebSocket Connect	1696929828338	1696929831169	OK	 
REQUEST		WebSocket Connect	1696929828349	1696929831169	OK	 
USER	WebSocket Load Test	END	1696929831170
USER	WebSocket Load Test	END	1696929831171
REQUEST		WebSocket Connect	1696929828337	1696929831172	OK	 
USER	WebSocket Load Test	END	1696929831173
REQUEST		WebSocket Connect	1696929828340	1696929832125	OK	 
USER	WebSocket Load Test	END	1696929832126
REQUEST		WebSocket Connect	1696929828342	1696929832195	OK	 
USER	WebSocket Load Test	END	1696929832196
REQUEST		WebSocket Connect	1696929828340	1696929832401	OK	 
REQUEST		WebSocket Connect	1696929828339	1696929832401	OK	 
REQUEST		WebSocket Connect	1696929828343	1696929832401	OK	 
USER	WebSocket Load Test	END	1696929832402
USER	WebSocket Load Test	END	1696929832402
USER	WebSocket Load Test	END	1696929832402
REQUEST		WebSocket Connect	1696929828343	1696929832403	OK	 
REQUEST		WebSocket Connect	1696929828339	1696929832404	OK	 
USER	WebSocket Load Test	END	1696929832404
USER	WebSocket Load Test	END	1696929832405
REQUEST		WebSocket Connect	1696929828341	1696929832406	OK	 
USER	WebSocket Load Test	END	1696929832407
REQUEST		WebSocket Connect	1696929828344	1696929833253	OK	 
USER	WebSocket Load Test	END	1696929833254
REQUEST		WebSocket Connect	1696929828344	1696929833258	OK	 
REQUEST		WebSocket Connect	1696929828352	1696929833258	OK	 
USER	WebSocket Load Test	END	1696929833258
USER	WebSocket Load Test	END	1696929833258
REQUEST		WebSocket Connect	1696929828345	1696929833259	OK	 
REQUEST		WebSocket Connect	1696929828351	1696929833259	OK	 
USER	WebSocket Load Test	END	1696929833259
USER	WebSocket Load Test	END	1696929833259
REQUEST		WebSocket Connect	1696929828341	1696929833324	OK	 
REQUEST		WebSocket Connect	1696929828352	1696929833324	OK	 
REQUEST		WebSocket Connect	1696929828346	1696929833325	OK	 
USER	WebSocket Load Test	END	1696929833325
USER	WebSocket Load Test	END	1696929833325
REQUEST		WebSocket Connect	1696929828342	1696929833325	OK	 
REQUEST		WebSocket Connect	1696929828353	1696929833325	OK	 
USER	WebSocket Load Test	END	1696929833325
USER	WebSocket Load Test	END	1696929833326
USER	WebSocket Load Test	END	1696929833326
REQUEST		WebSocket Connect	1696929828353	1696929833326	OK	 
REQUEST		WebSocket Connect	1696929828345	1696929833326	OK	 
REQUEST		WebSocket Connect	1696929828344	1696929833326	OK	 
USER	WebSocket Load Test	END	1696929833326
USER	WebSocket Load Test	END	1696929833327
USER	WebSocket Load Test	END	1696929833327
REQUEST		WebSocket Connect	1696929828343	1696929833331	OK	 
REQUEST		WebSocket Connect	1696929828347	1696929833331	OK	 
USER	WebSocket Load Test	END	1696929833332
USER	WebSocket Load Test	END	1696929833332
REQUEST		WebSocket Connect	1696929828342	1696929833332	OK	 
USER	WebSocket Load Test	END	1696929833333
REQUEST		WebSocket Connect	1696929828354	1696929834265	OK	 
USER	WebSocket Load Test	END	1696929834266
REQUEST		WebSocket Connect	1696929828343	1696929834298	OK	 
USER	WebSocket Load Test	END	1696929834299
REQUEST		WebSocket Connect	1696929828345	1696929834300	OK	 
USER	WebSocket Load Test	END	1696929834301
REQUEST		WebSocket Connect	1696929828354	1696929834303	OK	 
USER	WebSocket Load Test	END	1696929834304
REQUEST		WebSocket Connect	1696929828347	1696929834304	OK	 
REQUEST		WebSocket Connect	1696929828344	1696929834304	OK	 
USER	WebSocket Load Test	END	1696929834304
USER	WebSocket Load Test	END	1696929834304
REQUEST		WebSocket Connect	1696929828346	1696929834305	OK	 
REQUEST		WebSocket Connect	1696929828355	1696929834305	OK	 
USER	WebSocket Load Test	END	1696929834305
USER	WebSocket Load Test	END	1696929834305
REQUEST		WebSocket Connect	1696929828347	1696929834344	OK	 
USER	WebSocket Load Test	END	1696929834345
REQUEST		WebSocket Connect	1696929828356	1696929834347	OK	 
USER	WebSocket Load Test	END	1696929834347
REQUEST		WebSocket Connect	1696929828346	1696929834347	OK	 
USER	WebSocket Load Test	END	1696929834348
REQUEST		WebSocket Connect	1696929828358	1696929834354	OK	 
REQUEST		WebSocket Connect	1696929828350	1696929834354	OK	 
USER	WebSocket Load Test	END	1696929834355
USER	WebSocket Load Test	END	1696929834355
REQUEST		WebSocket Connect	1696929828359	1696929834359	OK	 
USER	WebSocket Load Test	END	1696929834359
REQUEST		WebSocket Connect	1696929828354	1696929834446	OK	 
REQUEST		WebSocket Connect	1696929828356	1696929834446	OK	 
USER	WebSocket Load Test	END	1696929834447
USER	WebSocket Load Test	END	1696929834447
REQUEST		WebSocket Connect	1696929828356	1696929834448	OK	 
REQUEST		WebSocket Connect	1696929828346	1696929834448	OK	 
REQUEST		WebSocket Connect	1696929828353	1696929834448	OK	 
USER	WebSocket Load Test	END	1696929834448
USER	WebSocket Load Test	END	1696929834448
USER	WebSocket Load Test	END	1696929834448
REQUEST		WebSocket Connect	1696929828355	1696929834449	OK	 
REQUEST		WebSocket Connect	1696929828350	1696929834449	OK	 
USER	WebSocket Load Test	END	1696929834449
USER	WebSocket Load Test	END	1696929834449
REQUEST		WebSocket Connect	1696929828357	1696929834449	OK	 
REQUEST		WebSocket Connect	1696929828345	1696929834449	OK	 
USER	WebSocket Load Test	END	1696929834450
USER	WebSocket Load Test	END	1696929834450
REQUEST		WebSocket Connect	1696929828347	1696929834450	OK	 
USER	WebSocket Load Test	END	1696929834450
REQUEST		WebSocket Connect	1696929828347	1696929834450	OK	 
USER	WebSocket Load Test	END	1696929834451
REQUEST		WebSocket Connect	1696929828348	1696929834451	OK	 
USER	WebSocket Load Test	END	1696929834451
REQUEST		WebSocket Connect	1696929828350	1696929834451	OK	 
USER	WebSocket Load Test	END	1696929834452
REQUEST		WebSocket Connect	1696929828352	1696929834452	OK	 
USER	WebSocket Load Test	END	1696929834452
REQUEST		WebSocket Connect	1696929828353	1696929834452	OK	 
USER	WebSocket Load Test	END	1696929834453
REQUEST		WebSocket Connect	1696929828349	1696929834453	OK	 
USER	WebSocket Load Test	END	1696929834453
REQUEST		WebSocket Connect	1696929828355	1696929834459	OK	 
USER	WebSocket Load Test	END	1696929834459
REQUEST		WebSocket Connect	1696929828356	1696929834460	OK	 
USER	WebSocket Load Test	END	1696929834460
REQUEST		WebSocket Connect	1696929828357	1696929835315	OK	 
USER	WebSocket Load Test	END	1696929835316
REQUEST		WebSocket Connect	1696929828364	1696929835317	OK	 
USER	WebSocket Load Test	END	1696929835318
REQUEST		WebSocket Connect	1696929828356	1696929835321	OK	 
USER	WebSocket Load Test	END	1696929835321
REQUEST		WebSocket Connect	1696929828352	1696929835329	OK	 
REQUEST		WebSocket Connect	1696929828360	1696929835329	OK	 
USER	WebSocket Load Test	END	1696929835329
USER	WebSocket Load Test	END	1696929835329
REQUEST		WebSocket Connect	1696929828360	1696929835333	OK	 
USER	WebSocket Load Test	END	1696929835334
REQUEST		WebSocket Connect	1696929828358	1696929835347	OK	 
USER	WebSocket Load Test	END	1696929835347
REQUEST		WebSocket Connect	1696929828362	1696929835355	OK	 
USER	WebSocket Load Test	END	1696929835355
REQUEST		WebSocket Connect	1696929828385	1696929835367	OK	 
USER	WebSocket Load Test	END	1696929835368
REQUEST		WebSocket Connect	1696929828365	1696929835369	OK	 
USER	WebSocket Load Test	END	1696929835370
REQUEST		WebSocket Connect	1696929828391	1696929835375	OK	 
REQUEST		WebSocket Connect	1696929828363	1696929835375	OK	 
REQUEST		WebSocket Connect	1696929828353	1696929835375	OK	 
USER	WebSocket Load Test	END	1696929835376
USER	WebSocket Load Test	END	1696929835376
USER	WebSocket Load Test	END	1696929835376
REQUEST		WebSocket Connect	1696929828390	1696929835380	OK	 
USER	WebSocket Load Test	END	1696929835381
REQUEST		WebSocket Connect	1696929828386	1696929835392	OK	 
USER	WebSocket Load Test	END	1696929835393
REQUEST		WebSocket Connect	1696929828365	1696929835408	OK	 
USER	WebSocket Load Test	END	1696929835409
REQUEST		WebSocket Connect	1696929828392	1696929835413	OK	 
USER	WebSocket Load Test	END	1696929835413
REQUEST		WebSocket Connect	1696929828392	1696929835427	OK	 
REQUEST		WebSocket Connect	1696929828369	1696929835427	OK	 
USER	WebSocket Load Test	END	1696929835427
USER	WebSocket Load Test	END	1696929835427
REQUEST		WebSocket Connect	1696929828394	1696929835434	OK	 
USER	WebSocket Load Test	END	1696929835439
REQUEST		WebSocket Connect	1696929828400	1696929835444	OK	 
REQUEST		WebSocket Connect	1696929828397	1696929835444	OK	 
USER	WebSocket Load Test	END	1696929835445
USER	WebSocket Load Test	END	1696929835445
REQUEST		WebSocket Connect	1696929828400	1696929835447	OK	 
USER	WebSocket Load Test	END	1696929835447
REQUEST		WebSocket Connect	1696929828396	1696929835474	OK	 
USER	WebSocket Load Test	END	1696929835474
REQUEST		WebSocket Connect	1696929828401	1696929835475	OK	 
USER	WebSocket Load Test	END	1696929835476
REQUEST		WebSocket Connect	1696929828402	1696929835490	OK	 
USER	WebSocket Load Test	END	1696929835491
REQUEST		WebSocket Connect	1696929828374	1696929835492	OK	 
REQUEST		WebSocket Connect	1696929828400	1696929835492	OK	 
USER	WebSocket Load Test	END	1696929835493
USER	WebSocket Load Test	END	1696929835493
REQUEST		WebSocket Connect	1696929828403	1696929835521	OK	 
USER	WebSocket Load Test	END	1696929835522
REQUEST		WebSocket Connect	1696929828391	1696929835524	OK	 
REQUEST		WebSocket Connect	1696929828364	1696929835524	OK	 
USER	WebSocket Load Test	END	1696929835525
USER	WebSocket Load Test	END	1696929835525
REQUEST		WebSocket Connect	1696929828389	1696929835527	OK	 
USER	WebSocket Load Test	END	1696929835528
REQUEST		WebSocket Connect	1696929828393	1696929836600	OK	 
REQUEST		WebSocket Connect	1696929828396	1696929836600	OK	 
USER	WebSocket Load Test	END	1696929836601
USER	WebSocket Load Test	END	1696929836601
REQUEST		WebSocket Connect	1696929828394	1696929836602	OK	 
USER	WebSocket Load Test	END	1696929836603
REQUEST		WebSocket Connect	1696929828371	1696929836692	OK	 
USER	WebSocket Load Test	END	1696929836693
REQUEST		WebSocket Connect	1696929828401	1696929836906	OK	 
USER	WebSocket Load Test	END	1696929836907
REQUEST		WebSocket Connect	1696929828375	1696929836908	OK	 
USER	WebSocket Load Test	END	1696929836909
REQUEST		WebSocket Connect	1696929828402	1696929836914	OK	 
USER	WebSocket Load Test	END	1696929836915
REQUEST		WebSocket Connect	1696929828403	1696929836918	OK	 
USER	WebSocket Load Test	END	1696929836919
REQUEST		WebSocket Connect	1696929828404	1696929836919	OK	 
USER	WebSocket Load Test	END	1696929836919
REQUEST		WebSocket Connect	1696929828374	1696929836921	OK	 
USER	WebSocket Load Test	END	1696929836921
REQUEST		WebSocket Connect	1696929828404	1696929836926	OK	 
USER	WebSocket Load Test	END	1696929836927
REQUEST		WebSocket Connect	1696929828403	1696929836932	OK	 
USER	WebSocket Load Test	END	1696929836933
REQUEST		WebSocket Connect	1696929828403	1696929836935	OK	 
USER	WebSocket Load Test	END	1696929836936
REQUEST		WebSocket Connect	1696929828382	1696929836940	OK	 
USER	WebSocket Load Test	END	1696929836941
REQUEST		WebSocket Connect	1696929828403	1696929836971	OK	 
USER	WebSocket Load Test	END	1696929836971
REQUEST		WebSocket Connect	1696929828383	1696929836983	OK	 
USER	WebSocket Load Test	END	1696929836984
REQUEST		WebSocket Connect	1696929828384	1696929836985	OK	 
USER	WebSocket Load Test	END	1696929836986
REQUEST		WebSocket Connect	1696929828398	1696929836988	OK	 
USER	WebSocket Load Test	END	1696929836988
REQUEST		WebSocket Connect	1696929828401	1696929836989	OK	 
USER	WebSocket Load Test	END	1696929836990
REQUEST		WebSocket Connect	1696929828393	1696929836991	OK	 
REQUEST		WebSocket Connect	1696929828384	1696929836991	OK	 
USER	WebSocket Load Test	END	1696929836992
USER	WebSocket Load Test	END	1696929836992
REQUEST		WebSocket Connect	1696929828402	1696929836997	OK	 
USER	WebSocket Load Test	END	1696929836997
REQUEST		WebSocket Connect	1696929828405	1696929837014	OK	 
USER	WebSocket Load Test	END	1696929837014
REQUEST		WebSocket Connect	1696929828403	1696929837083	OK	 
USER	WebSocket Load Test	END	1696929837084
REQUEST		WebSocket Connect	1696929828394	1696929837093	OK	 
USER	WebSocket Load Test	END	1696929837094
REQUEST		WebSocket Connect	1696929828372	1696929837213	OK	 
USER	WebSocket Load Test	END	1696929837214
REQUEST		WebSocket Connect	1696929828393	1696929837214	OK	 
USER	WebSocket Load Test	END	1696929837215
REQUEST		WebSocket Connect	1696929828389	1696929837326	OK	 
REQUEST		WebSocket Connect	1696929828396	1696929837326	OK	 
USER	WebSocket Load Test	END	1696929837327
USER	WebSocket Load Test	END	1696929837327
REQUEST		WebSocket Connect	1696929828403	1696929837328	OK	 
USER	WebSocket Load Test	END	1696929837329
REQUEST		WebSocket Connect	1696929828349	1696929838436	KO	i.n.h.s.SslHandshakeTimeoutException: handshake timed out after 10000ms
REQUEST		WebSocket Connect	1696929828357	1696929838436	KO	i.n.h.s.SslHandshakeTimeoutException: handshake timed out after 10000ms
USER	WebSocket Load Test	END	1696929838441
USER	WebSocket Load Test	END	1696929838441
REQUEST		WebSocket Connect	1696929828358	1696929838442	KO	i.n.h.s.SslHandshakeTimeoutException: handshake timed out after 10000ms
REQUEST		WebSocket Connect	1696929828354	1696929838442	KO	i.n.h.s.SslHandshakeTimeoutException: handshake timed out after 10000ms
USER	WebSocket Load Test	END	1696929838443
USER	WebSocket Load Test	END	1696929838443
REQUEST		WebSocket Connect	1696929828355	1696929838443	KO	i.n.h.s.SslHandshakeTimeoutException: handshake timed out after 10000ms
REQUEST		WebSocket Connect	1696929828359	1696929838443	KO	i.n.h.s.SslHandshakeTimeoutException: handshake timed out after 10000ms
USER	WebSocket Load Test	END	1696929838444
USER	WebSocket Load Test	END	1696929838445
REQUEST		WebSocket Connect	1696929828355	1696929838444	KO	i.n.h.s.SslHandshakeTimeoutException: handshake timed out after 10000ms
REQUEST		WebSocket Connect	1696929828360	1696929838445	KO	i.n.h.s.SslHandshakeTimeoutException: handshake timed out after 10000ms
USER	WebSocket Load Test	END	1696929838445
USER	WebSocket Load Test	END	1696929838446
REQUEST		WebSocket Connect	1696929828357	1696929838446	KO	i.n.h.s.SslHandshakeTimeoutException: handshake timed out after 10000ms
REQUEST		WebSocket Connect	1696929828361	1696929838446	KO	i.n.h.s.SslHandshakeTimeoutException: handshake timed out after 10000ms
USER	WebSocket Load Test	END	1696929838447
USER	WebSocket Load Test	END	1696929838447
REQUEST		WebSocket Connect	1696929828347	1696929838452	KO	i.n.h.s.SslHandshakeTimeoutException: handshake timed out after 10000ms
REQUEST		WebSocket Connect	1696929828362	1696929838452	KO	i.n.h.s.SslHandshakeTimeoutException: handshake timed out after 10000ms
USER	WebSocket Load Test	END	1696929838453
USER	WebSocket Load Test	END	1696929838453
REQUEST		WebSocket Connect	1696929828349	1696929838453	KO	i.n.h.s.SslHandshakeTimeoutException: handshake timed out after 10000ms
USER	WebSocket Load Test	END	1696929838454
REQUEST		WebSocket Connect	1696929828350	1696929838454	KO	i.n.h.s.SslHandshakeTimeoutException: handshake timed out after 10000ms
USER	WebSocket Load Test	END	1696929838454
REQUEST		WebSocket Connect	1696929828351	1696929838454	KO	i.n.h.s.SslHandshakeTimeoutException: handshake timed out after 10000ms
USER	WebSocket Load Test	END	1696929838455
REQUEST		WebSocket Connect	1696929828387	1696929838498	KO	i.n.h.s.SslHandshakeTimeoutException: handshake timed out after 10000ms
REQUEST		WebSocket Connect	1696929828367	1696929838498	KO	i.n.h.s.SslHandshakeTimeoutException: handshake timed out after 10000ms
REQUEST		WebSocket Connect	1696929828401	1696929838498	KO	i.n.h.s.SslHandshakeTimeoutException: handshake timed out after 10000ms
USER	WebSocket Load Test	END	1696929838499
USER	WebSocket Load Test	END	1696929838499
USER	WebSocket Load Test	END	1696929838499
REQUEST		WebSocket Connect	1696929828402	1696929838499	KO	i.n.h.s.SslHandshakeTimeoutException: handshake timed out after 10000ms
REQUEST		WebSocket Connect	1696929828393	1696929838499	KO	i.n.h.s.SslHandshakeTimeoutException: handshake timed out after 10000ms
USER	WebSocket Load Test	END	1696929838500
USER	WebSocket Load Test	END	1696929838500
REQUEST		WebSocket Connect	1696929828396	1696929838501	KO	i.n.h.s.SslHandshakeTimeoutException: handshake timed out after 10000ms
USER	WebSocket Load Test	END	1696929838501
REQUEST		WebSocket Connect	1696929828401	1696929838502	KO	i.n.h.s.SslHandshakeTimeoutException: handshake timed out after 10000ms
USER	WebSocket Load Test	END	1696929838502
REQUEST		WebSocket Connect	1696929828402	1696929838514	KO	i.n.h.s.SslHandshakeTimeoutException: handshake timed out after 10000ms
REQUEST		WebSocket Connect	1696929828381	1696929838513	KO	i.n.h.s.SslHandshakeTimeoutException: handshake timed out after 10000ms
USER	WebSocket Load Test	END	1696929838514
USER	WebSocket Load Test	END	1696929838514
REQUEST		WebSocket Connect	1696929828386	1696929838515	KO	i.n.h.s.SslHandshakeTimeoutException: handshake timed out after 10000ms
REQUEST		WebSocket Connect	1696929828403	1696929838515	KO	i.n.h.s.SslHandshakeTimeoutException: handshake timed out after 10000ms
USER	WebSocket Load Test	END	1696929838515
USER	WebSocket Load Test	END	1696929838515
REQUEST		WebSocket Connect	1696929828388	1696929838516	KO	i.n.h.s.SslHandshakeTimeoutException: handshake timed out after 10000ms
USER	WebSocket Load Test	END	1696929838516
REQUEST		WebSocket Connect	1696929828390	1696929838516	KO	i.n.h.s.SslHandshakeTimeoutException: handshake timed out after 10000ms
USER	WebSocket Load Test	END	1696929838517
REQUEST		WebSocket Connect	1696929828395	1696929838517	KO	i.n.h.s.SslHandshakeTimeoutException: handshake timed out after 10000ms
USER	WebSocket Load Test	END	1696929838517
REQUEST		WebSocket Connect	1696929828401	1696929838518	KO	i.n.h.s.SslHandshakeTimeoutException: handshake timed out after 10000ms
USER	WebSocket Load Test	END	1696929838518
REQUEST		WebSocket Connect	1696929828402	1696929838518	KO	i.n.h.s.SslHandshakeTimeoutException: handshake timed out after 10000ms
USER	WebSocket Load Test	END	1696929838519
REQUEST		WebSocket Connect	1696929828404	1696929838519	KO	i.n.h.s.SslHandshakeTimeoutException: handshake timed out after 10000ms
USER	WebSocket Load Test	END	1696929838520
REQUEST		WebSocket Connect	1696929828350	1696929839211	OK	 
USER	WebSocket Load Test	END	1696929839211
REQUEST		WebSocket Connect	1696929828358	1696929839225	OK	 
USER	WebSocket Load Test	END	1696929839226
REQUEST		WebSocket Connect	1696929828323	1696929839226	OK	 
USER	WebSocket Load Test	END	1696929839226
REQUEST		WebSocket Connect	1696929828359	1696929839227	OK	 
USER	WebSocket Load Test	END	1696929839227
REQUEST		WebSocket Connect	1696929828349	1696929839240	OK	 
USER	WebSocket Load Test	END	1696929839241
REQUEST		WebSocket Connect	1696929828351	1696929839252	OK	 
REQUEST		WebSocket Connect	1696929828355	1696929839252	OK	 
USER	WebSocket Load Test	END	1696929839252
USER	WebSocket Load Test	END	1696929839252
REQUEST		WebSocket Connect	1696929828345	1696929839253	OK	 
USER	WebSocket Load Test	END	1696929839253
REQUEST		WebSocket Connect	1696929828353	1696929839362	OK	 
USER	WebSocket Load Test	END	1696929839363
REQUEST		WebSocket Connect	1696929828354	1696929839364	OK	 
REQUEST		WebSocket Connect	1696929828352	1696929839364	OK	 
USER	WebSocket Load Test	END	1696929839365
USER	WebSocket Load Test	END	1696929839365
REQUEST		WebSocket Connect	1696929828341	1696929839401	OK	 
USER	WebSocket Load Test	END	1696929839402
REQUEST		WebSocket Connect	1696929828322	1696929839431	KO	i.n.h.s.SslHandshakeTimeoutException: handshake timed out after 10000ms
USER	WebSocket Load Test	END	1696929839432
REQUEST		WebSocket Connect	1696929828360	1696929839434	KO	i.n.h.s.SslHandshakeTimeoutException: handshake timed out after 10000ms
USER	WebSocket Load Test	END	1696929839434
REQUEST		WebSocket Connect	1696929828360	1696929839435	KO	i.n.h.s.SslHandshakeTimeoutException: handshake timed out after 10000ms
REQUEST		WebSocket Connect	1696929828340	1696929839435	OK	 
USER	WebSocket Load Test	END	1696929839435
USER	WebSocket Load Test	END	1696929839435
REQUEST		WebSocket Connect	1696929828341	1696929839435	KO	i.n.h.s.SslHandshakeTimeoutException: handshake timed out after 10000ms
USER	WebSocket Load Test	END	1696929839436
REQUEST		WebSocket Connect	1696929828342	1696929839436	KO	i.n.h.s.SslHandshakeTimeoutException: handshake timed out after 10000ms
REQUEST		WebSocket Connect	1696929828360	1696929839436	KO	i.n.h.s.SslHandshakeTimeoutException: handshake timed out after 10000ms
USER	WebSocket Load Test	END	1696929839436
USER	WebSocket Load Test	END	1696929839437
REQUEST		WebSocket Connect	1696929828342	1696929839437	KO	i.n.h.s.SslHandshakeTimeoutException: handshake timed out after 10000ms
USER	WebSocket Load Test	END	1696929839437
REQUEST		WebSocket Connect	1696929828342	1696929839437	KO	i.n.h.s.SslHandshakeTimeoutException: handshake timed out after 10000ms
REQUEST		WebSocket Connect	1696929828361	1696929839438	KO	i.n.h.s.SslHandshakeTimeoutException: handshake timed out after 10000ms
USER	WebSocket Load Test	END	1696929839438
USER	WebSocket Load Test	END	1696929839438
REQUEST		WebSocket Connect	1696929828369	1696929839438	KO	i.n.h.s.SslHandshakeTimeoutException: handshake timed out after 10000ms
REQUEST		WebSocket Connect	1696929828343	1696929839438	KO	i.n.h.s.SslHandshakeTimeoutException: handshake timed out after 10000ms
USER	WebSocket Load Test	END	1696929839439
USER	WebSocket Load Test	END	1696929839439
REQUEST		WebSocket Connect	1696929828343	1696929839439	KO	i.n.h.s.SslHandshakeTimeoutException: handshake timed out after 10000ms
REQUEST		WebSocket Connect	1696929828375	1696929839439	KO	i.n.h.s.SslHandshakeTimeoutException: handshake timed out after 10000ms
USER	WebSocket Load Test	END	1696929839439
USER	WebSocket Load Test	END	1696929839439
REQUEST		WebSocket Connect	1696929828344	1696929839440	KO	i.n.h.s.SslHandshakeTimeoutException: handshake timed out after 10000ms
USER	WebSocket Load Test	END	1696929839440
REQUEST		WebSocket Connect	1696929828344	1696929839441	KO	i.n.h.s.SslHandshakeTimeoutException: handshake timed out after 10000ms
USER	WebSocket Load Test	END	1696929839441
REQUEST		WebSocket Connect	1696929828345	1696929839442	KO	i.n.h.s.SslHandshakeTimeoutException: handshake timed out after 10000ms
USER	WebSocket Load Test	END	1696929839442
REQUEST		WebSocket Connect	1696929828359	1696929839447	KO	i.n.h.s.SslHandshakeTimeoutException: handshake timed out after 10000ms
REQUEST		WebSocket Connect	1696929828361	1696929839447	KO	i.n.h.s.SslHandshakeTimeoutException: handshake timed out after 10000ms
REQUEST		WebSocket Connect	1696929828383	1696929839447	KO	i.n.h.s.SslHandshakeTimeoutException: handshake timed out after 10000ms
REQUEST		WebSocket Connect	1696929828354	1696929839447	KO	i.n.h.s.SslHandshakeTimeoutException: handshake timed out after 10000ms
REQUEST		WebSocket Connect	1696929828346	1696929839447	KO	i.n.h.s.SslHandshakeTimeoutException: handshake timed out after 10000ms
USER	WebSocket Load Test	END	1696929839447
USER	WebSocket Load Test	END	1696929839447
USER	WebSocket Load Test	END	1696929839447
USER	WebSocket Load Test	END	1696929839447
REQUEST		WebSocket Connect	1696929828346	1696929839447	KO	i.n.h.s.SslHandshakeTimeoutException: handshake timed out after 10000ms
REQUEST		WebSocket Connect	1696929828384	1696929839447	KO	i.n.h.s.SslHandshakeTimeoutException: handshake timed out after 10000ms
REQUEST		WebSocket Connect	1696929828360	1696929839447	KO	i.n.h.s.SslHandshakeTimeoutException: handshake timed out after 10000ms
REQUEST		WebSocket Connect	1696929828354	1696929839447	KO	i.n.h.s.SslHandshakeTimeoutException: handshake timed out after 10000ms
USER	WebSocket Load Test	END	1696929839448
REQUEST		WebSocket Connect	1696929828362	1696929839448	KO	i.n.h.s.SslHandshakeTimeoutException: handshake timed out after 10000ms
USER	WebSocket Load Test	END	1696929839448
USER	WebSocket Load Test	END	1696929839448
USER	WebSocket Load Test	END	1696929839448
REQUEST		WebSocket Connect	1696929828361	1696929839448	KO	i.n.h.s.SslHandshakeTimeoutException: handshake timed out after 10000ms
REQUEST		WebSocket Connect	1696929828355	1696929839448	KO	i.n.h.s.SslHandshakeTimeoutException: handshake timed out after 10000ms
REQUEST		WebSocket Connect	1696929828363	1696929839448	KO	i.n.h.s.SslHandshakeTimeoutException: handshake timed out after 10000ms
USER	WebSocket Load Test	END	1696929839448
USER	WebSocket Load Test	END	1696929839448
USER	WebSocket Load Test	END	1696929839448
REQUEST		WebSocket Connect	1696929828364	1696929839448	KO	i.n.h.s.SslHandshakeTimeoutException: handshake timed out after 10000ms
REQUEST		WebSocket Connect	1696929828373	1696929839448	KO	i.n.h.s.SslHandshakeTimeoutException: handshake timed out after 10000ms
USER	WebSocket Load Test	END	1696929839449
REQUEST		WebSocket Connect	1696929828355	1696929839449	KO	i.n.h.s.SslHandshakeTimeoutException: handshake timed out after 10000ms
REQUEST		WebSocket Connect	1696929828347	1696929839449	KO	i.n.h.s.SslHandshakeTimeoutException: handshake timed out after 10000ms
USER	WebSocket Load Test	END	1696929839449
REQUEST		WebSocket Connect	1696929828371	1696929839449	KO	i.n.h.s.SslHandshakeTimeoutException: handshake timed out after 10000ms
USER	WebSocket Load Test	END	1696929839449
USER	WebSocket Load Test	END	1696929839449
REQUEST		WebSocket Connect	1696929828368	1696929839449	KO	i.n.h.s.SslHandshakeTimeoutException: handshake timed out after 10000ms
USER	WebSocket Load Test	END	1696929839449
REQUEST		WebSocket Connect	1696929828355	1696929839449	KO	i.n.h.s.SslHandshakeTimeoutException: handshake timed out after 10000ms
USER	WebSocket Load Test	END	1696929839449
USER	WebSocket Load Test	END	1696929839449
REQUEST		WebSocket Connect	1696929828347	1696929839450	KO	i.n.h.s.SslHandshakeTimeoutException: handshake timed out after 10000ms
USER	WebSocket Load Test	END	1696929839450
REQUEST		WebSocket Connect	1696929828375	1696929839450	KO	i.n.h.s.SslHandshakeTimeoutException: handshake timed out after 10000ms
REQUEST		WebSocket Connect	1696929828374	1696929839450	KO	i.n.h.s.SslHandshakeTimeoutException: handshake timed out after 10000ms
USER	WebSocket Load Test	END	1696929839450
REQUEST		WebSocket Connect	1696929828356	1696929839450	KO	i.n.h.s.SslHandshakeTimeoutException: handshake timed out after 10000ms
USER	WebSocket Load Test	END	1696929839450
USER	WebSocket Load Test	END	1696929839450
REQUEST		WebSocket Connect	1696929828349	1696929839450	KO	i.n.h.s.SslHandshakeTimeoutException: handshake timed out after 10000ms
USER	WebSocket Load Test	END	1696929839450
REQUEST		WebSocket Connect	1696929828347	1696929839450	KO	i.n.h.s.SslHandshakeTimeoutException: handshake timed out after 10000ms
REQUEST		WebSocket Connect	1696929828356	1696929839451	KO	i.n.h.s.SslHandshakeTimeoutException: handshake timed out after 10000ms
USER	WebSocket Load Test	END	1696929839451
USER	WebSocket Load Test	END	1696929839451
REQUEST		WebSocket Connect	1696929828350	1696929839451	KO	i.n.h.s.SslHandshakeTimeoutException: handshake timed out after 10000ms
USER	WebSocket Load Test	END	1696929839451
USER	WebSocket Load Test	END	1696929839451
REQUEST		WebSocket Connect	1696929828348	1696929839451	KO	i.n.h.s.SslHandshakeTimeoutException: handshake timed out after 10000ms
REQUEST		WebSocket Connect	1696929828357	1696929839451	KO	i.n.h.s.SslHandshakeTimeoutException: handshake timed out after 10000ms
USER	WebSocket Load Test	END	1696929839452
USER	WebSocket Load Test	END	1696929839452
USER	WebSocket Load Test	END	1696929839452
REQUEST		WebSocket Connect	1696929828350	1696929839452	KO	i.n.h.s.SslHandshakeTimeoutException: handshake timed out after 10000ms
REQUEST		WebSocket Connect	1696929828357	1696929839452	KO	i.n.h.s.SslHandshakeTimeoutException: handshake timed out after 10000ms
REQUEST		WebSocket Connect	1696929828349	1696929839452	KO	i.n.h.s.SslHandshakeTimeoutException: handshake timed out after 10000ms
USER	WebSocket Load Test	END	1696929839452
USER	WebSocket Load Test	END	1696929839452
USER	WebSocket Load Test	END	1696929839452
REQUEST		WebSocket Connect	1696929828350	1696929839452	KO	i.n.h.s.SslHandshakeTimeoutException: handshake timed out after 10000ms
REQUEST		WebSocket Connect	1696929828357	1696929839453	KO	i.n.h.s.SslHandshakeTimeoutException: handshake timed out after 10000ms
USER	WebSocket Load Test	END	1696929839453
REQUEST		WebSocket Connect	1696929828350	1696929839453	KO	i.n.h.s.SslHandshakeTimeoutException: handshake timed out after 10000ms
USER	WebSocket Load Test	END	1696929839453
REQUEST		WebSocket Connect	1696929828351	1696929839453	KO	i.n.h.s.SslHandshakeTimeoutException: handshake timed out after 10000ms
USER	WebSocket Load Test	END	1696929839453
USER	WebSocket Load Test	END	1696929839453
REQUEST		WebSocket Connect	1696929828358	1696929839454	KO	i.n.h.s.SslHandshakeTimeoutException: handshake timed out after 10000ms
REQUEST		WebSocket Connect	1696929828354	1696929839454	KO	i.n.h.s.SslHandshakeTimeoutException: handshake timed out after 10000ms
USER	WebSocket Load Test	END	1696929839454
USER	WebSocket Load Test	END	1696929839454
REQUEST		WebSocket Connect	1696929828356	1696929839455	KO	i.n.h.s.SslHandshakeTimeoutException: handshake timed out after 10000ms
REQUEST		WebSocket Connect	1696929828358	1696929839455	KO	i.n.h.s.SslHandshakeTimeoutException: handshake timed out after 10000ms
USER	WebSocket Load Test	END	1696929839455
USER	WebSocket Load Test	END	1696929839455
REQUEST		WebSocket Connect	1696929828359	1696929839455	KO	i.n.h.s.SslHandshakeTimeoutException: handshake timed out after 10000ms
REQUEST		WebSocket Connect	1696929828359	1696929839455	KO	i.n.h.s.SslHandshakeTimeoutException: handshake timed out after 10000ms
USER	WebSocket Load Test	END	1696929839456
USER	WebSocket Load Test	END	1696929839456
REQUEST		WebSocket Connect	1696929828361	1696929839456	KO	i.n.h.s.SslHandshakeTimeoutException: handshake timed out after 10000ms
REQUEST		WebSocket Connect	1696929828359	1696929839456	KO	i.n.h.s.SslHandshakeTimeoutException: handshake timed out after 10000ms
USER	WebSocket Load Test	END	1696929839457
USER	WebSocket Load Test	END	1696929839457
REQUEST		WebSocket Connect	1696929828360	1696929839457	KO	i.n.h.s.SslHandshakeTimeoutException: handshake timed out after 10000ms
REQUEST		WebSocket Connect	1696929828374	1696929839457	KO	i.n.h.s.SslHandshakeTimeoutException: handshake timed out after 10000ms
USER	WebSocket Load Test	END	1696929839457
USER	WebSocket Load Test	END	1696929839457
REQUEST		WebSocket Connect	1696929828360	1696929839457	KO	i.n.h.s.SslHandshakeTimeoutException: handshake timed out after 10000ms
REQUEST		WebSocket Connect	1696929828378	1696929839457	KO	i.n.h.s.SslHandshakeTimeoutException: handshake timed out after 10000ms
USER	WebSocket Load Test	END	1696929839457
USER	WebSocket Load Test	END	1696929839458
REQUEST		WebSocket Connect	1696929828360	1696929839458	KO	i.n.h.s.SslHandshakeTimeoutException: handshake timed out after 10000ms
USER	WebSocket Load Test	END	1696929839458
REQUEST		WebSocket Connect	1696929828361	1696929839458	KO	i.n.h.s.SslHandshakeTimeoutException: handshake timed out after 10000ms
USER	WebSocket Load Test	END	1696929839458
REQUEST		WebSocket Connect	1696929828362	1696929839458	KO	i.n.h.s.SslHandshakeTimeoutException: handshake timed out after 10000ms
USER	WebSocket Load Test	END	1696929839459
REQUEST		WebSocket Connect	1696929828373	1696929839459	KO	i.n.h.s.SslHandshakeTimeoutException: handshake timed out after 10000ms
USER	WebSocket Load Test	END	1696929839460
REQUEST		WebSocket Connect	1696929828366	1696929839460	KO	i.n.h.s.SslHandshakeTimeoutException: handshake timed out after 10000ms
USER	WebSocket Load Test	END	1696929839460
REQUEST		WebSocket Connect	1696929828368	1696929839461	KO	i.n.h.s.SslHandshakeTimeoutException: handshake timed out after 10000ms
USER	WebSocket Load Test	END	1696929839461
REQUEST		WebSocket Connect	1696929828370	1696929839461	KO	i.n.h.s.SslHandshakeTimeoutException: handshake timed out after 10000ms
USER	WebSocket Load Test	END	1696929839462
REQUEST		WebSocket Connect	1696929828373	1696929839462	KO	i.n.h.s.SslHandshakeTimeoutException: handshake timed out after 10000ms
REQUEST		WebSocket Connect	1696929828353	1696929839462	KO	i.n.h.s.SslHandshakeTimeoutException: handshake timed out after 10000ms
USER	WebSocket Load Test	END	1696929839462
USER	WebSocket Load Test	END	1696929839462
REQUEST		WebSocket Connect	1696929828362	1696929839463	KO	i.n.h.s.SslHandshakeTimeoutException: handshake timed out after 10000ms
USER	WebSocket Load Test	END	1696929839463
REQUEST		WebSocket Connect	1696929828362	1696929839463	KO	i.n.h.s.SslHandshakeTimeoutException: handshake timed out after 10000ms
USER	WebSocket Load Test	END	1696929839464
REQUEST		WebSocket Connect	1696929828365	1696929839464	KO	i.n.h.s.SslHandshakeTimeoutException: handshake timed out after 10000ms
USER	WebSocket Load Test	END	1696929839464
REQUEST		WebSocket Connect	1696929828366	1696929839464	KO	i.n.h.s.SslHandshakeTimeoutException: handshake timed out after 10000ms
USER	WebSocket Load Test	END	1696929839464
REQUEST		WebSocket Connect	1696929828368	1696929839465	KO	i.n.h.s.SslHandshakeTimeoutException: handshake timed out after 10000ms
USER	WebSocket Load Test	END	1696929839465
REQUEST		WebSocket Connect	1696929828371	1696929839465	KO	i.n.h.s.SslHandshakeTimeoutException: handshake timed out after 10000ms
USER	WebSocket Load Test	END	1696929839466
REQUEST		WebSocket Connect	1696929828371	1696929839466	KO	i.n.h.s.SslHandshakeTimeoutException: handshake timed out after 10000ms
USER	WebSocket Load Test	END	1696929839466
REQUEST		WebSocket Connect	1696929828372	1696929839466	KO	i.n.h.s.SslHandshakeTimeoutException: handshake timed out after 10000ms
USER	WebSocket Load Test	END	1696929839467
REQUEST		WebSocket Connect	1696929828374	1696929839467	KO	i.n.h.s.SslHandshakeTimeoutException: handshake timed out after 10000ms
USER	WebSocket Load Test	END	1696929839467
REQUEST		WebSocket Connect	1696929828375	1696929839468	KO	i.n.h.s.SslHandshakeTimeoutException: handshake timed out after 10000ms
USER	WebSocket Load Test	END	1696929839469
REQUEST		WebSocket Connect	1696929828365	1696929841410	KO	i.n.h.s.SslHandshakeTimeoutException: handshake timed out after 10000ms
REQUEST		WebSocket Connect	1696929828359	1696929841410	KO	i.n.h.s.SslHandshakeTimeoutException: handshake timed out after 10000ms
REQUEST		WebSocket Connect	1696929828364	1696929841410	KO	i.n.h.s.SslHandshakeTimeoutException: handshake timed out after 10000ms
USER	WebSocket Load Test	END	1696929841411
USER	WebSocket Load Test	END	1696929841411
USER	WebSocket Load Test	END	1696929841411
REQUEST		WebSocket Connect	1696929828369	1696929841411	KO	i.n.h.s.SslHandshakeTimeoutException: handshake timed out after 10000ms
REQUEST		WebSocket Connect	1696929828339	1696929841412	KO	i.n.h.s.SslHandshakeTimeoutException: handshake timed out after 10000ms
USER	WebSocket Load Test	END	1696929841412
REQUEST		WebSocket Connect	1696929828370	1696929841412	KO	i.n.h.s.SslHandshakeTimeoutException: handshake timed out after 10000ms
USER	WebSocket Load Test	END	1696929841413
USER	WebSocket Load Test	END	1696929841413
REQUEST		WebSocket Connect	1696929828359	1696929841413	KO	i.n.h.s.SslHandshakeTimeoutException: handshake timed out after 10000ms
REQUEST		WebSocket Connect	1696929828371	1696929841413	KO	i.n.h.s.SslHandshakeTimeoutException: handshake timed out after 10000ms
USER	WebSocket Load Test	END	1696929841414
USER	WebSocket Load Test	END	1696929841414
REQUEST		WebSocket Connect	1696929828374	1696929841414	KO	i.n.h.s.SslHandshakeTimeoutException: handshake timed out after 10000ms
REQUEST		WebSocket Connect	1696929828365	1696929841415	KO	i.n.h.s.SslHandshakeTimeoutException: handshake timed out after 10000ms
USER	WebSocket Load Test	END	1696929841415
USER	WebSocket Load Test	END	1696929841415
REQUEST		WebSocket Connect	1696929828366	1696929841416	KO	i.n.h.s.SslHandshakeTimeoutException: handshake timed out after 10000ms
REQUEST		WebSocket Connect	1696929828376	1696929841416	KO	i.n.h.s.SslHandshakeTimeoutException: handshake timed out after 10000ms
USER	WebSocket Load Test	END	1696929841416
REQUEST		WebSocket Connect	1696929828367	1696929841417	KO	i.n.h.s.SslHandshakeTimeoutException: handshake timed out after 10000ms
USER	WebSocket Load Test	END	1696929841417
REQUEST		WebSocket Connect	1696929828385	1696929841417	KO	i.n.h.s.SslHandshakeTimeoutException: handshake timed out after 10000ms
USER	WebSocket Load Test	END	1696929841417
REQUEST		WebSocket Connect	1696929828373	1696929841418	KO	i.n.h.s.SslHandshakeTimeoutException: handshake timed out after 10000ms
USER	WebSocket Load Test	END	1696929841418
REQUEST		WebSocket Connect	1696929828323	1696929841418	KO	i.n.h.s.SslHandshakeTimeoutException: handshake timed out after 10000ms
USER	WebSocket Load Test	END	1696929841418
REQUEST		WebSocket Connect	1696929828375	1696929841418	KO	i.n.h.s.SslHandshakeTimeoutException: handshake timed out after 10000ms
USER	WebSocket Load Test	END	1696929841418
USER	WebSocket Load Test	END	1696929841418
REQUEST		WebSocket Connect	1696929828358	1696929841419	KO	i.n.h.s.SslHandshakeTimeoutException: handshake timed out after 10000ms
REQUEST		WebSocket Connect	1696929828379	1696929841419	KO	i.n.h.s.SslHandshakeTimeoutException: handshake timed out after 10000ms
USER	WebSocket Load Test	END	1696929841419
USER	WebSocket Load Test	END	1696929841419
REQUEST		WebSocket Connect	1696929828339	1696929841419	KO	i.n.h.s.SslHandshakeTimeoutException: handshake timed out after 10000ms
REQUEST		WebSocket Connect	1696929828358	1696929841420	KO	i.n.h.s.SslHandshakeTimeoutException: handshake timed out after 10000ms
USER	WebSocket Load Test	END	1696929841420
USER	WebSocket Load Test	END	1696929841420
REQUEST		WebSocket Connect	1696929828340	1696929841420	KO	i.n.h.s.SslHandshakeTimeoutException: handshake timed out after 10000ms
REQUEST		WebSocket Connect	1696929828359	1696929841421	KO	i.n.h.s.SslHandshakeTimeoutException: handshake timed out after 10000ms
USER	WebSocket Load Test	END	1696929841421
REQUEST		WebSocket Connect	1696929828363	1696929841421	KO	i.n.h.s.SslHandshakeTimeoutException: handshake timed out after 10000ms
USER	WebSocket Load Test	END	1696929841421
REQUEST		WebSocket Connect	1696929828361	1696929841421	KO	i.n.h.s.SslHandshakeTimeoutException: handshake timed out after 10000ms
USER	WebSocket Load Test	END	1696929841421
USER	WebSocket Load Test	END	1696929841422
REQUEST		WebSocket Connect	1696929828362	1696929841422	KO	i.n.h.s.SslHandshakeTimeoutException: handshake timed out after 10000ms
USER	WebSocket Load Test	END	1696929841422
REQUEST		WebSocket Connect	1696929828365	1696929841422	KO	i.n.h.s.SslHandshakeTimeoutException: handshake timed out after 10000ms
USER	WebSocket Load Test	END	1696929841423
REQUEST		WebSocket Connect	1696929828370	1696929841423	KO	i.n.h.s.SslHandshakeTimeoutException: handshake timed out after 10000ms
REQUEST		WebSocket Connect	1696929828362	1696929841423	KO	i.n.h.s.SslHandshakeTimeoutException: handshake timed out after 10000ms
USER	WebSocket Load Test	END	1696929841424
USER	WebSocket Load Test	END	1696929841424
REQUEST		WebSocket Connect	1696929828363	1696929841424	KO	i.n.h.s.SslHandshakeTimeoutException: handshake timed out after 10000ms
REQUEST		WebSocket Connect	1696929828374	1696929841424	KO	i.n.h.s.SslHandshakeTimeoutException: handshake timed out after 10000ms
REQUEST		WebSocket Connect	1696929828337	1696929841425	KO	i.n.h.s.SslHandshakeTimeoutException: handshake timed out after 10000ms
REQUEST		WebSocket Connect	1696929828338	1696929841425	KO	i.n.h.s.SslHandshakeTimeoutException: handshake timed out after 10000ms
REQUEST		WebSocket Connect	1696929828356	1696929841425	KO	i.n.h.s.SslHandshakeTimeoutException: handshake timed out after 10000ms
USER	WebSocket Load Test	END	1696929841425
REQUEST		WebSocket Connect	1696929828359	1696929841425	KO	i.n.h.s.SslHandshakeTimeoutException: handshake timed out after 10000ms
USER	WebSocket Load Test	END	1696929841425
REQUEST		WebSocket Connect	1696929828380	1696929841425	KO	i.n.h.s.SslHandshakeTimeoutException: handshake timed out after 10000ms
USER	WebSocket Load Test	END	1696929841425
REQUEST		WebSocket Connect	1696929828365	1696929841425	KO	i.n.h.s.SslHandshakeTimeoutException: handshake timed out after 10000ms
USER	WebSocket Load Test	END	1696929841425
USER	WebSocket Load Test	END	1696929841425
REQUEST		WebSocket Connect	1696929828325	1696929841425	KO	i.n.h.s.SslHandshakeTimeoutException: handshake timed out after 10000ms
USER	WebSocket Load Test	END	1696929841425
REQUEST		WebSocket Connect	1696929828325	1696929841425	KO	i.n.h.s.SslHandshakeTimeoutException: handshake timed out after 10000ms
REQUEST		WebSocket Connect	1696929828355	1696929841425	KO	i.n.h.s.SslHandshakeTimeoutException: handshake timed out after 10000ms
USER	WebSocket Load Test	END	1696929841425
REQUEST		WebSocket Connect	1696929828322	1696929841425	KO	i.n.h.s.SslHandshakeTimeoutException: handshake timed out after 10000ms
USER	WebSocket Load Test	END	1696929841426
REQUEST		WebSocket Connect	1696929828338	1696929841426	KO	i.n.h.s.SslHandshakeTimeoutException: handshake timed out after 10000ms
USER	WebSocket Load Test	END	1696929841426
USER	WebSocket Load Test	END	1696929841426
REQUEST		WebSocket Connect	1696929828339	1696929841426	KO	i.n.h.s.SslHandshakeTimeoutException: handshake timed out after 10000ms
USER	WebSocket Load Test	END	1696929841426
REQUEST		WebSocket Connect	1696929828367	1696929841426	KO	i.n.h.s.SslHandshakeTimeoutException: handshake timed out after 10000ms
REQUEST		WebSocket Connect	1696929828349	1696929841426	KO	i.n.h.s.SslHandshakeTimeoutException: handshake timed out after 10000ms
REQUEST		WebSocket Connect	1696929828382	1696929841426	KO	i.n.h.s.SslHandshakeTimeoutException: handshake timed out after 10000ms
USER	WebSocket Load Test	END	1696929841426
USER	WebSocket Load Test	END	1696929841426
REQUEST		WebSocket Connect	1696929828339	1696929841426	KO	i.n.h.s.SslHandshakeTimeoutException: handshake timed out after 10000ms
USER	WebSocket Load Test	END	1696929841426
USER	WebSocket Load Test	END	1696929841427
REQUEST		WebSocket Connect	1696929828352	1696929841427	KO	i.n.h.s.SslHandshakeTimeoutException: handshake timed out after 10000ms
REQUEST		WebSocket Connect	1696929828355	1696929841427	KO	i.n.h.s.SslHandshakeTimeoutException: handshake timed out after 10000ms
USER	WebSocket Load Test	END	1696929841427
USER	WebSocket Load Test	END	1696929841427
REQUEST		WebSocket Connect	1696929828369	1696929841427	KO	i.n.h.s.SslHandshakeTimeoutException: handshake timed out after 10000ms
USER	WebSocket Load Test	END	1696929841427
REQUEST		WebSocket Connect	1696929828363	1696929841427	KO	i.n.h.s.SslHandshakeTimeoutException: handshake timed out after 10000ms
REQUEST		WebSocket Connect	1696929828385	1696929841427	KO	i.n.h.s.SslHandshakeTimeoutException: handshake timed out after 10000ms
REQUEST		WebSocket Connect	1696929828344	1696929841427	KO	i.n.h.s.SslHandshakeTimeoutException: handshake timed out after 10000ms
USER	WebSocket Load Test	END	1696929841427
USER	WebSocket Load Test	END	1696929841428
USER	WebSocket Load Test	END	1696929841428
USER	WebSocket Load Test	END	1696929841428
REQUEST		WebSocket Connect	1696929828357	1696929841428	KO	i.n.h.s.SslHandshakeTimeoutException: handshake timed out after 10000ms
REQUEST		WebSocket Connect	1696929828360	1696929841428	KO	i.n.h.s.SslHandshakeTimeoutException: handshake timed out after 10000ms
REQUEST		WebSocket Connect	1696929828372	1696929841428	KO	i.n.h.s.SslHandshakeTimeoutException: handshake timed out after 10000ms
REQUEST		WebSocket Connect	1696929828364	1696929841428	KO	i.n.h.s.SslHandshakeTimeoutException: handshake timed out after 10000ms
USER	WebSocket Load Test	END	1696929841428
USER	WebSocket Load Test	END	1696929841428
REQUEST		WebSocket Connect	1696929828361	1696929841428	KO	i.n.h.s.SslHandshakeTimeoutException: handshake timed out after 10000ms
USER	WebSocket Load Test	END	1696929841428
REQUEST		WebSocket Connect	1696929828344	1696929841428	KO	i.n.h.s.SslHandshakeTimeoutException: handshake timed out after 10000ms
REQUEST		WebSocket Connect	1696929828386	1696929841428	KO	i.n.h.s.SslHandshakeTimeoutException: handshake timed out after 10000ms
USER	WebSocket Load Test	END	1696929841429
USER	WebSocket Load Test	END	1696929841429
USER	WebSocket Load Test	END	1696929841429
REQUEST		WebSocket Connect	1696929828376	1696929841429	KO	i.n.h.s.SslHandshakeTimeoutException: handshake timed out after 10000ms
REQUEST		WebSocket Connect	1696929828357	1696929841429	KO	i.n.h.s.SslHandshakeTimeoutException: handshake timed out after 10000ms
REQUEST		WebSocket Connect	1696929828365	1696929841429	KO	i.n.h.s.SslHandshakeTimeoutException: handshake timed out after 10000ms
USER	WebSocket Load Test	END	1696929841429
REQUEST		WebSocket Connect	1696929828345	1696929841429	KO	i.n.h.s.SslHandshakeTimeoutException: handshake timed out after 10000ms
USER	WebSocket Load Test	END	1696929841429
USER	WebSocket Load Test	END	1696929841429
USER	WebSocket Load Test	END	1696929841430
USER	WebSocket Load Test	END	1696929841430
REQUEST		WebSocket Connect	1696929828365	1696929841430	KO	i.n.h.s.SslHandshakeTimeoutException: handshake timed out after 10000ms
REQUEST		WebSocket Connect	1696929828368	1696929841430	KO	i.n.h.s.SslHandshakeTimeoutException: handshake timed out after 10000ms
USER	WebSocket Load Test	END	1696929841430
USER	WebSocket Load Test	END	1696929841430
REQUEST		WebSocket Connect	1696929828380	1696929841430	KO	i.n.h.s.SslHandshakeTimeoutException: handshake timed out after 10000ms
USER	WebSocket Load Test	END	1696929841430
USER	WebSocket Load Test	END	1696929841430
REQUEST		WebSocket Connect	1696929828358	1696929841430	KO	i.n.h.s.SslHandshakeTimeoutException: handshake timed out after 10000ms
REQUEST		WebSocket Connect	1696929828368	1696929841430	KO	i.n.h.s.SslHandshakeTimeoutException: handshake timed out after 10000ms
REQUEST		WebSocket Connect	1696929828368	1696929841430	KO	i.n.h.s.SslHandshakeTimeoutException: handshake timed out after 10000ms
USER	WebSocket Load Test	END	1696929841430
USER	WebSocket Load Test	END	1696929841430
REQUEST		WebSocket Connect	1696929828392	1696929841430	KO	i.n.h.s.SslHandshakeTimeoutException: handshake timed out after 10000ms
REQUEST		WebSocket Connect	1696929828359	1696929841430	KO	i.n.h.s.SslHandshakeTimeoutException: handshake timed out after 10000ms
USER	WebSocket Load Test	END	1696929841430
USER	WebSocket Load Test	END	1696929841431
REQUEST		WebSocket Connect	1696929828375	1696929841431	KO	i.n.h.s.SslHandshakeTimeoutException: handshake timed out after 10000ms
REQUEST		WebSocket Connect	1696929828372	1696929841431	KO	i.n.h.s.SslHandshakeTimeoutException: handshake timed out after 10000ms
REQUEST		WebSocket Connect	1696929828382	1696929841431	KO	i.n.h.s.SslHandshakeTimeoutException: handshake timed out after 10000ms
REQUEST		WebSocket Connect	1696929828360	1696929841431	KO	i.n.h.s.SslHandshakeTimeoutException: handshake timed out after 10000ms
USER	WebSocket Load Test	END	1696929841431
USER	WebSocket Load Test	END	1696929841431
REQUEST		WebSocket Connect	1696929828345	1696929841431	KO	i.n.h.s.SslHandshakeTimeoutException: handshake timed out after 10000ms
USER	WebSocket Load Test	END	1696929841431
USER	WebSocket Load Test	END	1696929841431
USER	WebSocket Load Test	END	1696929841431
REQUEST		WebSocket Connect	1696929828383	1696929841431	KO	i.n.h.s.SslHandshakeTimeoutException: handshake timed out after 10000ms
REQUEST		WebSocket Connect	1696929828360	1696929841431	KO	i.n.h.s.SslHandshakeTimeoutException: handshake timed out after 10000ms
USER	WebSocket Load Test	END	1696929841432
REQUEST		WebSocket Connect	1696929828374	1696929841432	KO	i.n.h.s.SslHandshakeTimeoutException: handshake timed out after 10000ms
USER	WebSocket Load Test	END	1696929841432
USER	WebSocket Load Test	END	1696929841432
REQUEST		WebSocket Connect	1696929828346	1696929841432	KO	i.n.h.s.SslHandshakeTimeoutException: handshake timed out after 10000ms
USER	WebSocket Load Test	END	1696929841432
REQUEST		WebSocket Connect	1696929828384	1696929841432	KO	i.n.h.s.SslHandshakeTimeoutException: handshake timed out after 10000ms
USER	WebSocket Load Test	END	1696929841432
USER	WebSocket Load Test	END	1696929841432
REQUEST		WebSocket Connect	1696929828360	1696929841432	KO	i.n.h.s.SslHandshakeTimeoutException: handshake timed out after 10000ms
USER	WebSocket Load Test	END	1696929841432
REQUEST		WebSocket Connect	1696929828346	1696929841432	KO	i.n.h.s.SslHandshakeTimeoutException: handshake timed out after 10000ms
USER	WebSocket Load Test	END	1696929841432
REQUEST		WebSocket Connect	1696929828386	1696929841432	KO	i.n.h.s.SslHandshakeTimeoutException: handshake timed out after 10000ms
USER	WebSocket Load Test	END	1696929841432
REQUEST		WebSocket Connect	1696929828361	1696929841432	KO	i.n.h.s.SslHandshakeTimeoutException: handshake timed out after 10000ms
USER	WebSocket Load Test	END	1696929841432
USER	WebSocket Load Test	END	1696929841433
REQUEST		WebSocket Connect	1696929828362	1696929841433	KO	i.n.h.s.SslHandshakeTimeoutException: handshake timed out after 10000ms
REQUEST		WebSocket Connect	1696929828347	1696929841433	KO	i.n.h.s.SslHandshakeTimeoutException: handshake timed out after 10000ms
REQUEST		WebSocket Connect	1696929828378	1696929841433	KO	i.n.h.s.SslHandshakeTimeoutException: handshake timed out after 10000ms
USER	WebSocket Load Test	END	1696929841433
USER	WebSocket Load Test	END	1696929841433
REQUEST		WebSocket Connect	1696929828363	1696929841433	KO	i.n.h.s.SslHandshakeTimeoutException: handshake timed out after 10000ms
USER	WebSocket Load Test	END	1696929841433
USER	WebSocket Load Test	END	1696929841433
REQUEST		WebSocket Connect	1696929828365	1696929841434	KO	i.n.h.s.SslHandshakeTimeoutException: handshake timed out after 10000ms
USER	WebSocket Load Test	END	1696929841435
REQUEST		WebSocket Connect	1696929828366	1696929841435	KO	i.n.h.s.SslHandshakeTimeoutException: handshake timed out after 10000ms
USER	WebSocket Load Test	END	1696929841436
REQUEST		WebSocket Connect	1696929828369	1696929841436	KO	i.n.h.s.SslHandshakeTimeoutException: handshake timed out after 10000ms
USER	WebSocket Load Test	END	1696929841436
REQUEST		WebSocket Connect	1696929828370	1696929841436	KO	i.n.h.s.SslHandshakeTimeoutException: handshake timed out after 10000ms
USER	WebSocket Load Test	END	1696929841437
REQUEST		WebSocket Connect	1696929828368	1696929841441	KO	i.n.h.s.SslHandshakeTimeoutException: handshake timed out after 10000ms
REQUEST		WebSocket Connect	1696929828369	1696929841441	KO	i.n.h.s.SslHandshakeTimeoutException: handshake timed out after 10000ms
REQUEST		WebSocket Connect	1696929828377	1696929841441	KO	i.n.h.s.SslHandshakeTimeoutException: handshake timed out after 10000ms
REQUEST		WebSocket Connect	1696929828369	1696929841441	KO	i.n.h.s.SslHandshakeTimeoutException: handshake timed out after 10000ms
REQUEST		WebSocket Connect	1696929828352	1696929841441	KO	i.n.h.s.SslHandshakeTimeoutException: handshake timed out after 10000ms
REQUEST		WebSocket Connect	1696929828348	1696929841441	KO	i.n.h.s.SslHandshakeTimeoutException: handshake timed out after 10000ms
REQUEST		WebSocket Connect	1696929828371	1696929841441	KO	i.n.h.s.SslHandshakeTimeoutException: handshake timed out after 10000ms
REQUEST		WebSocket Connect	1696929828372	1696929841441	KO	i.n.h.s.SslHandshakeTimeoutException: handshake timed out after 10000ms
USER	WebSocket Load Test	END	1696929841441
USER	WebSocket Load Test	END	1696929841442
USER	WebSocket Load Test	END	1696929841442
REQUEST		WebSocket Connect	1696929828325	1696929841442	KO	i.n.h.s.SslHandshakeTimeoutException: handshake timed out after 10000ms
REQUEST		WebSocket Connect	1696929828322	1696929841442	KO	i.n.h.s.SslHandshakeTimeoutException: handshake timed out after 10000ms
REQUEST		WebSocket Connect	1696929828380	1696929841442	KO	i.n.h.s.SslHandshakeTimeoutException: handshake timed out after 10000ms
REQUEST		WebSocket Connect	1696929828322	1696929841442	KO	i.n.h.s.SslHandshakeTimeoutException: handshake timed out after 10000ms
USER	WebSocket Load Test	END	1696929841442
USER	WebSocket Load Test	END	1696929841442
USER	WebSocket Load Test	END	1696929841442
REQUEST		WebSocket Connect	1696929828322	1696929841442	KO	i.n.h.s.SslHandshakeTimeoutException: handshake timed out after 10000ms
USER	WebSocket Load Test	END	1696929841442
REQUEST		WebSocket Connect	1696929828347	1696929841442	KO	i.n.h.s.SslHandshakeTimeoutException: handshake timed out after 10000ms
USER	WebSocket Load Test	END	1696929841442
REQUEST		WebSocket Connect	1696929828348	1696929841442	KO	i.n.h.s.SslHandshakeTimeoutException: handshake timed out after 10000ms
USER	WebSocket Load Test	END	1696929841442
REQUEST		WebSocket Connect	1696929828322	1696929841442	KO	i.n.h.s.SslHandshakeTimeoutException: handshake timed out after 10000ms
USER	WebSocket Load Test	END	1696929841442
USER	WebSocket Load Test	END	1696929841442
REQUEST		WebSocket Connect	1696929828372	1696929841443	KO	i.n.h.s.SslHandshakeTimeoutException: handshake timed out after 10000ms
REQUEST		WebSocket Connect	1696929828384	1696929841443	KO	i.n.h.s.SslHandshakeTimeoutException: handshake timed out after 10000ms
REQUEST		WebSocket Connect	1696929828349	1696929841443	KO	i.n.h.s.SslHandshakeTimeoutException: handshake timed out after 10000ms
USER	WebSocket Load Test	END	1696929841443
USER	WebSocket Load Test	END	1696929841443
REQUEST		WebSocket Connect	1696929828368	1696929841443	KO	i.n.h.s.SslHandshakeTimeoutException: handshake timed out after 10000ms
USER	WebSocket Load Test	END	1696929841443
REQUEST		WebSocket Connect	1696929828373	1696929841443	KO	i.n.h.s.SslHandshakeTimeoutException: handshake timed out after 10000ms
USER	WebSocket Load Test	END	1696929841443
REQUEST		WebSocket Connect	1696929828362	1696929841443	KO	i.n.h.s.SslHandshakeTimeoutException: handshake timed out after 10000ms
REQUEST		WebSocket Connect	1696929828351	1696929841443	KO	i.n.h.s.SslHandshakeTimeoutException: handshake timed out after 10000ms
REQUEST		WebSocket Connect	1696929828350	1696929841443	KO	i.n.h.s.SslHandshakeTimeoutException: handshake timed out after 10000ms
USER	WebSocket Load Test	END	1696929841443
USER	WebSocket Load Test	END	1696929841443
USER	WebSocket Load Test	END	1696929841443
USER	WebSocket Load Test	END	1696929841443
REQUEST		WebSocket Connect	1696929828337	1696929841443	KO	i.n.h.s.SslHandshakeTimeoutException: handshake timed out after 10000ms
REQUEST		WebSocket Connect	1696929828364	1696929841444	KO	i.n.h.s.SslHandshakeTimeoutException: handshake timed out after 10000ms
REQUEST		WebSocket Connect	1696929828385	1696929841444	KO	i.n.h.s.SslHandshakeTimeoutException: handshake timed out after 10000ms
REQUEST		WebSocket Connect	1696929828369	1696929841444	KO	i.n.h.s.SslHandshakeTimeoutException: handshake timed out after 10000ms
USER	WebSocket Load Test	END	1696929841444
USER	WebSocket Load Test	END	1696929841444
USER	WebSocket Load Test	END	1696929841444
USER	WebSocket Load Test	END	1696929841444
REQUEST		WebSocket Connect	1696929828338	1696929841444	KO	i.n.h.s.SslHandshakeTimeoutException: handshake timed out after 10000ms
USER	WebSocket Load Test	END	1696929841444
REQUEST		WebSocket Connect	1696929828376	1696929841444	KO	i.n.h.s.SslHandshakeTimeoutException: handshake timed out after 10000ms
USER	WebSocket Load Test	END	1696929841444
REQUEST		WebSocket Connect	1696929828367	1696929841444	KO	i.n.h.s.SslHandshakeTimeoutException: handshake timed out after 10000ms
REQUEST		WebSocket Connect	1696929828363	1696929841444	KO	i.n.h.s.SslHandshakeTimeoutException: handshake timed out after 10000ms
USER	WebSocket Load Test	END	1696929841445
USER	WebSocket Load Test	END	1696929841445
USER	WebSocket Load Test	END	1696929841445
REQUEST		WebSocket Connect	1696929828386	1696929841445	KO	i.n.h.s.SslHandshakeTimeoutException: handshake timed out after 10000ms
USER	WebSocket Load Test	END	1696929841445
REQUEST		WebSocket Connect	1696929828376	1696929841445	KO	i.n.h.s.SslHandshakeTimeoutException: handshake timed out after 10000ms
USER	WebSocket Load Test	END	1696929841445
REQUEST		WebSocket Connect	1696929828380	1696929841445	KO	i.n.h.s.SslHandshakeTimeoutException: handshake timed out after 10000ms
REQUEST		WebSocket Connect	1696929828340	1696929841445	KO	i.n.h.s.SslHandshakeTimeoutException: handshake timed out after 10000ms
USER	WebSocket Load Test	END	1696929841445
USER	WebSocket Load Test	END	1696929841446
REQUEST		WebSocket Connect	1696929828370	1696929841446	KO	i.n.h.s.SslHandshakeTimeoutException: handshake timed out after 10000ms
USER	WebSocket Load Test	END	1696929841446
REQUEST		WebSocket Connect	1696929828375	1696929841446	KO	i.n.h.s.SslHandshakeTimeoutException: handshake timed out after 10000ms
USER	WebSocket Load Test	END	1696929841446
REQUEST		WebSocket Connect	1696929828381	1696929841446	KO	i.n.h.s.SslHandshakeTimeoutException: handshake timed out after 10000ms
USER	WebSocket Load Test	END	1696929841446
USER	WebSocket Load Test	END	1696929841446
REQUEST		WebSocket Connect	1696929828387	1696929841446	KO	i.n.h.s.SslHandshakeTimeoutException: handshake timed out after 10000ms
REQUEST		WebSocket Connect	1696929828374	1696929841446	KO	i.n.h.s.SslHandshakeTimeoutException: handshake timed out after 10000ms
USER	WebSocket Load Test	END	1696929841446
REQUEST		WebSocket Connect	1696929828379	1696929841446	KO	i.n.h.s.SslHandshakeTimeoutException: handshake timed out after 10000ms
USER	WebSocket Load Test	END	1696929841446
REQUEST		WebSocket Connect	1696929828384	1696929841446	KO	i.n.h.s.SslHandshakeTimeoutException: handshake timed out after 10000ms
USER	WebSocket Load Test	END	1696929841446
REQUEST		WebSocket Connect	1696929828381	1696929841446	KO	i.n.h.s.SslHandshakeTimeoutException: handshake timed out after 10000ms
USER	WebSocket Load Test	END	1696929841446
REQUEST		WebSocket Connect	1696929828341	1696929841446	KO	i.n.h.s.SslHandshakeTimeoutException: handshake timed out after 10000ms
USER	WebSocket Load Test	END	1696929841446
USER	WebSocket Load Test	END	1696929841446
REQUEST		WebSocket Connect	1696929828375	1696929841446	KO	i.n.h.s.SslHandshakeTimeoutException: handshake timed out after 10000ms
USER	WebSocket Load Test	END	1696929841446
REQUEST		WebSocket Connect	1696929828341	1696929841447	KO	i.n.h.s.SslHandshakeTimeoutException: handshake timed out after 10000ms
USER	WebSocket Load Test	END	1696929841447
USER	WebSocket Load Test	END	1696929841447
REQUEST		WebSocket Connect	1696929828377	1696929841447	KO	i.n.h.s.SslHandshakeTimeoutException: handshake timed out after 10000ms
REQUEST		WebSocket Connect	1696929828386	1696929841447	KO	i.n.h.s.SslHandshakeTimeoutException: handshake timed out after 10000ms
REQUEST		WebSocket Connect	1696929828392	1696929841447	KO	i.n.h.s.SslHandshakeTimeoutException: handshake timed out after 10000ms
USER	WebSocket Load Test	END	1696929841447
USER	WebSocket Load Test	END	1696929841447
REQUEST		WebSocket Connect	1696929828378	1696929841447	KO	i.n.h.s.SslHandshakeTimeoutException: handshake timed out after 10000ms
REQUEST		WebSocket Connect	1696929828382	1696929841447	KO	i.n.h.s.SslHandshakeTimeoutException: handshake timed out after 10000ms
USER	WebSocket Load Test	END	1696929841448
USER	WebSocket Load Test	END	1696929841448
REQUEST		WebSocket Connect	1696929828381	1696929841448	KO	i.n.h.s.SslHandshakeTimeoutException: handshake timed out after 10000ms
REQUEST		WebSocket Connect	1696929828384	1696929841448	KO	i.n.h.s.SslHandshakeTimeoutException: handshake timed out after 10000ms
USER	WebSocket Load Test	END	1696929841448
USER	WebSocket Load Test	END	1696929841448
REQUEST		WebSocket Connect	1696929828342	1696929841448	KO	i.n.h.s.SslHandshakeTimeoutException: handshake timed out after 10000ms
REQUEST		WebSocket Connect	1696929828384	1696929841448	KO	i.n.h.s.SslHandshakeTimeoutException: handshake timed out after 10000ms
USER	WebSocket Load Test	END	1696929841448
USER	WebSocket Load Test	END	1696929841449
REQUEST		WebSocket Connect	1696929828384	1696929841449	KO	i.n.h.s.SslHandshakeTimeoutException: handshake timed out after 10000ms
REQUEST		WebSocket Connect	1696929828342	1696929841449	KO	i.n.h.s.SslHandshakeTimeoutException: handshake timed out after 10000ms
USER	WebSocket Load Test	END	1696929841449
USER	WebSocket Load Test	END	1696929841449
USER	WebSocket Load Test	END	1696929841449
REQUEST		WebSocket Connect	1696929828343	1696929841449	KO	i.n.h.s.SslHandshakeTimeoutException: handshake timed out after 10000ms
REQUEST		WebSocket Connect	1696929828393	1696929841449	KO	i.n.h.s.SslHandshakeTimeoutException: handshake timed out after 10000ms
USER	WebSocket Load Test	END	1696929841450
USER	WebSocket Load Test	END	1696929841450
REQUEST		WebSocket Connect	1696929828393	1696929841450	KO	i.n.h.s.SslHandshakeTimeoutException: handshake timed out after 10000ms
USER	WebSocket Load Test	END	1696929841450
USER	WebSocket Load Test	END	1696929841450
USER	WebSocket Load Test	END	1696929841450
REQUEST		WebSocket Connect	1696929828363	1696929841450	KO	i.n.h.s.SslHandshakeTimeoutException: handshake timed out after 10000ms
REQUEST		WebSocket Connect	1696929828394	1696929841450	KO	i.n.h.s.SslHandshakeTimeoutException: handshake timed out after 10000ms
USER	WebSocket Load Test	END	1696929841450
USER	WebSocket Load Test	END	1696929841450
REQUEST		WebSocket Connect	1696929828370	1696929841451	KO	i.n.h.s.SslHandshakeTimeoutException: handshake timed out after 10000ms
USER	WebSocket Load Test	END	1696929841451
REQUEST		WebSocket Connect	1696929828372	1696929841451	KO	i.n.h.s.SslHandshakeTimeoutException: handshake timed out after 10000ms
REQUEST		WebSocket Connect	1696929828367	1696929841451	KO	i.n.h.s.SslHandshakeTimeoutException: handshake timed out after 10000ms
USER	WebSocket Load Test	END	1696929841451
USER	WebSocket Load Test	END	1696929841451
REQUEST		WebSocket Connect	1696929828371	1696929841452	KO	i.n.h.s.SslHandshakeTimeoutException: handshake timed out after 10000ms
USER	WebSocket Load Test	END	1696929841452
REQUEST		WebSocket Connect	1696929828374	1696929841452	KO	i.n.h.s.SslHandshakeTimeoutException: handshake timed out after 10000ms
REQUEST		WebSocket Connect	1696929828375	1696929841452	KO	i.n.h.s.SslHandshakeTimeoutException: handshake timed out after 10000ms
USER	WebSocket Load Test	END	1696929841452
USER	WebSocket Load Test	END	1696929841452
REQUEST		WebSocket Connect	1696929828383	1696929841452	KO	i.n.h.s.SslHandshakeTimeoutException: handshake timed out after 10000ms
REQUEST		WebSocket Connect	1696929828375	1696929841452	KO	i.n.h.s.SslHandshakeTimeoutException: handshake timed out after 10000ms
USER	WebSocket Load Test	END	1696929841452
USER	WebSocket Load Test	END	1696929841453
REQUEST		WebSocket Connect	1696929828384	1696929841453	KO	i.n.h.s.SslHandshakeTimeoutException: handshake timed out after 10000ms
USER	WebSocket Load Test	END	1696929841453
REQUEST		WebSocket Connect	1696929828386	1696929841453	KO	i.n.h.s.SslHandshakeTimeoutException: handshake timed out after 10000ms
USER	WebSocket Load Test	END	1696929841453
REQUEST		WebSocket Connect	1696929828387	1696929841454	KO	i.n.h.s.SslHandshakeTimeoutException: handshake timed out after 10000ms
USER	WebSocket Load Test	END	1696929841454
REQUEST		WebSocket Connect	1696929828391	1696929841454	KO	i.n.h.s.SslHandshakeTimeoutException: handshake timed out after 10000ms
USER	WebSocket Load Test	END	1696929841454
REQUEST		WebSocket Connect	1696929828394	1696929841454	KO	i.n.h.s.SslHandshakeTimeoutException: handshake timed out after 10000ms
USER	WebSocket Load Test	END	1696929841455
REQUEST		WebSocket Connect	1696929828351	1696929841455	KO	i.n.h.s.SslHandshakeTimeoutException: handshake timed out after 10000ms
USER	WebSocket Load Test	END	1696929841455
REQUEST		WebSocket Connect	1696929828372	1696929841455	KO	i.n.h.s.SslHandshakeTimeoutException: handshake timed out after 10000ms
USER	WebSocket Load Test	END	1696929841456
REQUEST		WebSocket Connect	1696929828374	1696929841456	KO	i.n.h.s.SslHandshakeTimeoutException: handshake timed out after 10000ms
REQUEST		WebSocket Connect	1696929828365	1696929841457	KO	i.n.h.s.SslHandshakeTimeoutException: handshake timed out after 10000ms
REQUEST		WebSocket Connect	1696929828387	1696929841457	KO	i.n.h.s.SslHandshakeTimeoutException: handshake timed out after 10000ms
USER	WebSocket Load Test	END	1696929841457
USER	WebSocket Load Test	END	1696929841457
REQUEST		WebSocket Connect	1696929828380	1696929841457	KO	i.n.h.s.SslHandshakeTimeoutException: handshake timed out after 10000ms
USER	WebSocket Load Test	END	1696929841457
REQUEST		WebSocket Connect	1696929828368	1696929841457	KO	i.n.h.s.SslHandshakeTimeoutException: handshake timed out after 10000ms
REQUEST		WebSocket Connect	1696929828389	1696929841457	KO	i.n.h.s.SslHandshakeTimeoutException: handshake timed out after 10000ms
USER	WebSocket Load Test	END	1696929841457
USER	WebSocket Load Test	END	1696929841457
REQUEST		WebSocket Connect	1696929828385	1696929841457	KO	i.n.h.s.SslHandshakeTimeoutException: handshake timed out after 10000ms
USER	WebSocket Load Test	END	1696929841457
REQUEST		WebSocket Connect	1696929828369	1696929841457	KO	i.n.h.s.SslHandshakeTimeoutException: handshake timed out after 10000ms
USER	WebSocket Load Test	END	1696929841457
REQUEST		WebSocket Connect	1696929828391	1696929841457	KO	i.n.h.s.SslHandshakeTimeoutException: handshake timed out after 10000ms
REQUEST		WebSocket Connect	1696929828389	1696929841457	KO	i.n.h.s.SslHandshakeTimeoutException: handshake timed out after 10000ms
USER	WebSocket Load Test	END	1696929841458
USER	WebSocket Load Test	END	1696929841458
REQUEST		WebSocket Connect	1696929828371	1696929841458	KO	i.n.h.s.SslHandshakeTimeoutException: handshake timed out after 10000ms
USER	WebSocket Load Test	END	1696929841458
REQUEST		WebSocket Connect	1696929828392	1696929841458	KO	i.n.h.s.SslHandshakeTimeoutException: handshake timed out after 10000ms
REQUEST		WebSocket Connect	1696929828393	1696929841458	KO	i.n.h.s.SslHandshakeTimeoutException: handshake timed out after 10000ms
USER	WebSocket Load Test	END	1696929841458
USER	WebSocket Load Test	END	1696929841458
REQUEST		WebSocket Connect	1696929828373	1696929841458	KO	i.n.h.s.SslHandshakeTimeoutException: handshake timed out after 10000ms
REQUEST		WebSocket Connect	1696929828393	1696929841458	KO	i.n.h.s.SslHandshakeTimeoutException: handshake timed out after 10000ms
USER	WebSocket Load Test	END	1696929841458
USER	WebSocket Load Test	END	1696929841458
REQUEST		WebSocket Connect	1696929828378	1696929841458	KO	i.n.h.s.SslHandshakeTimeoutException: handshake timed out after 10000ms
USER	WebSocket Load Test	END	1696929841458
USER	WebSocket Load Test	END	1696929841458
REQUEST		WebSocket Connect	1696929828389	1696929841459	KO	i.n.h.s.SslHandshakeTimeoutException: handshake timed out after 10000ms
USER	WebSocket Load Test	END	1696929841459
REQUEST		WebSocket Connect	1696929828366	1696929841459	KO	i.n.h.s.SslHandshakeTimeoutException: handshake timed out after 10000ms
USER	WebSocket Load Test	END	1696929841459
REQUEST		WebSocket Connect	1696929828385	1696929841459	KO	i.n.h.s.SslHandshakeTimeoutException: handshake timed out after 10000ms
USER	WebSocket Load Test	END	1696929841460
REQUEST		WebSocket Connect	1696929828390	1696929841460	KO	i.n.h.s.SslHandshakeTimeoutException: handshake timed out after 10000ms
USER	WebSocket Load Test	END	1696929841460
REQUEST		WebSocket Connect	1696929828391	1696929841460	KO	i.n.h.s.SslHandshakeTimeoutException: handshake timed out after 10000ms
USER	WebSocket Load Test	END	1696929841461
REQUEST		WebSocket Connect	1696929828364	1696929845424	KO	i.n.h.s.SslHandshakeTimeoutException: handshake timed out after 10000ms
USER	WebSocket Load Test	END	1696929845424
REQUEST		WebSocket Connect	1696929828350	1696929845439	KO	i.n.h.s.SslHandshakeTimeoutException: handshake timed out after 10000ms
REQUEST		WebSocket Connect	1696929828366	1696929845439	KO	i.n.h.s.SslHandshakeTimeoutException: handshake timed out after 10000ms
REQUEST		WebSocket Connect	1696929828364	1696929845439	KO	i.n.h.s.SslHandshakeTimeoutException: handshake timed out after 10000ms
REQUEST		WebSocket Connect	1696929828365	1696929845439	KO	i.n.h.s.SslHandshakeTimeoutException: handshake timed out after 10000ms
REQUEST		WebSocket Connect	1696929828352	1696929845439	KO	i.n.h.s.SslHandshakeTimeoutException: handshake timed out after 10000ms
REQUEST		WebSocket Connect	1696929828350	1696929845439	KO	i.n.h.s.SslHandshakeTimeoutException: handshake timed out after 10000ms
REQUEST		WebSocket Connect	1696929828362	1696929845439	KO	i.n.h.s.SslHandshakeTimeoutException: handshake timed out after 10000ms
USER	WebSocket Load Test	END	1696929845440
USER	WebSocket Load Test	END	1696929845440
USER	WebSocket Load Test	END	1696929845440
USER	WebSocket Load Test	END	1696929845440
REQUEST		WebSocket Connect	1696929828349	1696929845440	KO	i.n.h.s.SslHandshakeTimeoutException: handshake timed out after 10000ms
REQUEST		WebSocket Connect	1696929828381	1696929845440	KO	i.n.h.s.SslHandshakeTimeoutException: handshake timed out after 10000ms
REQUEST		WebSocket Connect	1696929828343	1696929845440	KO	i.n.h.s.SslHandshakeTimeoutException: handshake timed out after 10000ms
REQUEST		WebSocket Connect	1696929828363	1696929845440	KO	i.n.h.s.SslHandshakeTimeoutException: handshake timed out after 10000ms
USER	WebSocket Load Test	END	1696929845440
USER	WebSocket Load Test	END	1696929845441
REQUEST		WebSocket Connect	1696929828353	1696929845441	KO	i.n.h.s.SslHandshakeTimeoutException: handshake timed out after 10000ms
USER	WebSocket Load Test	END	1696929845441
REQUEST		WebSocket Connect	1696929828365	1696929845441	KO	i.n.h.s.SslHandshakeTimeoutException: handshake timed out after 10000ms
USER	WebSocket Load Test	END	1696929845441
REQUEST		WebSocket Connect	1696929828379	1696929845441	KO	i.n.h.s.SslHandshakeTimeoutException: handshake timed out after 10000ms
USER	WebSocket Load Test	END	1696929845441
REQUEST		WebSocket Connect	1696929828393	1696929845441	KO	i.n.h.s.SslHandshakeTimeoutException: handshake timed out after 10000ms
USER	WebSocket Load Test	END	1696929845441
REQUEST		WebSocket Connect	1696929828383	1696929845441	KO	i.n.h.s.SslHandshakeTimeoutException: handshake timed out after 10000ms
USER	WebSocket Load Test	END	1696929845441
REQUEST		WebSocket Connect	1696929828368	1696929845441	KO	i.n.h.s.SslHandshakeTimeoutException: handshake timed out after 10000ms
REQUEST		WebSocket Connect	1696929828351	1696929845441	KO	i.n.h.s.SslHandshakeTimeoutException: handshake timed out after 10000ms
REQUEST		WebSocket Connect	1696929828371	1696929845441	KO	i.n.h.s.SslHandshakeTimeoutException: handshake timed out after 10000ms
USER	WebSocket Load Test	END	1696929845441
USER	WebSocket Load Test	END	1696929845441
USER	WebSocket Load Test	END	1696929845442
USER	WebSocket Load Test	END	1696929845442
REQUEST		WebSocket Connect	1696929828373	1696929845442	KO	i.n.h.s.SslHandshakeTimeoutException: handshake timed out after 10000ms
REQUEST		WebSocket Connect	1696929828382	1696929845442	KO	i.n.h.s.SslHandshakeTimeoutException: handshake timed out after 10000ms
USER	WebSocket Load Test	END	1696929845442
USER	WebSocket Load Test	END	1696929845442
REQUEST		WebSocket Connect	1696929828394	1696929845442	KO	i.n.h.s.SslHandshakeTimeoutException: handshake timed out after 10000ms
REQUEST		WebSocket Connect	1696929828392	1696929845442	KO	i.n.h.s.SslHandshakeTimeoutException: handshake timed out after 10000ms
USER	WebSocket Load Test	END	1696929845442
USER	WebSocket Load Test	END	1696929845443
REQUEST		WebSocket Connect	1696929828364	1696929845443	KO	i.n.h.s.SslHandshakeTimeoutException: handshake timed out after 10000ms
USER	WebSocket Load Test	END	1696929845443
USER	WebSocket Load Test	END	1696929845443
REQUEST		WebSocket Connect	1696929828377	1696929845443	KO	i.n.h.s.SslHandshakeTimeoutException: handshake timed out after 10000ms
USER	WebSocket Load Test	END	1696929845443
REQUEST		WebSocket Connect	1696929828383	1696929845443	KO	i.n.h.s.SslHandshakeTimeoutException: handshake timed out after 10000ms
REQUEST		WebSocket Connect	1696929828395	1696929845443	KO	i.n.h.s.SslHandshakeTimeoutException: handshake timed out after 10000ms
USER	WebSocket Load Test	END	1696929845443
REQUEST		WebSocket Connect	1696929828365	1696929845443	KO	i.n.h.s.SslHandshakeTimeoutException: handshake timed out after 10000ms
REQUEST		WebSocket Connect	1696929828374	1696929845443	KO	i.n.h.s.SslHandshakeTimeoutException: handshake timed out after 10000ms
USER	WebSocket Load Test	END	1696929845443
USER	WebSocket Load Test	END	1696929845443
USER	WebSocket Load Test	END	1696929845444
USER	WebSocket Load Test	END	1696929845444
REQUEST		WebSocket Connect	1696929828389	1696929845444	KO	i.n.h.s.SslHandshakeTimeoutException: handshake timed out after 10000ms
USER	WebSocket Load Test	END	1696929845444
REQUEST		WebSocket Connect	1696929828381	1696929845444	KO	i.n.h.s.SslHandshakeTimeoutException: handshake timed out after 10000ms
USER	WebSocket Load Test	END	1696929845444
USER	WebSocket Load Test	END	1696929845444
REQUEST		WebSocket Connect	1696929828372	1696929845444	KO	i.n.h.s.SslHandshakeTimeoutException: handshake timed out after 10000ms
USER	WebSocket Load Test	END	1696929845444
USER	WebSocket Load Test	END	1696929845445
REQUEST		WebSocket Connect	1696929828373	1696929845445	KO	i.n.h.s.SslHandshakeTimeoutException: handshake timed out after 10000ms
REQUEST		WebSocket Connect	1696929828383	1696929845445	KO	i.n.h.s.SslHandshakeTimeoutException: handshake timed out after 10000ms
REQUEST		WebSocket Connect	1696929828375	1696929845445	KO	i.n.h.s.SslHandshakeTimeoutException: handshake timed out after 10000ms
REQUEST		WebSocket Connect	1696929828390	1696929845445	KO	i.n.h.s.SslHandshakeTimeoutException: handshake timed out after 10000ms
USER	WebSocket Load Test	END	1696929845445
USER	WebSocket Load Test	END	1696929845445
USER	WebSocket Load Test	END	1696929845445
REQUEST		WebSocket Connect	1696929828376	1696929845445	KO	i.n.h.s.SslHandshakeTimeoutException: handshake timed out after 10000ms
REQUEST		WebSocket Connect	1696929828386	1696929845445	KO	i.n.h.s.SslHandshakeTimeoutException: handshake timed out after 10000ms
USER	WebSocket Load Test	END	1696929845445
REQUEST		WebSocket Connect	1696929828383	1696929845445	KO	i.n.h.s.SslHandshakeTimeoutException: handshake timed out after 10000ms
REQUEST		WebSocket Connect	1696929828391	1696929845445	KO	i.n.h.s.SslHandshakeTimeoutException: handshake timed out after 10000ms
USER	WebSocket Load Test	END	1696929845445
USER	WebSocket Load Test	END	1696929845446
REQUEST		WebSocket Connect	1696929828379	1696929845446	KO	i.n.h.s.SslHandshakeTimeoutException: handshake timed out after 10000ms
USER	WebSocket Load Test	END	1696929845446
USER	WebSocket Load Test	END	1696929845446
REQUEST		WebSocket Connect	1696929828395	1696929845446	KO	i.n.h.s.SslHandshakeTimeoutException: handshake timed out after 10000ms
USER	WebSocket Load Test	END	1696929845446
REQUEST		WebSocket Connect	1696929828388	1696929845446	KO	i.n.h.s.SslHandshakeTimeoutException: handshake timed out after 10000ms
USER	WebSocket Load Test	END	1696929845446
USER	WebSocket Load Test	END	1696929845446
