RUN	computerdatabase.ComputerDatabaseSimulation	computerdatabasesimulation	1696940595145	Socket Load Testing	3.9.5
USER	WebSocket Load Test	START	1696940596946
USER	WebSocket Load Test	START	1696940596946
USER	WebSocket Load Test	START	1696940596946
USER	WebSocket Load Test	START	1696940596945
USER	WebSocket Load Test	START	1696940596947
USER	WebSocket Load Test	START	1696940596946
USER	WebSocket Load Test	START	1696940596946
USER	WebSocket Load Test	START	1696940596946
USER	WebSocket Load Test	START	1696940596949
USER	WebSocket Load Test	START	1696940596949
USER	WebSocket Load Test	START	1696940596949
USER	WebSocket Load Test	START	1696940596949
USER	WebSocket Load Test	START	1696940596950
USER	WebSocket Load Test	START	1696940596950
USER	WebSocket Load Test	START	1696940596951
USER	WebSocket Load Test	START	1696940596951
USER	WebSocket Load Test	START	1696940596951
USER	WebSocket Load Test	START	1696940596946
USER	WebSocket Load Test	START	1696940596951
USER	WebSocket Load Test	START	1696940596945
USER	WebSocket Load Test	START	1696940596946
USER	WebSocket Load Test	START	1696940596954
USER	WebSocket Load Test	START	1696940596954
USER	WebSocket Load Test	START	1696940596954
USER	WebSocket Load Test	START	1696940596954
USER	WebSocket Load Test	START	1696940596946
USER	WebSocket Load Test	START	1696940596955
USER	WebSocket Load Test	START	1696940596957
USER	WebSocket Load Test	START	1696940596957
USER	WebSocket Load Test	START	1696940596958
USER	WebSocket Load Test	START	1696940596959
USER	WebSocket Load Test	START	1696940596957
USER	WebSocket Load Test	START	1696940596959
USER	WebSocket Load Test	START	1696940596960
USER	WebSocket Load Test	START	1696940596946
USER	WebSocket Load Test	START	1696940596964
USER	WebSocket Load Test	START	1696940596964
USER	WebSocket Load Test	START	1696940596966
USER	WebSocket Load Test	START	1696940596967
USER	WebSocket Load Test	START	1696940596967
USER	WebSocket Load Test	START	1696940596967
USER	WebSocket Load Test	START	1696940596956
USER	WebSocket Load Test	START	1696940596970
USER	WebSocket Load Test	START	1696940596971
USER	WebSocket Load Test	START	1696940596971
USER	WebSocket Load Test	START	1696940596971
USER	WebSocket Load Test	START	1696940596973
USER	WebSocket Load Test	START	1696940596974
USER	WebSocket Load Test	START	1696940596974
USER	WebSocket Load Test	START	1696940596974
USER	WebSocket Load Test	START	1696940596975
USER	WebSocket Load Test	START	1696940596976
USER	WebSocket Load Test	START	1696940596945
USER	WebSocket Load Test	START	1696940596987
USER	WebSocket Load Test	START	1696940596987
USER	WebSocket Load Test	START	1696940596991
USER	WebSocket Load Test	START	1696940596992
USER	WebSocket Load Test	START	1696940596994
USER	WebSocket Load Test	START	1696940597001
USER	WebSocket Load Test	START	1696940597003
REQUEST		WebSocket Connect	1696940596901	1696940597659	OK	 
REQUEST		WebSocket Connect	1696940596950	1696940597659	OK	 
REQUEST		WebSocket Connect	1696940596950	1696940597683	OK	 
REQUEST		WebSocket Connect	1696940596949	1696940597683	OK	 
REQUEST		WebSocket Connect	1696940596901	1696940597685	OK	 
REQUEST		WebSocket Connect	1696940596952	1696940597685	OK	 
REQUEST		WebSocket Connect	1696940596952	1696940597686	OK	 
REQUEST		WebSocket Connect	1696940596904	1696940597686	OK	 
REQUEST		WebSocket Connect	1696940596948	1696940598103	OK	 
REQUEST		WebSocket Connect	1696940596950	1696940598954	OK	 
REQUEST		WebSocket Connect	1696940596904	1696940598956	OK	 
REQUEST		WebSocket Connect	1696940596901	1696940600050	OK	 
REQUEST		WebSocket Connect	1696940596960	1696940600050	OK	 
REQUEST		WebSocket Connect	1696940596948	1696940600053	OK	 
REQUEST		WebSocket Connect	1696940596952	1696940600056	OK	 
REQUEST		WebSocket Connect	1696940596910	1696940601163	OK	 
REQUEST		WebSocket Connect	1696940596901	1696940601163	OK	 
REQUEST		WebSocket Connect	1696940596949	1696940601167	OK	 
REQUEST		WebSocket Connect	1696940596961	1696940601167	OK	 
REQUEST		WebSocket Connect	1696940596902	1696940601168	OK	 
REQUEST		WebSocket Connect	1696940596968	1696940601169	OK	 
REQUEST		WebSocket Connect	1696940596952	1696940601169	OK	 
REQUEST		WebSocket Connect	1696940596953	1696940601170	OK	 
REQUEST		WebSocket Connect	1696940596954	1696940602142	OK	 
REQUEST		WebSocket Connect	1696940596951	1696940602142	OK	 
REQUEST		WebSocket Connect	1696940596950	1696940602142	OK	 
REQUEST		WebSocket Connect	1696940596956	1696940602142	OK	 
REQUEST		WebSocket Connect	1696940596909	1696940602142	OK	 
REQUEST		WebSocket Connect	1696940596901	1696940602143	OK	 
REQUEST		WebSocket Connect	1696940596956	1696940602143	OK	 
REQUEST		WebSocket Connect	1696940596952	1696940602144	OK	 
REQUEST		WebSocket Connect	1696940596955	1696940602144	OK	 
REQUEST		WebSocket Connect	1696940596908	1696940602144	OK	 
REQUEST		WebSocket Connect	1696940596970	1696940602186	OK	 
REQUEST		WebSocket Connect	1696940596983	1696940602186	OK	 
REQUEST		WebSocket Connect	1696940596948	1696940602186	OK	 
REQUEST		WebSocket Connect	1696940596958	1696940602198	OK	 
REQUEST		WebSocket Connect	1696940596963	1696940602198	OK	 
REQUEST		WebSocket Connect	1696940596956	1696940602201	OK	 
REQUEST		WebSocket Connect	1696940596908	1696940603047	OK	 
REQUEST		WebSocket Connect	1696940596967	1696940603049	OK	 
REQUEST		WebSocket Connect	1696940596909	1696940603110	OK	 
REQUEST		WebSocket Connect	1696940596965	1696940603110	OK	 
REQUEST		WebSocket Connect	1696940596976	1696940603119	OK	 
REQUEST		WebSocket Connect	1696940596967	1696940603119	OK	 
REQUEST		WebSocket Connect	1696940596970	1696940603119	OK	 
REQUEST		WebSocket Connect	1696940596992	1696940603120	OK	 
REQUEST		WebSocket Connect	1696940596974	1696940603120	OK	 
REQUEST		WebSocket Connect	1696940596901	1696940603121	OK	 
REQUEST		WebSocket Connect	1696940596972	1696940603121	OK	 
REQUEST		WebSocket Connect	1696940597002	1696940603122	OK	 
REQUEST		WebSocket Connect	1696940596958	1696940603124	OK	 
REQUEST		WebSocket Connect	1696940596965	1696940603125	OK	 
REQUEST		WebSocket Connect	1696940596950	1696940603129	OK	 
REQUEST		WebSocket Connect	1696940596953	1696940603147	OK	 
REQUEST		WebSocket Connect	1696940596901	1696940603147	OK	 
REQUEST		WebSocket Connect	1696940596909	1696940603153	OK	 
REQUEST		WebSocket Connect	1696940596993	1696940603159	OK	 
REQUEST		WebSocket Connect	1696940596962	1696940603163	OK	 
REQUEST		WebSocket Connect	1696940596954	1696940603368	OK	 
REQUEST		WebSocket Close	1696940607682	1696940607717	OK	 
REQUEST		WebSocket Close	1696940607682	1696940607717	OK	 
USER	WebSocket Load Test	END	1696940607728
USER	WebSocket Load Test	END	1696940607729
REQUEST		WebSocket Close	1696940607691	1696940607923	OK	 
REQUEST		WebSocket Close	1696940607691	1696940607923	OK	 
USER	WebSocket Load Test	END	1696940607924
USER	WebSocket Load Test	END	1696940607925
REQUEST		WebSocket Close	1696940607691	1696940607925	OK	 
REQUEST		WebSocket Close	1696940607692	1696940607925	OK	 
REQUEST		WebSocket Close	1696940607692	1696940607925	OK	 
USER	WebSocket Load Test	END	1696940607926
USER	WebSocket Load Test	END	1696940607926
USER	WebSocket Load Test	END	1696940607926
REQUEST		WebSocket Close	1696940607692	1696940607926	OK	 
USER	WebSocket Load Test	END	1696940607927
REQUEST		WebSocket Close	1696940608111	1696940608137	OK	 
USER	WebSocket Load Test	END	1696940608137
REQUEST		WebSocket Close	1696940608965	1696940609047	OK	 
USER	WebSocket Load Test	END	1696940609048
REQUEST		WebSocket Close	1696940608965	1696940609058	OK	 
USER	WebSocket Load Test	END	1696940609059
REQUEST		WebSocket Close	1696940610054	1696940610079	OK	 
USER	WebSocket Load Test	END	1696940610080
REQUEST		WebSocket Close	1696940610054	1696940610174	OK	 
USER	WebSocket Load Test	END	1696940610174
REQUEST		WebSocket Close	1696940610070	1696940610177	OK	 
REQUEST		WebSocket Close	1696940610070	1696940610177	OK	 
USER	WebSocket Load Test	END	1696940610179
USER	WebSocket Load Test	END	1696940610179
REQUEST		WebSocket Close	1696940611178	1696940611397	OK	 
USER	WebSocket Load Test	END	1696940611398
REQUEST		WebSocket Close	1696940611179	1696940611404	OK	 
USER	WebSocket Load Test	END	1696940611405
REQUEST		WebSocket Close	1696940611178	1696940611404	OK	 
REQUEST		WebSocket Close	1696940611178	1696940611406	OK	 
REQUEST		WebSocket Close	1696940611178	1696940611406	OK	 
USER	WebSocket Load Test	END	1696940611406
REQUEST		WebSocket Close	1696940611178	1696940611406	OK	 
REQUEST		WebSocket Close	1696940611178	1696940611406	OK	 
USER	WebSocket Load Test	END	1696940611406
USER	WebSocket Load Test	END	1696940611407
REQUEST		WebSocket Close	1696940611179	1696940611407	OK	 
USER	WebSocket Load Test	END	1696940611408
USER	WebSocket Load Test	END	1696940611408
USER	WebSocket Load Test	END	1696940611408
REQUEST		WebSocket Close	1696940612159	1696940612251	OK	 
REQUEST		WebSocket Close	1696940612160	1696940612251	OK	 
REQUEST		WebSocket Close	1696940612159	1696940612251	OK	 
REQUEST		WebSocket Close	1696940612159	1696940612251	OK	 
REQUEST		WebSocket Close	1696940612160	1696940612251	OK	 
USER	WebSocket Load Test	END	1696940612252
USER	WebSocket Load Test	END	1696940612252
USER	WebSocket Load Test	END	1696940612252
USER	WebSocket Load Test	END	1696940612252
USER	WebSocket Load Test	END	1696940612253
REQUEST		WebSocket Close	1696940612160	1696940612253	OK	 
REQUEST		WebSocket Close	1696940612159	1696940612253	OK	 
REQUEST		WebSocket Close	1696940612159	1696940612253	OK	 
USER	WebSocket Load Test	END	1696940612253
USER	WebSocket Load Test	END	1696940612254
USER	WebSocket Load Test	END	1696940612254
REQUEST		WebSocket Close	1696940612160	1696940612256	OK	 
USER	WebSocket Load Test	END	1696940612257
REQUEST		WebSocket Close	1696940612160	1696940612261	OK	 
USER	WebSocket Load Test	END	1696940612261
REQUEST		WebSocket Close	1696940612189	1696940612270	OK	 
USER	WebSocket Load Test	END	1696940612270
REQUEST		WebSocket Close	1696940612189	1696940612290	OK	 
REQUEST		WebSocket Close	1696940612204	1696940612291	OK	 
USER	WebSocket Load Test	END	1696940612291
USER	WebSocket Load Test	END	1696940612291
REQUEST		WebSocket Close	1696940612204	1696940612326	OK	 
REQUEST		WebSocket Close	1696940612204	1696940612326	OK	 
REQUEST		WebSocket Close	1696940612189	1696940612326	OK	 
USER	WebSocket Load Test	END	1696940612327
USER	WebSocket Load Test	END	1696940612327
USER	WebSocket Load Test	END	1696940612327
REQUEST		WebSocket Close	1696940613051	1696940613075	OK	 
USER	WebSocket Load Test	END	1696940613076
REQUEST		WebSocket Close	1696940613051	1696940613143	OK	 
REQUEST		WebSocket Close	1696940613114	1696940613143	OK	 
USER	WebSocket Load Test	END	1696940613144
USER	WebSocket Load Test	END	1696940613144
REQUEST		WebSocket Close	1696940613119	1696940613149	OK	 
USER	WebSocket Load Test	END	1696940613149
REQUEST		WebSocket Close	1696940613129	1696940613165	OK	 
USER	WebSocket Load Test	END	1696940613165
REQUEST		WebSocket Close	1696940613128	1696940613179	OK	 
USER	WebSocket Load Test	END	1696940613180
REQUEST		WebSocket Close	1696940613129	1696940613246	OK	 
REQUEST		WebSocket Close	1696940613129	1696940613246	OK	 
REQUEST		WebSocket Close	1696940613128	1696940613246	OK	 
REQUEST		WebSocket Close	1696940613128	1696940613246	OK	 
USER	WebSocket Load Test	END	1696940613247
USER	WebSocket Load Test	END	1696940613247
USER	WebSocket Load Test	END	1696940613247
USER	WebSocket Load Test	END	1696940613247
REQUEST		WebSocket Close	1696940613129	1696940613248	OK	 
USER	WebSocket Load Test	END	1696940613248
REQUEST		WebSocket Close	1696940613129	1696940613263	OK	 
USER	WebSocket Load Test	END	1696940613263
REQUEST		WebSocket Close	1696940613128	1696940613265	OK	 
USER	WebSocket Load Test	END	1696940613266
REQUEST		WebSocket Close	1696940613128	1696940613302	OK	 
USER	WebSocket Load Test	END	1696940613303
REQUEST		WebSocket Close	1696940613144	1696940613306	OK	 
USER	WebSocket Load Test	END	1696940613306
REQUEST		WebSocket Close	1696940613160	1696940613307	OK	 
USER	WebSocket Load Test	END	1696940613308
REQUEST		WebSocket Close	1696940613159	1696940613347	OK	 
REQUEST		WebSocket Close	1696940613175	1696940613348	OK	 
REQUEST		WebSocket Close	1696940613160	1696940613348	OK	 
USER	WebSocket Load Test	END	1696940613348
USER	WebSocket Load Test	END	1696940613348
USER	WebSocket Load Test	END	1696940613348
REQUEST		WebSocket Close	1696940613160	1696940613349	OK	 
USER	WebSocket Load Test	END	1696940613350
REQUEST		WebSocket Close	1696940613376	1696940613433	OK	 
USER	WebSocket Load Test	END	1696940613434
