RUN	computerdatabase.ComputerDatabaseSimulation	computerdatabasesimulation	1696940155877	sample run	3.9.5
USER	WebSocket Load Test	START	1696940157659
USER	WebSocket Load Test	START	1696940157660
USER	WebSocket Load Test	START	1696940157659
USER	WebSocket Load Test	START	1696940157660
USER	WebSocket Load Test	START	1696940157659
USER	WebSocket Load Test	START	1696940157662
USER	WebSocket Load Test	START	1696940157662
USER	WebSocket Load Test	START	1696940157662
USER	WebSocket Load Test	START	1696940157662
USER	WebSocket Load Test	START	1696940157662
USER	WebSocket Load Test	START	1696940157663
USER	WebSocket Load Test	START	1696940157663
USER	WebSocket Load Test	START	1696940157664
USER	WebSocket Load Test	START	1696940157664
USER	WebSocket Load Test	START	1696940157664
USER	WebSocket Load Test	START	1696940157665
USER	WebSocket Load Test	START	1696940157665
USER	WebSocket Load Test	START	1696940157666
USER	WebSocket Load Test	START	1696940157662
USER	WebSocket Load Test	START	1696940157659
USER	WebSocket Load Test	START	1696940157667
USER	WebSocket Load Test	START	1696940157667
USER	WebSocket Load Test	START	1696940157667
USER	WebSocket Load Test	START	1696940157667
USER	WebSocket Load Test	START	1696940157668
USER	WebSocket Load Test	START	1696940157669
USER	WebSocket Load Test	START	1696940157669
USER	WebSocket Load Test	START	1696940157669
USER	WebSocket Load Test	START	1696940157669
USER	WebSocket Load Test	START	1696940157670
USER	WebSocket Load Test	START	1696940157670
USER	WebSocket Load Test	START	1696940157671
USER	WebSocket Load Test	START	1696940157673
USER	WebSocket Load Test	START	1696940157671
USER	WebSocket Load Test	START	1696940157675
USER	WebSocket Load Test	START	1696940157677
USER	WebSocket Load Test	START	1696940157678
USER	WebSocket Load Test	START	1696940157680
USER	WebSocket Load Test	START	1696940157680
USER	WebSocket Load Test	START	1696940157681
USER	WebSocket Load Test	START	1696940157683
USER	WebSocket Load Test	START	1696940157683
USER	WebSocket Load Test	START	1696940157684
USER	WebSocket Load Test	START	1696940157685
USER	WebSocket Load Test	START	1696940157685
USER	WebSocket Load Test	START	1696940157686
USER	WebSocket Load Test	START	1696940157659
USER	WebSocket Load Test	START	1696940157686
USER	WebSocket Load Test	START	1696940157701
USER	WebSocket Load Test	START	1696940157703
REQUEST		WebSocket Connect	1696940157631	1696940158206	OK	 
REQUEST		WebSocket Connect	1696940157678	1696940158206	OK	 
REQUEST		WebSocket Connect	1696940157669	1696940158206	OK	 
REQUEST		WebSocket Connect	1696940157625	1696940158206	OK	 
REQUEST		WebSocket Connect	1696940157622	1696940158206	OK	 
REQUEST		WebSocket Connect	1696940157661	1696940158214	OK	 
REQUEST		WebSocket Connect	1696940157662	1696940158214	OK	 
REQUEST		WebSocket Connect	1696940157629	1696940158232	OK	 
REQUEST		WebSocket Connect	1696940157666	1696940158232	OK	 
REQUEST		WebSocket Connect	1696940157661	1696940158232	OK	 
REQUEST		WebSocket Connect	1696940157629	1696940158232	OK	 
REQUEST		WebSocket Connect	1696940157664	1696940158234	OK	 
REQUEST		WebSocket Connect	1696940157670	1696940158279	OK	 
REQUEST		WebSocket Connect	1696940157681	1696940158285	OK	 
REQUEST		WebSocket Connect	1696940157666	1696940158285	OK	 
REQUEST		WebSocket Connect	1696940157685	1696940158286	OK	 
REQUEST		WebSocket Connect	1696940157631	1696940158286	OK	 
REQUEST		WebSocket Connect	1696940157685	1696940158286	OK	 
REQUEST		WebSocket Connect	1696940157622	1696940158288	OK	 
REQUEST		WebSocket Connect	1696940157663	1696940158288	OK	 
REQUEST		WebSocket Connect	1696940157666	1696940158288	OK	 
REQUEST		WebSocket Connect	1696940157685	1696940158290	OK	 
REQUEST		WebSocket Connect	1696940157663	1696940158325	OK	 
REQUEST		WebSocket Connect	1696940157664	1696940158327	OK	 
REQUEST		WebSocket Connect	1696940157668	1696940158354	OK	 
REQUEST		WebSocket Connect	1696940157679	1696940158357	OK	 
REQUEST		WebSocket Connect	1696940157625	1696940158374	OK	 
REQUEST		WebSocket Connect	1696940157683	1696940158380	OK	 
REQUEST		WebSocket Connect	1696940157661	1696940158383	OK	 
REQUEST		WebSocket Connect	1696940157674	1696940158384	OK	 
REQUEST		WebSocket Connect	1696940157668	1696940158389	OK	 
REQUEST		WebSocket Connect	1696940157686	1696940158486	OK	 
REQUEST		WebSocket Connect	1696940157661	1696940158486	OK	 
REQUEST		WebSocket Connect	1696940157623	1696940159035	OK	 
REQUEST		WebSocket Connect	1696940157663	1696940159049	OK	 
REQUEST		WebSocket Connect	1696940157673	1696940159081	OK	 
REQUEST		WebSocket Connect	1696940157667	1696940159083	OK	 
REQUEST		WebSocket Connect	1696940157629	1696940159083	OK	 
REQUEST		WebSocket Connect	1696940157668	1696940159083	OK	 
REQUEST		WebSocket Connect	1696940157670	1696940159084	OK	 
REQUEST		WebSocket Connect	1696940157632	1696940159087	OK	 
REQUEST		WebSocket Connect	1696940157628	1696940159087	OK	 
REQUEST		WebSocket Connect	1696940157622	1696940159087	OK	 
REQUEST		WebSocket Connect	1696940157661	1696940159087	OK	 
REQUEST		WebSocket Connect	1696940157622	1696940159087	OK	 
REQUEST		WebSocket Connect	1696940157702	1696940159098	OK	 
REQUEST		WebSocket Connect	1696940157663	1696940159108	OK	 
REQUEST		WebSocket Connect	1696940157624	1696940159110	OK	 
REQUEST		WebSocket Connect	1696940157624	1696940159204	OK	 
REQUEST		WebSocket Connect	1696940157700	1696940159208	OK	 
REQUEST		WebSocket Close	1696940178237	1696940178261	OK	 
USER	WebSocket Load Test	END	1696940178270
REQUEST		WebSocket Close	1696940178237	1696940178304	OK	 
USER	WebSocket Load Test	END	1696940178304
REQUEST		WebSocket Close	1696940178237	1696940178318	OK	 
USER	WebSocket Load Test	END	1696940178318
REQUEST		WebSocket Close	1696940178237	1696940178322	OK	 
USER	WebSocket Load Test	END	1696940178323
REQUEST		WebSocket Close	1696940178237	1696940178339	OK	 
USER	WebSocket Load Test	END	1696940178340
REQUEST		WebSocket Close	1696940178238	1696940178342	OK	 
USER	WebSocket Load Test	END	1696940178342
REQUEST		WebSocket Close	1696940178238	1696940178347	OK	 
USER	WebSocket Load Test	END	1696940178347
REQUEST		WebSocket Close	1696940178237	1696940178366	OK	 
USER	WebSocket Load Test	END	1696940178367
REQUEST		WebSocket Close	1696940178237	1696940178374	OK	 
USER	WebSocket Load Test	END	1696940178375
REQUEST		WebSocket Close	1696940178238	1696940178378	OK	 
USER	WebSocket Load Test	END	1696940178379
REQUEST		WebSocket Close	1696940178293	1696940178446	OK	 
REQUEST		WebSocket Close	1696940178238	1696940178446	OK	 
REQUEST		WebSocket Close	1696940178238	1696940178446	OK	 
USER	WebSocket Load Test	END	1696940178447
USER	WebSocket Load Test	END	1696940178447
USER	WebSocket Load Test	END	1696940178447
REQUEST		WebSocket Close	1696940178293	1696940178447	OK	 
REQUEST		WebSocket Close	1696940178293	1696940178448	OK	 
USER	WebSocket Load Test	END	1696940178448
REQUEST		WebSocket Close	1696940178294	1696940178448	OK	 
USER	WebSocket Load Test	END	1696940178448
REQUEST		WebSocket Close	1696940178294	1696940178449	OK	 
USER	WebSocket Load Test	END	1696940178449
USER	WebSocket Load Test	END	1696940178450
REQUEST		WebSocket Close	1696940178294	1696940178456	OK	 
USER	WebSocket Load Test	END	1696940178457
REQUEST		WebSocket Close	1696940178294	1696940178563	OK	 
REQUEST		WebSocket Close	1696940178294	1696940178563	OK	 
REQUEST		WebSocket Close	1696940178294	1696940178564	OK	 
REQUEST		WebSocket Close	1696940178326	1696940178565	OK	 
REQUEST		WebSocket Close	1696940178293	1696940178565	OK	 
REQUEST		WebSocket Close	1696940178370	1696940178565	OK	 
REQUEST		WebSocket Close	1696940178339	1696940178566	OK	 
USER	WebSocket Load Test	END	1696940178566
USER	WebSocket Load Test	END	1696940178566
USER	WebSocket Load Test	END	1696940178566
USER	WebSocket Load Test	END	1696940178566
USER	WebSocket Load Test	END	1696940178566
USER	WebSocket Load Test	END	1696940178566
USER	WebSocket Load Test	END	1696940178567
REQUEST		WebSocket Close	1696940178385	1696940178570	OK	 
REQUEST		WebSocket Close	1696940178385	1696940178570	OK	 
REQUEST		WebSocket Close	1696940178370	1696940178571	OK	 
REQUEST		WebSocket Close	1696940178386	1696940178572	OK	 
REQUEST		WebSocket Close	1696940178401	1696940178572	OK	 
USER	WebSocket Load Test	END	1696940178573
USER	WebSocket Load Test	END	1696940178573
USER	WebSocket Load Test	END	1696940178573
USER	WebSocket Load Test	END	1696940178573
USER	WebSocket Load Test	END	1696940178573
REQUEST		WebSocket Close	1696940178385	1696940178577	OK	 
USER	WebSocket Load Test	END	1696940178578
REQUEST		WebSocket Close	1696940178493	1696940178578	OK	 
USER	WebSocket Load Test	END	1696940178578
REQUEST		WebSocket Close	1696940178493	1696940178648	OK	 
USER	WebSocket Load Test	END	1696940178649
REQUEST		WebSocket Close	1696940179039	1696940179065	OK	 
USER	WebSocket Load Test	END	1696940179066
REQUEST		WebSocket Close	1696940179055	1696940179077	OK	 
USER	WebSocket Load Test	END	1696940179078
REQUEST		WebSocket Close	1696940179085	1696940179166	OK	 
REQUEST		WebSocket Close	1696940179085	1696940179166	OK	 
REQUEST		WebSocket Close	1696940179085	1696940179166	OK	 
REQUEST		WebSocket Close	1696940179085	1696940179167	OK	 
REQUEST		WebSocket Close	1696940179100	1696940179166	OK	 
USER	WebSocket Load Test	END	1696940179167
USER	WebSocket Load Test	END	1696940179167
USER	WebSocket Load Test	END	1696940179168
USER	WebSocket Load Test	END	1696940179168
USER	WebSocket Load Test	END	1696940179168
REQUEST		WebSocket Close	1696940179100	1696940179168	OK	 
REQUEST		WebSocket Close	1696940179100	1696940179168	OK	 
USER	WebSocket Load Test	END	1696940179168
USER	WebSocket Load Test	END	1696940179168
REQUEST		WebSocket Close	1696940179100	1696940179171	OK	 
USER	WebSocket Load Test	END	1696940179171
REQUEST		WebSocket Close	1696940179100	1696940179185	OK	 
REQUEST		WebSocket Close	1696940179100	1696940179185	OK	 
USER	WebSocket Load Test	END	1696940179185
USER	WebSocket Load Test	END	1696940179186
REQUEST		WebSocket Close	1696940179101	1696940179192	OK	 
USER	WebSocket Load Test	END	1696940179192
REQUEST		WebSocket Close	1696940179116	1696940179206	OK	 
USER	WebSocket Load Test	END	1696940179207
REQUEST		WebSocket Close	1696940179116	1696940179214	OK	 
USER	WebSocket Load Test	END	1696940179214
REQUEST		WebSocket Close	1696940179213	1696940179252	OK	 
USER	WebSocket Load Test	END	1696940179253
REQUEST		WebSocket Close	1696940179214	1696940179290	OK	 
USER	WebSocket Load Test	END	1696940179290
