RUN	computerdatabase.ComputerDatabaseSimulation	computerdatabasesimulation	1696955469853	WebSocket Load testing	3.9.5
USER	WebSocket Load Test	START	1696955471656
USER	WebSocket Load Test	START	1696955471655
USER	WebSocket Load Test	START	1696955471655
USER	WebSocket Load Test	START	1696955471655
USER	WebSocket Load Test	START	1696955471655
USER	WebSocket Load Test	START	1696955471658
USER	WebSocket Load Test	START	1696955471658
USER	WebSocket Load Test	START	1696955471659
USER	WebSocket Load Test	START	1696955471659
USER	WebSocket Load Test	START	1696955471659
USER	WebSocket Load Test	START	1696955471659
USER	WebSocket Load Test	START	1696955471660
USER	WebSocket Load Test	START	1696955471661
USER	WebSocket Load Test	START	1696955471661
USER	WebSocket Load Test	START	1696955471661
USER	WebSocket Load Test	START	1696955471661
USER	WebSocket Load Test	START	1696955471661
USER	WebSocket Load Test	START	1696955471662
USER	WebSocket Load Test	START	1696955471662
USER	WebSocket Load Test	START	1696955471662
USER	WebSocket Load Test	START	1696955471662
USER	WebSocket Load Test	START	1696955471663
USER	WebSocket Load Test	START	1696955471664
USER	WebSocket Load Test	START	1696955471664
USER	WebSocket Load Test	START	1696955471664
USER	WebSocket Load Test	START	1696955471665
USER	WebSocket Load Test	START	1696955471665
USER	WebSocket Load Test	START	1696955471665
USER	WebSocket Load Test	START	1696955471665
USER	WebSocket Load Test	START	1696955471666
USER	WebSocket Load Test	START	1696955471666
USER	WebSocket Load Test	START	1696955471666
USER	WebSocket Load Test	START	1696955471667
USER	WebSocket Load Test	START	1696955471667
USER	WebSocket Load Test	START	1696955471667
USER	WebSocket Load Test	START	1696955471668
USER	WebSocket Load Test	START	1696955471668
USER	WebSocket Load Test	START	1696955471669
USER	WebSocket Load Test	START	1696955471669
USER	WebSocket Load Test	START	1696955471669
USER	WebSocket Load Test	START	1696955471669
USER	WebSocket Load Test	START	1696955471669
USER	WebSocket Load Test	START	1696955471670
USER	WebSocket Load Test	START	1696955471670
USER	WebSocket Load Test	START	1696955471670
USER	WebSocket Load Test	START	1696955471671
USER	WebSocket Load Test	START	1696955471671
USER	WebSocket Load Test	START	1696955471672
USER	WebSocket Load Test	START	1696955471672
USER	WebSocket Load Test	START	1696955471672
USER	WebSocket Load Test	START	1696955471673
USER	WebSocket Load Test	START	1696955471673
USER	WebSocket Load Test	START	1696955471673
USER	WebSocket Load Test	START	1696955471673
USER	WebSocket Load Test	START	1696955471674
USER	WebSocket Load Test	START	1696955471674
USER	WebSocket Load Test	START	1696955471674
USER	WebSocket Load Test	START	1696955471675
USER	WebSocket Load Test	START	1696955471675
USER	WebSocket Load Test	START	1696955471675
USER	WebSocket Load Test	START	1696955471676
USER	WebSocket Load Test	START	1696955471676
USER	WebSocket Load Test	START	1696955471676
USER	WebSocket Load Test	START	1696955471677
USER	WebSocket Load Test	START	1696955471677
USER	WebSocket Load Test	START	1696955471677
USER	WebSocket Load Test	START	1696955471678
USER	WebSocket Load Test	START	1696955471679
USER	WebSocket Load Test	START	1696955471679
USER	WebSocket Load Test	START	1696955471680
USER	WebSocket Load Test	START	1696955471681
USER	WebSocket Load Test	START	1696955471681
USER	WebSocket Load Test	START	1696955471682
USER	WebSocket Load Test	START	1696955471682
USER	WebSocket Load Test	START	1696955471683
USER	WebSocket Load Test	START	1696955471684
USER	WebSocket Load Test	START	1696955471684
USER	WebSocket Load Test	START	1696955471685
USER	WebSocket Load Test	START	1696955471685
USER	WebSocket Load Test	START	1696955471685
USER	WebSocket Load Test	START	1696955471686
USER	WebSocket Load Test	START	1696955471686
USER	WebSocket Load Test	START	1696955471686
USER	WebSocket Load Test	START	1696955471686
USER	WebSocket Load Test	START	1696955471687
USER	WebSocket Load Test	START	1696955471688
USER	WebSocket Load Test	START	1696955471688
USER	WebSocket Load Test	START	1696955471688
USER	WebSocket Load Test	START	1696955471689
USER	WebSocket Load Test	START	1696955471689
USER	WebSocket Load Test	START	1696955471689
USER	WebSocket Load Test	START	1696955471690
USER	WebSocket Load Test	START	1696955471691
USER	WebSocket Load Test	START	1696955471691
USER	WebSocket Load Test	START	1696955471691
USER	WebSocket Load Test	START	1696955471691
USER	WebSocket Load Test	START	1696955471692
USER	WebSocket Load Test	START	1696955471692
USER	WebSocket Load Test	START	1696955471692
USER	WebSocket Load Test	START	1696955471692
USER	WebSocket Load Test	START	1696955471693
USER	WebSocket Load Test	START	1696955471693
USER	WebSocket Load Test	START	1696955471694
USER	WebSocket Load Test	START	1696955471694
USER	WebSocket Load Test	START	1696955471694
USER	WebSocket Load Test	START	1696955471695
USER	WebSocket Load Test	START	1696955471695
USER	WebSocket Load Test	START	1696955471695
USER	WebSocket Load Test	START	1696955471696
USER	WebSocket Load Test	START	1696955471696
USER	WebSocket Load Test	START	1696955471697
USER	WebSocket Load Test	START	1696955471697
USER	WebSocket Load Test	START	1696955471698
USER	WebSocket Load Test	START	1696955471698
USER	WebSocket Load Test	START	1696955471699
USER	WebSocket Load Test	START	1696955471699
USER	WebSocket Load Test	START	1696955471700
USER	WebSocket Load Test	START	1696955471700
USER	WebSocket Load Test	START	1696955471701
USER	WebSocket Load Test	START	1696955471702
USER	WebSocket Load Test	START	1696955471702
USER	WebSocket Load Test	START	1696955471703
USER	WebSocket Load Test	START	1696955471704
USER	WebSocket Load Test	START	1696955471704
USER	WebSocket Load Test	START	1696955471705
USER	WebSocket Load Test	START	1696955471705
USER	WebSocket Load Test	START	1696955471705
USER	WebSocket Load Test	START	1696955471705
USER	WebSocket Load Test	START	1696955471706
USER	WebSocket Load Test	START	1696955471707
USER	WebSocket Load Test	START	1696955471707
USER	WebSocket Load Test	START	1696955471707
USER	WebSocket Load Test	START	1696955471708
USER	WebSocket Load Test	START	1696955471708
USER	WebSocket Load Test	START	1696955471708
USER	WebSocket Load Test	START	1696955471709
USER	WebSocket Load Test	START	1696955471709
USER	WebSocket Load Test	START	1696955471709
USER	WebSocket Load Test	START	1696955471709
USER	WebSocket Load Test	START	1696955471709
USER	WebSocket Load Test	START	1696955471710
USER	WebSocket Load Test	START	1696955471711
USER	WebSocket Load Test	START	1696955471711
USER	WebSocket Load Test	START	1696955471711
USER	WebSocket Load Test	START	1696955471711
USER	WebSocket Load Test	START	1696955471710
USER	WebSocket Load Test	START	1696955471712
USER	WebSocket Load Test	START	1696955471712
USER	WebSocket Load Test	START	1696955471712
USER	WebSocket Load Test	START	1696955471713
USER	WebSocket Load Test	START	1696955471713
USER	WebSocket Load Test	START	1696955471713
USER	WebSocket Load Test	START	1696955471713
USER	WebSocket Load Test	START	1696955471714
USER	WebSocket Load Test	START	1696955471714
USER	WebSocket Load Test	START	1696955471715
USER	WebSocket Load Test	START	1696955471715
USER	WebSocket Load Test	START	1696955471715
USER	WebSocket Load Test	START	1696955471716
USER	WebSocket Load Test	START	1696955471716
USER	WebSocket Load Test	START	1696955471716
USER	WebSocket Load Test	START	1696955471716
USER	WebSocket Load Test	START	1696955471717
USER	WebSocket Load Test	START	1696955471717
USER	WebSocket Load Test	START	1696955471717
USER	WebSocket Load Test	START	1696955471717
USER	WebSocket Load Test	START	1696955471718
USER	WebSocket Load Test	START	1696955471719
USER	WebSocket Load Test	START	1696955471719
USER	WebSocket Load Test	START	1696955471719
USER	WebSocket Load Test	START	1696955471719
USER	WebSocket Load Test	START	1696955471720
USER	WebSocket Load Test	START	1696955471720
USER	WebSocket Load Test	START	1696955471720
USER	WebSocket Load Test	START	1696955471720
USER	WebSocket Load Test	START	1696955471721
USER	WebSocket Load Test	START	1696955471721
USER	WebSocket Load Test	START	1696955471721
USER	WebSocket Load Test	START	1696955471722
USER	WebSocket Load Test	START	1696955471716
USER	WebSocket Load Test	START	1696955471723
USER	WebSocket Load Test	START	1696955471723
USER	WebSocket Load Test	START	1696955471724
USER	WebSocket Load Test	START	1696955471724
USER	WebSocket Load Test	START	1696955471725
USER	WebSocket Load Test	START	1696955471726
USER	WebSocket Load Test	START	1696955471726
USER	WebSocket Load Test	START	1696955471727
USER	WebSocket Load Test	START	1696955471727
USER	WebSocket Load Test	START	1696955471727
USER	WebSocket Load Test	START	1696955471728
USER	WebSocket Load Test	START	1696955471728
USER	WebSocket Load Test	START	1696955471729
USER	WebSocket Load Test	START	1696955471729
USER	WebSocket Load Test	START	1696955471731
USER	WebSocket Load Test	START	1696955471731
USER	WebSocket Load Test	START	1696955471732
USER	WebSocket Load Test	START	1696955471732
USER	WebSocket Load Test	START	1696955471737
USER	WebSocket Load Test	START	1696955471739
REQUEST		WebSocket Connect	1696955471629	1696955472755	OK	 
REQUEST		WebSocket Connect	1696955471663	1696955472758	OK	 
REQUEST		WebSocket Connect	1696955471666	1696955472755	OK	 
REQUEST		WebSocket Connect	1696955471662	1696955472784	OK	 
REQUEST		WebSocket Connect	1696955471672	1696955472800	OK	 
REQUEST		WebSocket Connect	1696955471659	1696955472843	OK	 
REQUEST		WebSocket Connect	1696955471624	1696955472843	OK	 
REQUEST		WebSocket Connect	1696955471622	1696955472843	OK	 
REQUEST		WebSocket Connect	1696955471660	1696955472845	OK	 
REQUEST		WebSocket Connect	1696955471657	1696955472848	OK	 
REQUEST		WebSocket Connect	1696955471667	1696955472873	OK	 
REQUEST		WebSocket Connect	1696955471663	1696955472873	OK	 
REQUEST		WebSocket Connect	1696955471662	1696955472881	OK	 
REQUEST		WebSocket Connect	1696955471660	1696955472889	OK	 
REQUEST		WebSocket Connect	1696955471668	1696955472889	OK	 
REQUEST		WebSocket Connect	1696955471668	1696955472895	OK	 
REQUEST		WebSocket Connect	1696955471663	1696955472908	OK	 
REQUEST		WebSocket Connect	1696955471670	1696955472913	OK	 
REQUEST		WebSocket Connect	1696955471673	1696955472920	OK	 
REQUEST		WebSocket Connect	1696955471665	1696955472921	OK	 
REQUEST		WebSocket Connect	1696955471661	1696955472922	OK	 
REQUEST		WebSocket Connect	1696955471679	1696955472925	OK	 
REQUEST		WebSocket Connect	1696955471675	1696955472931	OK	 
REQUEST		WebSocket Connect	1696955471670	1696955472931	OK	 
REQUEST		WebSocket Connect	1696955471622	1696955472931	OK	 
REQUEST		WebSocket Connect	1696955471669	1696955472937	OK	 
REQUEST		WebSocket Connect	1696955471663	1696955472944	OK	 
REQUEST		WebSocket Connect	1696955471665	1696955472944	OK	 
REQUEST		WebSocket Connect	1696955471675	1696955472949	OK	 
REQUEST		WebSocket Connect	1696955471673	1696955472968	OK	 
REQUEST		WebSocket Connect	1696955471681	1696955472974	OK	 
REQUEST		WebSocket Connect	1696955471666	1696955472974	OK	 
REQUEST		WebSocket Connect	1696955471666	1696955472979	OK	 
REQUEST		WebSocket Connect	1696955471684	1696955472979	OK	 
REQUEST		WebSocket Connect	1696955471674	1696955473015	OK	 
REQUEST		WebSocket Connect	1696955471669	1696955473021	OK	 
REQUEST		WebSocket Connect	1696955471669	1696955473021	OK	 
REQUEST		WebSocket Connect	1696955471668	1696955473038	OK	 
REQUEST		WebSocket Connect	1696955471684	1696955473045	OK	 
REQUEST		WebSocket Connect	1696955471671	1696955473063	OK	 
REQUEST		WebSocket Connect	1696955471629	1696955473081	OK	 
REQUEST		WebSocket Connect	1696955471660	1696955473087	OK	 
REQUEST		WebSocket Connect	1696955471678	1696955473135	OK	 
REQUEST		WebSocket Connect	1696955471686	1696955473200	OK	 
REQUEST		WebSocket Connect	1696955471664	1696955473200	OK	 
REQUEST		WebSocket Connect	1696955471662	1696955473205	OK	 
REQUEST		WebSocket Connect	1696955471657	1696955473385	OK	 
REQUEST		WebSocket Connect	1696955471657	1696955474164	OK	 
REQUEST		WebSocket Connect	1696955471665	1696955474258	OK	 
REQUEST		WebSocket Connect	1696955471667	1696955474262	OK	 
REQUEST		WebSocket Connect	1696955471657	1696955475234	OK	 
REQUEST		WebSocket Connect	1696955471686	1696955475244	OK	 
REQUEST		WebSocket Connect	1696955471680	1696955475246	OK	 
REQUEST		WebSocket Connect	1696955471665	1696955475274	OK	 
REQUEST		WebSocket Connect	1696955471622	1696955476678	OK	 
REQUEST		WebSocket Connect	1696955471691	1696955476708	OK	 
REQUEST		WebSocket Connect	1696955471679	1696955476719	OK	 
REQUEST		WebSocket Connect	1696955471672	1696955476720	OK	 
REQUEST		WebSocket Connect	1696955471672	1696955476733	OK	 
REQUEST		WebSocket Connect	1696955471671	1696955476733	OK	 
REQUEST		WebSocket Connect	1696955471690	1696955476733	OK	 
REQUEST		WebSocket Connect	1696955471668	1696955476743	OK	 
REQUEST		WebSocket Connect	1696955471671	1696955477494	OK	 
REQUEST		WebSocket Connect	1696955471691	1696955477499	OK	 
REQUEST		WebSocket Connect	1696955471669	1696955477518	OK	 
REQUEST		WebSocket Connect	1696955471675	1696955477518	OK	 
REQUEST		WebSocket Connect	1696955471629	1696955477525	OK	 
REQUEST		WebSocket Connect	1696955471678	1696955477549	OK	 
REQUEST		WebSocket Connect	1696955471675	1696955477549	OK	 
REQUEST		WebSocket Connect	1696955471672	1696955477550	OK	 
REQUEST		WebSocket Connect	1696955471693	1696955477553	OK	 
REQUEST		WebSocket Connect	1696955471674	1696955477555	OK	 
REQUEST		WebSocket Connect	1696955471676	1696955477555	OK	 
REQUEST		WebSocket Connect	1696955471698	1696955477555	OK	 
REQUEST		WebSocket Connect	1696955471677	1696955477565	OK	 
REQUEST		WebSocket Connect	1696955471673	1696955477573	OK	 
REQUEST		WebSocket Connect	1696955471687	1696955477574	OK	 
REQUEST		WebSocket Connect	1696955471662	1696955477585	OK	 
REQUEST		WebSocket Connect	1696955471697	1696955478554	OK	 
REQUEST		WebSocket Connect	1696955471659	1696955478569	OK	 
REQUEST		WebSocket Connect	1696955471622	1696955478569	OK	 
REQUEST		WebSocket Connect	1696955471719	1696955478569	OK	 
REQUEST		WebSocket Connect	1696955471688	1696955478569	OK	 
REQUEST		WebSocket Connect	1696955471690	1696955478593	OK	 
REQUEST		WebSocket Connect	1696955471683	1696955478601	OK	 
REQUEST		WebSocket Connect	1696955471628	1696955478601	OK	 
REQUEST		WebSocket Connect	1696955471708	1696955478607	OK	 
REQUEST		WebSocket Connect	1696955471694	1696955478620	OK	 
REQUEST		WebSocket Connect	1696955471673	1696955478633	OK	 
REQUEST		WebSocket Connect	1696955471695	1696955478633	OK	 
REQUEST		WebSocket Connect	1696955471696	1696955478633	OK	 
REQUEST		WebSocket Connect	1696955471630	1696955478653	OK	 
REQUEST		WebSocket Connect	1696955471687	1696955478679	OK	 
REQUEST		WebSocket Connect	1696955471698	1696955478685	OK	 
REQUEST		WebSocket Connect	1696955471710	1696955478691	OK	 
REQUEST		WebSocket Connect	1696955471705	1696955478712	OK	 
REQUEST		WebSocket Connect	1696955471701	1696955478734	OK	 
REQUEST		WebSocket Connect	1696955471626	1696955478735	OK	 
REQUEST		WebSocket Connect	1696955471688	1696955478754	OK	 
REQUEST		WebSocket Connect	1696955471659	1696955478756	OK	 
REQUEST		WebSocket Connect	1696955471711	1696955478763	OK	 
REQUEST		WebSocket Connect	1696955471702	1696955478775	OK	 
REQUEST		WebSocket Connect	1696955471622	1696955478793	OK	 
REQUEST		WebSocket Connect	1696955471665	1696955478797	OK	 
REQUEST		WebSocket Connect	1696955471696	1696955478823	OK	 
REQUEST		WebSocket Connect	1696955471706	1696955478823	OK	 
REQUEST		WebSocket Connect	1696955471708	1696955478825	OK	 
REQUEST		WebSocket Connect	1696955471704	1696955478825	OK	 
REQUEST		WebSocket Connect	1696955471710	1696955478840	OK	 
REQUEST		WebSocket Connect	1696955471708	1696955478841	OK	 
REQUEST		WebSocket Connect	1696955471709	1696955479838	OK	 
REQUEST		WebSocket Connect	1696955471709	1696955479838	OK	 
REQUEST		WebSocket Connect	1696955471622	1696955479838	OK	 
REQUEST		WebSocket Connect	1696955471687	1696955479839	OK	 
REQUEST		WebSocket Connect	1696955471695	1696955479839	OK	 
REQUEST		WebSocket Connect	1696955471683	1696955479839	OK	 
REQUEST		WebSocket Connect	1696955471712	1696955479843	OK	 
REQUEST		WebSocket Connect	1696955471710	1696955479843	OK	 
REQUEST		WebSocket Connect	1696955471711	1696955479855	OK	 
REQUEST		WebSocket Connect	1696955471715	1696955479861	OK	 
REQUEST		WebSocket Connect	1696955471715	1696955479861	OK	 
REQUEST		WebSocket Connect	1696955471688	1696955479917	OK	 
REQUEST		WebSocket Connect	1696955471715	1696955479917	OK	 
REQUEST		WebSocket Connect	1696955471716	1696955479918	OK	 
REQUEST		WebSocket Connect	1696955471713	1696955479930	OK	 
REQUEST		WebSocket Connect	1696955471657	1696955479941	OK	 
REQUEST		WebSocket Connect	1696955471714	1696955479953	OK	 
REQUEST		WebSocket Connect	1696955471716	1696955479953	OK	 
REQUEST		WebSocket Connect	1696955471716	1696955479956	OK	 
REQUEST		WebSocket Connect	1696955471718	1696955479979	OK	 
REQUEST		WebSocket Connect	1696955471721	1696955479979	OK	 
REQUEST		WebSocket Connect	1696955471725	1696955479994	OK	 
REQUEST		WebSocket Connect	1696955471714	1696955480000	OK	 
REQUEST		WebSocket Connect	1696955471719	1696955480019	OK	 
REQUEST		WebSocket Connect	1696955471696	1696955480019	OK	 
REQUEST		WebSocket Connect	1696955471718	1696955480020	OK	 
REQUEST		WebSocket Connect	1696955471716	1696955480043	OK	 
REQUEST		WebSocket Connect	1696955471721	1696955480043	OK	 
REQUEST		WebSocket Connect	1696955471719	1696955480055	OK	 
REQUEST		WebSocket Connect	1696955471722	1696955480060	OK	 
REQUEST		WebSocket Connect	1696955471717	1696955480062	OK	 
REQUEST		WebSocket Connect	1696955471721	1696955480083	OK	 
REQUEST		WebSocket Connect	1696955471627	1696955480607	OK	 
REQUEST		WebSocket Connect	1696955471699	1696955480611	OK	 
REQUEST		WebSocket Connect	1696955471723	1696955480616	OK	 
REQUEST		WebSocket Connect	1696955471695	1696955480653	OK	 
REQUEST		WebSocket Connect	1696955471718	1696955480687	OK	 
REQUEST		WebSocket Connect	1696955471682	1696955480694	OK	 
REQUEST		WebSocket Connect	1696955471700	1696955480698	OK	 
REQUEST		WebSocket Connect	1696955471725	1696955480698	OK	 
REQUEST		WebSocket Connect	1696955471714	1696955481897	KO	i.n.h.s.SslHandshakeTimeoutException: handshake timed out after 10000ms
REQUEST		WebSocket Connect	1696955471730	1696955481896	KO	i.n.h.s.SslHandshakeTimeoutException: handshake timed out after 10000ms
REQUEST		WebSocket Connect	1696955471710	1696955481899	KO	i.n.h.s.SslHandshakeTimeoutException: handshake timed out after 10000ms
REQUEST		WebSocket Connect	1696955471701	1696955481896	KO	i.n.h.s.SslHandshakeTimeoutException: handshake timed out after 10000ms
REQUEST		WebSocket Connect	1696955471726	1696955481899	KO	i.n.h.s.SslHandshakeTimeoutException: handshake timed out after 10000ms
REQUEST		WebSocket Connect	1696955471726	1696955481896	KO	i.n.h.s.SslHandshakeTimeoutException: handshake timed out after 10000ms
REQUEST		WebSocket Connect	1696955471703	1696955481902	KO	i.n.h.s.SslHandshakeTimeoutException: handshake timed out after 10000ms
REQUEST		WebSocket Connect	1696955471706	1696955481903	KO	i.n.h.s.SslHandshakeTimeoutException: handshake timed out after 10000ms
REQUEST		WebSocket Connect	1696955471731	1696955481903	KO	i.n.h.s.SslHandshakeTimeoutException: handshake timed out after 10000ms
REQUEST		WebSocket Connect	1696955471694	1696955481903	KO	i.n.h.s.SslHandshakeTimeoutException: handshake timed out after 10000ms
REQUEST		WebSocket Connect	1696955471697	1696955481903	KO	i.n.h.s.SslHandshakeTimeoutException: handshake timed out after 10000ms
REQUEST		WebSocket Connect	1696955471707	1696955481904	KO	i.n.h.s.SslHandshakeTimeoutException: handshake timed out after 10000ms
REQUEST		WebSocket Connect	1696955471712	1696955481904	KO	i.n.h.s.SslHandshakeTimeoutException: handshake timed out after 10000ms
REQUEST		WebSocket Connect	1696955471724	1696955481904	KO	i.n.h.s.SslHandshakeTimeoutException: handshake timed out after 10000ms
REQUEST		WebSocket Connect	1696955471715	1696955481904	KO	i.n.h.s.SslHandshakeTimeoutException: handshake timed out after 10000ms
REQUEST		WebSocket Connect	1696955471727	1696955481905	KO	i.n.h.s.SslHandshakeTimeoutException: handshake timed out after 10000ms
REQUEST		WebSocket Connect	1696955471697	1696955481905	KO	i.n.h.s.SslHandshakeTimeoutException: handshake timed out after 10000ms
REQUEST		WebSocket Connect	1696955471684	1696955481906	KO	i.n.h.s.SslHandshakeTimeoutException: handshake timed out after 10000ms
REQUEST		WebSocket Connect	1696955471685	1696955481907	KO	i.n.h.s.SslHandshakeTimeoutException: handshake timed out after 10000ms
REQUEST		WebSocket Connect	1696955471723	1696955481909	KO	i.n.h.s.SslHandshakeTimeoutException: handshake timed out after 10000ms
REQUEST		WebSocket Connect	1696955471707	1696955481911	KO	i.n.h.s.SslHandshakeTimeoutException: handshake timed out after 10000ms
REQUEST		WebSocket Connect	1696955471718	1696955481911	KO	i.n.h.s.SslHandshakeTimeoutException: handshake timed out after 10000ms
REQUEST		WebSocket Connect	1696955471676	1696955481912	KO	i.n.h.s.SslHandshakeTimeoutException: handshake timed out after 10000ms
REQUEST		WebSocket Connect	1696955471727	1696955481912	KO	i.n.h.s.SslHandshakeTimeoutException: handshake timed out after 10000ms
REQUEST		WebSocket Connect	1696955471728	1696955481912	KO	i.n.h.s.SslHandshakeTimeoutException: handshake timed out after 10000ms
REQUEST		WebSocket Connect	1696955471691	1696955481912	KO	i.n.h.s.SslHandshakeTimeoutException: handshake timed out after 10000ms
REQUEST		WebSocket Connect	1696955471700	1696955481912	KO	i.n.h.s.SslHandshakeTimeoutException: handshake timed out after 10000ms
REQUEST		WebSocket Connect	1696955471627	1696955481912	KO	i.n.h.s.SslHandshakeTimeoutException: handshake timed out after 10000ms
REQUEST		WebSocket Connect	1696955471692	1696955481912	KO	i.n.h.s.SslHandshakeTimeoutException: handshake timed out after 10000ms
REQUEST		WebSocket Connect	1696955471713	1696955481912	KO	i.n.h.s.SslHandshakeTimeoutException: handshake timed out after 10000ms
REQUEST		WebSocket Connect	1696955471714	1696955481913	KO	i.n.h.s.SslHandshakeTimeoutException: handshake timed out after 10000ms
REQUEST		WebSocket Connect	1696955471728	1696955481920	KO	i.n.h.s.SslHandshakeTimeoutException: handshake timed out after 10000ms
REQUEST		WebSocket Connect	1696955471627	1696955481927	KO	i.n.h.s.SslHandshakeTimeoutException: handshake timed out after 10000ms
REQUEST		WebSocket Connect	1696955471694	1696955481927	KO	i.n.h.s.SslHandshakeTimeoutException: handshake timed out after 10000ms
REQUEST		WebSocket Connect	1696955471690	1696955481927	KO	i.n.h.s.SslHandshakeTimeoutException: handshake timed out after 10000ms
REQUEST		WebSocket Connect	1696955471692	1696955481928	KO	i.n.h.s.SslHandshakeTimeoutException: handshake timed out after 10000ms
REQUEST		WebSocket Connect	1696955471706	1696955481928	KO	i.n.h.s.SslHandshakeTimeoutException: handshake timed out after 10000ms
REQUEST		WebSocket Connect	1696955471708	1696955481928	KO	i.n.h.s.SslHandshakeTimeoutException: handshake timed out after 10000ms
REQUEST		WebSocket Connect	1696955471719	1696955481928	KO	i.n.h.s.SslHandshakeTimeoutException: handshake timed out after 10000ms
REQUEST		WebSocket Connect	1696955471711	1696955481942	KO	i.n.h.s.SslHandshakeTimeoutException: handshake timed out after 10000ms
REQUEST		WebSocket Connect	1696955471712	1696955481942	KO	i.n.h.s.SslHandshakeTimeoutException: handshake timed out after 10000ms
REQUEST		WebSocket Connect	1696955471721	1696955481942	KO	i.n.h.s.SslHandshakeTimeoutException: handshake timed out after 10000ms
REQUEST		WebSocket Connect	1696955471722	1696955481943	KO	i.n.h.s.SslHandshakeTimeoutException: handshake timed out after 10000ms
REQUEST		WebSocket Connect	1696955471726	1696955481944	KO	i.n.h.s.SslHandshakeTimeoutException: handshake timed out after 10000ms
REQUEST		WebSocket Connect	1696955471738	1696955481954	KO	i.n.h.s.SslHandshakeTimeoutException: handshake timed out after 10000ms
REQUEST		WebSocket Connect	1696955471728	1696955481974	KO	i.n.h.s.SslHandshakeTimeoutException: handshake timed out after 10000ms
REQUEST		WebSocket Connect	1696955471687	1696955481974	KO	i.n.h.s.SslHandshakeTimeoutException: handshake timed out after 10000ms
REQUEST		WebSocket Connect	1696955471730	1696955481974	KO	i.n.h.s.SslHandshakeTimeoutException: handshake timed out after 10000ms
REQUEST		WebSocket Connect	1696955471705	1696955481989	KO	i.n.h.s.SslHandshakeTimeoutException: handshake timed out after 10000ms
REQUEST		WebSocket Connect	1696955471709	1696955481990	KO	i.n.h.s.SslHandshakeTimeoutException: handshake timed out after 10000ms
REQUEST		WebSocket Close	1696955502777	1696955502889	OK	 
USER	WebSocket Load Test	END	1696955502897
REQUEST		WebSocket Close	1696955502777	1696955502900	OK	 
USER	WebSocket Load Test	END	1696955502900
REQUEST		WebSocket Close	1696955502816	1696955502905	OK	 
USER	WebSocket Load Test	END	1696955502905
REQUEST		WebSocket Close	1696955502777	1696955502916	OK	 
USER	WebSocket Load Test	END	1696955502916
REQUEST		WebSocket Close	1696955502847	1696955502928	OK	 
USER	WebSocket Load Test	END	1696955502929
REQUEST		WebSocket Close	1696955502786	1696955502934	OK	 
USER	WebSocket Load Test	END	1696955502934
REQUEST		WebSocket Close	1696955502847	1696955502940	OK	 
USER	WebSocket Load Test	END	1696955502940
REQUEST		WebSocket Close	1696955502847	1696955502951	OK	 
USER	WebSocket Load Test	END	1696955502951
REQUEST		WebSocket Close	1696955502847	1696955502975	OK	 
USER	WebSocket Load Test	END	1696955502976
REQUEST		WebSocket Close	1696955502864	1696955503030	OK	 
USER	WebSocket Load Test	END	1696955503030
REQUEST		WebSocket Close	1696955502879	1696955503033	OK	 
REQUEST		WebSocket Close	1696955502879	1696955503033	OK	 
USER	WebSocket Load Test	END	1696955503033
USER	WebSocket Load Test	END	1696955503034
REQUEST		WebSocket Close	1696955502895	1696955503036	OK	 
USER	WebSocket Load Test	END	1696955503037
REQUEST		WebSocket Close	1696955502896	1696955503038	OK	 
USER	WebSocket Load Test	END	1696955503039
REQUEST		WebSocket Close	1696955502899	1696955503044	OK	 
USER	WebSocket Load Test	END	1696955503045
REQUEST		WebSocket Close	1696955502911	1696955503047	OK	 
USER	WebSocket Load Test	END	1696955503047
REQUEST		WebSocket Close	1696955502912	1696955503053	OK	 
USER	WebSocket Load Test	END	1696955503053
REQUEST		WebSocket Close	1696955502927	1696955503055	OK	 
REQUEST		WebSocket Close	1696955502927	1696955503055	OK	 
USER	WebSocket Load Test	END	1696955503055
USER	WebSocket Load Test	END	1696955503055
REQUEST		WebSocket Close	1696955502927	1696955503060	OK	 
USER	WebSocket Load Test	END	1696955503061
REQUEST		WebSocket Close	1696955502927	1696955503096	OK	 
USER	WebSocket Load Test	END	1696955503096
REQUEST		WebSocket Close	1696955502927	1696955503102	OK	 
USER	WebSocket Load Test	END	1696955503103
REQUEST		WebSocket Close	1696955502942	1696955503107	OK	 
USER	WebSocket Load Test	END	1696955503107
REQUEST		WebSocket Close	1696955502942	1696955503119	OK	 
USER	WebSocket Load Test	END	1696955503120
REQUEST		WebSocket Close	1696955502942	1696955503125	OK	 
USER	WebSocket Load Test	END	1696955503125
REQUEST		WebSocket Close	1696955502942	1696955503134	OK	 
USER	WebSocket Load Test	END	1696955503135
REQUEST		WebSocket Close	1696955502957	1696955503143	OK	 
USER	WebSocket Load Test	END	1696955503144
REQUEST		WebSocket Close	1696955502957	1696955503155	OK	 
USER	WebSocket Load Test	END	1696955503156
REQUEST		WebSocket Close	1696955502953	1696955503161	OK	 
USER	WebSocket Load Test	END	1696955503161
REQUEST		WebSocket Close	1696955502973	1696955503168	OK	 
USER	WebSocket Load Test	END	1696955503168
REQUEST		WebSocket Close	1696955502988	1696955503175	OK	 
USER	WebSocket Load Test	END	1696955503176
REQUEST		WebSocket Close	1696955502988	1696955503179	OK	 
USER	WebSocket Load Test	END	1696955503180
REQUEST		WebSocket Close	1696955502988	1696955503192	OK	 
USER	WebSocket Load Test	END	1696955503193
REQUEST		WebSocket Close	1696955502988	1696955503197	OK	 
USER	WebSocket Load Test	END	1696955503198
REQUEST		WebSocket Close	1696955503019	1696955503204	OK	 
USER	WebSocket Load Test	END	1696955503205
REQUEST		WebSocket Close	1696955503034	1696955503216	OK	 
USER	WebSocket Load Test	END	1696955503217
REQUEST		WebSocket Close	1696955503035	1696955503227	OK	 
USER	WebSocket Load Test	END	1696955503227
REQUEST		WebSocket Close	1696955503050	1696955503233	OK	 
USER	WebSocket Load Test	END	1696955503234
REQUEST		WebSocket Close	1696955503051	1696955503239	OK	 
USER	WebSocket Load Test	END	1696955503239
REQUEST		WebSocket Close	1696955503065	1696955503428	OK	 
USER	WebSocket Load Test	END	1696955503428
REQUEST		WebSocket Close	1696955503096	1696955503527	OK	 
USER	WebSocket Load Test	END	1696955503527
REQUEST		WebSocket Close	1696955503142	1696955503553	OK	 
USER	WebSocket Load Test	END	1696955503554
REQUEST		WebSocket Close	1696955503203	1696955503569	OK	 
USER	WebSocket Load Test	END	1696955503569
REQUEST		WebSocket Close	1696955503096	1696955503580	OK	 
USER	WebSocket Load Test	END	1696955503580
REQUEST		WebSocket Close	1696955503203	1696955503595	OK	 
USER	WebSocket Load Test	END	1696955503596
REQUEST		WebSocket Close	1696955503218	1696955503609	OK	 
REQUEST		WebSocket Close	1696955503389	1696955503609	OK	 
USER	WebSocket Load Test	END	1696955503610
USER	WebSocket Load Test	END	1696955503610
REQUEST		WebSocket Close	1696955504168	1696955504287	OK	 
USER	WebSocket Load Test	END	1696955504289
REQUEST		WebSocket Close	1696955504262	1696955504353	OK	 
USER	WebSocket Load Test	END	1696955504353
REQUEST		WebSocket Close	1696955504278	1696955504394	OK	 
USER	WebSocket Load Test	END	1696955504395
REQUEST		WebSocket Close	1696955505246	1696955505296	OK	 
USER	WebSocket Load Test	END	1696955505298
REQUEST		WebSocket Close	1696955505246	1696955505313	OK	 
USER	WebSocket Load Test	END	1696955505315
REQUEST		WebSocket Close	1696955505261	1696955505324	OK	 
USER	WebSocket Load Test	END	1696955505325
REQUEST		WebSocket Close	1696955505277	1696955505382	OK	 
USER	WebSocket Load Test	END	1696955505383
REQUEST		WebSocket Close	1696955506684	1696955506765	OK	 
USER	WebSocket Load Test	END	1696955506766
REQUEST		WebSocket Close	1696955506730	1696955506790	OK	 
USER	WebSocket Load Test	END	1696955506790
REQUEST		WebSocket Close	1696955506715	1696955506796	OK	 
USER	WebSocket Load Test	END	1696955506797
REQUEST		WebSocket Close	1696955506730	1696955506824	OK	 
USER	WebSocket Load Test	END	1696955506824
REQUEST		WebSocket Close	1696955506746	1696955506856	OK	 
USER	WebSocket Load Test	END	1696955506856
REQUEST		WebSocket Close	1696955506746	1696955506861	OK	 
USER	WebSocket Load Test	END	1696955506862
REQUEST		WebSocket Close	1696955506746	1696955506867	OK	 
USER	WebSocket Load Test	END	1696955506868
REQUEST		WebSocket Close	1696955506745	1696955506879	OK	 
USER	WebSocket Load Test	END	1696955506880
REQUEST		WebSocket Close	1696955507508	1696955507598	OK	 
USER	WebSocket Load Test	END	1696955507599
REQUEST		WebSocket Close	1696955507508	1696955507610	OK	 
USER	WebSocket Load Test	END	1696955507610
REQUEST		WebSocket Close	1696955507524	1696955507617	OK	 
USER	WebSocket Load Test	END	1696955507617
REQUEST		WebSocket Close	1696955507524	1696955507631	OK	 
USER	WebSocket Load Test	END	1696955507632
REQUEST		WebSocket Close	1696955507540	1696955507641	OK	 
USER	WebSocket Load Test	END	1696955507642
REQUEST		WebSocket Close	1696955507555	1696955507654	OK	 
REQUEST		WebSocket Close	1696955507555	1696955507654	OK	 
USER	WebSocket Load Test	END	1696955507654
USER	WebSocket Load Test	END	1696955507654
REQUEST		WebSocket Close	1696955507555	1696955507660	OK	 
USER	WebSocket Load Test	END	1696955507660
REQUEST		WebSocket Close	1696955507555	1696955507666	OK	 
USER	WebSocket Load Test	END	1696955507667
REQUEST		WebSocket Close	1696955507571	1696955507672	OK	 
USER	WebSocket Load Test	END	1696955507672
REQUEST		WebSocket Close	1696955507555	1696955507686	OK	 
USER	WebSocket Load Test	END	1696955507686
REQUEST		WebSocket Close	1696955507586	1696955507722	OK	 
REQUEST		WebSocket Close	1696955507571	1696955507722	OK	 
USER	WebSocket Load Test	END	1696955507722
USER	WebSocket Load Test	END	1696955507722
REQUEST		WebSocket Close	1696955507586	1696955507730	OK	 
USER	WebSocket Load Test	END	1696955507730
REQUEST		WebSocket Close	1696955507571	1696955507731	OK	 
USER	WebSocket Load Test	END	1696955507731
REQUEST		WebSocket Close	1696955507586	1696955507737	OK	 
USER	WebSocket Load Test	END	1696955507738
REQUEST		WebSocket Close	1696955508565	1696955508659	OK	 
USER	WebSocket Load Test	END	1696955508659
REQUEST		WebSocket Close	1696955508581	1696955508677	OK	 
USER	WebSocket Load Test	END	1696955508677
REQUEST		WebSocket Close	1696955508581	1696955508684	OK	 
USER	WebSocket Load Test	END	1696955508684
REQUEST		WebSocket Close	1696955508612	1696955508695	OK	 
REQUEST		WebSocket Close	1696955508581	1696955508695	OK	 
USER	WebSocket Load Test	END	1696955508696
USER	WebSocket Load Test	END	1696955508696
REQUEST		WebSocket Close	1696955508612	1696955508701	OK	 
USER	WebSocket Load Test	END	1696955508702
REQUEST		WebSocket Close	1696955508581	1696955508707	OK	 
USER	WebSocket Load Test	END	1696955508707
REQUEST		WebSocket Close	1696955508596	1696955508725	OK	 
USER	WebSocket Load Test	END	1696955508725
REQUEST		WebSocket Close	1696955508612	1696955508744	OK	 
REQUEST		WebSocket Close	1696955508642	1696955508744	OK	 
USER	WebSocket Load Test	END	1696955508744
USER	WebSocket Load Test	END	1696955508744
REQUEST		WebSocket Close	1696955508627	1696955508749	OK	 
USER	WebSocket Load Test	END	1696955508750
REQUEST		WebSocket Close	1696955508642	1696955508755	OK	 
USER	WebSocket Load Test	END	1696955508756
REQUEST		WebSocket Close	1696955508642	1696955508761	OK	 
USER	WebSocket Load Test	END	1696955508761
REQUEST		WebSocket Close	1696955508657	1696955508767	OK	 
USER	WebSocket Load Test	END	1696955508767
REQUEST		WebSocket Close	1696955508689	1696955508780	OK	 
USER	WebSocket Load Test	END	1696955508780
REQUEST		WebSocket Close	1696955508709	1696955508809	OK	 
USER	WebSocket Load Test	END	1696955508810
REQUEST		WebSocket Close	1696955508689	1696955508816	OK	 
USER	WebSocket Load Test	END	1696955508816
REQUEST		WebSocket Close	1696955508719	1696955508827	OK	 
USER	WebSocket Load Test	END	1696955508827
REQUEST		WebSocket Close	1696955508750	1696955508839	OK	 
USER	WebSocket Load Test	END	1696955508839
REQUEST		WebSocket Close	1696955508750	1696955508845	OK	 
USER	WebSocket Load Test	END	1696955508846
REQUEST		WebSocket Close	1696955508766	1696955508857	OK	 
USER	WebSocket Load Test	END	1696955508857
REQUEST		WebSocket Close	1696955508766	1696955508864	OK	 
USER	WebSocket Load Test	END	1696955508864
REQUEST		WebSocket Close	1696955508782	1696955508869	OK	 
USER	WebSocket Load Test	END	1696955508870
REQUEST		WebSocket Close	1696955508763	1696955508875	OK	 
USER	WebSocket Load Test	END	1696955508875
REQUEST		WebSocket Close	1696955508798	1696955508887	OK	 
USER	WebSocket Load Test	END	1696955508888
REQUEST		WebSocket Close	1696955508828	1696955508899	OK	 
USER	WebSocket Load Test	END	1696955508900
REQUEST		WebSocket Close	1696955508829	1696955508905	OK	 
REQUEST		WebSocket Close	1696955508813	1696955508905	OK	 
USER	WebSocket Load Test	END	1696955508905
USER	WebSocket Load Test	END	1696955508905
REQUEST		WebSocket Close	1696955508828	1696955508911	OK	 
USER	WebSocket Load Test	END	1696955508912
REQUEST		WebSocket Close	1696955508829	1696955508925	OK	 
USER	WebSocket Load Test	END	1696955508925
REQUEST		WebSocket Close	1696955508844	1696955508929	OK	 
USER	WebSocket Load Test	END	1696955508929
REQUEST		WebSocket Close	1696955508844	1696955508941	OK	 
USER	WebSocket Load Test	END	1696955508942
REQUEST		WebSocket Close	1696955509855	1696955509937	OK	 
USER	WebSocket Load Test	END	1696955509937
REQUEST		WebSocket Close	1696955509856	1696955509949	OK	 
USER	WebSocket Load Test	END	1696955509949
REQUEST		WebSocket Close	1696955509856	1696955509956	OK	 
USER	WebSocket Load Test	END	1696955509956
REQUEST		WebSocket Close	1696955509855	1696955509968	OK	 
USER	WebSocket Load Test	END	1696955509968
REQUEST		WebSocket Close	1696955509855	1696955509973	OK	 
USER	WebSocket Load Test	END	1696955509973
REQUEST		WebSocket Close	1696955509856	1696955509979	OK	 
USER	WebSocket Load Test	END	1696955509980
REQUEST		WebSocket Close	1696955509856	1696955509992	OK	 
USER	WebSocket Load Test	END	1696955509992
REQUEST		WebSocket Close	1696955509857	1696955509997	OK	 
USER	WebSocket Load Test	END	1696955509997
REQUEST		WebSocket Close	1696955509857	1696955510010	OK	 
USER	WebSocket Load Test	END	1696955510011
REQUEST		WebSocket Close	1696955509870	1696955510016	OK	 
USER	WebSocket Load Test	END	1696955510016
REQUEST		WebSocket Close	1696955509871	1696955510021	OK	 
USER	WebSocket Load Test	END	1696955510022
REQUEST		WebSocket Close	1696955509933	1696955510034	OK	 
USER	WebSocket Load Test	END	1696955510034
REQUEST		WebSocket Close	1696955509933	1696955510040	OK	 
USER	WebSocket Load Test	END	1696955510041
REQUEST		WebSocket Close	1696955509933	1696955510045	OK	 
USER	WebSocket Load Test	END	1696955510046
REQUEST		WebSocket Close	1696955509933	1696955510060	OK	 
USER	WebSocket Load Test	END	1696955510060
REQUEST		WebSocket Close	1696955509948	1696955510063	OK	 
USER	WebSocket Load Test	END	1696955510064
REQUEST		WebSocket Close	1696955509964	1696955510069	OK	 
USER	WebSocket Load Test	END	1696955510070
REQUEST		WebSocket Close	1696955509964	1696955510082	OK	 
USER	WebSocket Load Test	END	1696955510083
REQUEST		WebSocket Close	1696955509964	1696955510093	OK	 
USER	WebSocket Load Test	END	1696955510093
REQUEST		WebSocket Close	1696955509994	1696955510100	OK	 
USER	WebSocket Load Test	END	1696955510100
REQUEST		WebSocket Close	1696955509995	1696955510105	OK	 
USER	WebSocket Load Test	END	1696955510106
REQUEST		WebSocket Close	1696955509998	1696955510111	OK	 
USER	WebSocket Load Test	END	1696955510111
REQUEST		WebSocket Close	1696955510010	1696955510125	OK	 
USER	WebSocket Load Test	END	1696955510125
REQUEST		WebSocket Close	1696955510023	1696955510129	OK	 
USER	WebSocket Load Test	END	1696955510129
REQUEST		WebSocket Close	1696955510026	1696955510135	OK	 
USER	WebSocket Load Test	END	1696955510136
REQUEST		WebSocket Close	1696955510026	1696955510149	OK	 
USER	WebSocket Load Test	END	1696955510150
REQUEST		WebSocket Close	1696955510047	1696955510156	OK	 
USER	WebSocket Load Test	END	1696955510156
REQUEST		WebSocket Close	1696955510056	1696955510159	OK	 
USER	WebSocket Load Test	END	1696955510159
REQUEST		WebSocket Close	1696955510071	1696955510171	OK	 
USER	WebSocket Load Test	END	1696955510172
REQUEST		WebSocket Close	1696955510072	1696955510180	OK	 
USER	WebSocket Load Test	END	1696955510180
REQUEST		WebSocket Close	1696955510071	1696955510189	OK	 
USER	WebSocket Load Test	END	1696955510189
REQUEST		WebSocket Close	1696955510087	1696955510195	OK	 
USER	WebSocket Load Test	END	1696955510196
REQUEST		WebSocket Close	1696955510616	1696955510668	OK	 
USER	WebSocket Load Test	END	1696955510668
REQUEST		WebSocket Close	1696955510616	1696955510674	OK	 
USER	WebSocket Load Test	END	1696955510675
REQUEST		WebSocket Close	1696955510631	1696955510697	OK	 
USER	WebSocket Load Test	END	1696955510697
REQUEST		WebSocket Close	1696955510661	1696955510734	OK	 
USER	WebSocket Load Test	END	1696955510735
REQUEST		WebSocket Close	1696955510688	1696955510741	OK	 
USER	WebSocket Load Test	END	1696955510741
REQUEST		WebSocket Close	1696955510706	1696955510770	OK	 
USER	WebSocket Load Test	END	1696955510770
REQUEST		WebSocket Close	1696955510706	1696955510775	OK	 
USER	WebSocket Load Test	END	1696955510776
REQUEST		WebSocket Close	1696955510706	1696955510788	OK	 
USER	WebSocket Load Test	END	1696955510788
ERROR	WebSocket Close: Client issued close order but WebSocket was already crashed: i.n.h.s.SslHandshakeTimeoutException: handshake timed out after 10000ms 	1696955511905
ERROR	WebSocket Close: Client issued close order but WebSocket was already crashed: i.n.h.s.SslHandshakeTimeoutException: handshake timed out after 10000ms 	1696955511905
ERROR	WebSocket Close: Client issued close order but WebSocket was already crashed: i.n.h.s.SslHandshakeTimeoutException: handshake timed out after 10000ms 	1696955511905
ERROR	WebSocket Close: Client issued close order but WebSocket was already crashed: i.n.h.s.SslHandshakeTimeoutException: handshake timed out after 10000ms 	1696955511906
ERROR	WebSocket Close: Client issued close order but WebSocket was already crashed: i.n.h.s.SslHandshakeTimeoutException: handshake timed out after 10000ms 	1696955511906
ERROR	WebSocket Close: Client issued close order but WebSocket was already crashed: i.n.h.s.SslHandshakeTimeoutException: handshake timed out after 10000ms 	1696955511906
ERROR	WebSocket Close: Client issued close order but WebSocket was already crashed: i.n.h.s.SslHandshakeTimeoutException: handshake timed out after 10000ms 	1696955511906
ERROR	WebSocket Close: Client issued close order but WebSocket was already crashed: i.n.h.s.SslHandshakeTimeoutException: handshake timed out after 10000ms 	1696955511906
ERROR	WebSocket Close: Client issued close order but WebSocket was already crashed: i.n.h.s.SslHandshakeTimeoutException: handshake timed out after 10000ms 	1696955511906
ERROR	WebSocket Close: Client issued close order but WebSocket was already crashed: i.n.h.s.SslHandshakeTimeoutException: handshake timed out after 10000ms 	1696955511906
ERROR	WebSocket Close: Client issued close order but WebSocket was already crashed: i.n.h.s.SslHandshakeTimeoutException: handshake timed out after 10000ms 	1696955511907
ERROR	WebSocket Close: Client issued close order but WebSocket was already crashed: i.n.h.s.SslHandshakeTimeoutException: handshake timed out after 10000ms 	1696955511907
ERROR	WebSocket Close: Client issued close order but WebSocket was already crashed: i.n.h.s.SslHandshakeTimeoutException: handshake timed out after 10000ms 	1696955511907
ERROR	WebSocket Close: Client issued close order but WebSocket was already crashed: i.n.h.s.SslHandshakeTimeoutException: handshake timed out after 10000ms 	1696955511907
ERROR	WebSocket Close: Client issued close order but WebSocket was already crashed: i.n.h.s.SslHandshakeTimeoutException: handshake timed out after 10000ms 	1696955511907
ERROR	WebSocket Close: Client issued close order but WebSocket was already crashed: i.n.h.s.SslHandshakeTimeoutException: handshake timed out after 10000ms 	1696955511907
USER	WebSocket Load Test	END	1696955511907
USER	WebSocket Load Test	END	1696955511907
USER	WebSocket Load Test	END	1696955511907
USER	WebSocket Load Test	END	1696955511907
USER	WebSocket Load Test	END	1696955511907
USER	WebSocket Load Test	END	1696955511907
USER	WebSocket Load Test	END	1696955511907
USER	WebSocket Load Test	END	1696955511907
USER	WebSocket Load Test	END	1696955511907
USER	WebSocket Load Test	END	1696955511907
USER	WebSocket Load Test	END	1696955511907
USER	WebSocket Load Test	END	1696955511907
USER	WebSocket Load Test	END	1696955511907
USER	WebSocket Load Test	END	1696955511907
USER	WebSocket Load Test	END	1696955511907
USER	WebSocket Load Test	END	1696955511907
ERROR	WebSocket Close: Client issued close order but WebSocket was already crashed: i.n.h.s.SslHandshakeTimeoutException: handshake timed out after 10000ms 	1696955511911
USER	WebSocket Load Test	END	1696955511912
ERROR	WebSocket Close: Client issued close order but WebSocket was already crashed: i.n.h.s.SslHandshakeTimeoutException: handshake timed out after 10000ms 	1696955511919
ERROR	WebSocket Close: Client issued close order but WebSocket was already crashed: i.n.h.s.SslHandshakeTimeoutException: handshake timed out after 10000ms 	1696955511919
ERROR	WebSocket Close: Client issued close order but WebSocket was already crashed: i.n.h.s.SslHandshakeTimeoutException: handshake timed out after 10000ms 	1696955511919
ERROR	WebSocket Close: Client issued close order but WebSocket was already crashed: i.n.h.s.SslHandshakeTimeoutException: handshake timed out after 10000ms 	1696955511919
ERROR	WebSocket Close: Client issued close order but WebSocket was already crashed: i.n.h.s.SslHandshakeTimeoutException: handshake timed out after 10000ms 	1696955511919
ERROR	WebSocket Close: Client issued close order but WebSocket was already crashed: i.n.h.s.SslHandshakeTimeoutException: handshake timed out after 10000ms 	1696955511919
ERROR	WebSocket Close: Client issued close order but WebSocket was already crashed: i.n.h.s.SslHandshakeTimeoutException: handshake timed out after 10000ms 	1696955511919
ERROR	WebSocket Close: Client issued close order but WebSocket was already crashed: i.n.h.s.SslHandshakeTimeoutException: handshake timed out after 10000ms 	1696955511919
ERROR	WebSocket Close: Client issued close order but WebSocket was already crashed: i.n.h.s.SslHandshakeTimeoutException: handshake timed out after 10000ms 	1696955511919
ERROR	WebSocket Close: Client issued close order but WebSocket was already crashed: i.n.h.s.SslHandshakeTimeoutException: handshake timed out after 10000ms 	1696955511920
ERROR	WebSocket Close: Client issued close order but WebSocket was already crashed: i.n.h.s.SslHandshakeTimeoutException: handshake timed out after 10000ms 	1696955511920
ERROR	WebSocket Close: Client issued close order but WebSocket was already crashed: i.n.h.s.SslHandshakeTimeoutException: handshake timed out after 10000ms 	1696955511920
ERROR	WebSocket Close: Client issued close order but WebSocket was already crashed: i.n.h.s.SslHandshakeTimeoutException: handshake timed out after 10000ms 	1696955511920
ERROR	WebSocket Close: Client issued close order but WebSocket was already crashed: i.n.h.s.SslHandshakeTimeoutException: handshake timed out after 10000ms 	1696955511920
USER	WebSocket Load Test	END	1696955511920
USER	WebSocket Load Test	END	1696955511920
USER	WebSocket Load Test	END	1696955511920
USER	WebSocket Load Test	END	1696955511920
USER	WebSocket Load Test	END	1696955511920
USER	WebSocket Load Test	END	1696955511920
USER	WebSocket Load Test	END	1696955511920
USER	WebSocket Load Test	END	1696955511920
USER	WebSocket Load Test	END	1696955511920
USER	WebSocket Load Test	END	1696955511920
USER	WebSocket Load Test	END	1696955511921
USER	WebSocket Load Test	END	1696955511921
USER	WebSocket Load Test	END	1696955511921
USER	WebSocket Load Test	END	1696955511921
ERROR	WebSocket Close: Client issued close order but WebSocket was already crashed: i.n.h.s.SslHandshakeTimeoutException: handshake timed out after 10000ms 	1696955511934
ERROR	WebSocket Close: Client issued close order but WebSocket was already crashed: i.n.h.s.SslHandshakeTimeoutException: handshake timed out after 10000ms 	1696955511934
ERROR	WebSocket Close: Client issued close order but WebSocket was already crashed: i.n.h.s.SslHandshakeTimeoutException: handshake timed out after 10000ms 	1696955511935
ERROR	WebSocket Close: Client issued close order but WebSocket was already crashed: i.n.h.s.SslHandshakeTimeoutException: handshake timed out after 10000ms 	1696955511935
ERROR	WebSocket Close: Client issued close order but WebSocket was already crashed: i.n.h.s.SslHandshakeTimeoutException: handshake timed out after 10000ms 	1696955511935
ERROR	WebSocket Close: Client issued close order but WebSocket was already crashed: i.n.h.s.SslHandshakeTimeoutException: handshake timed out after 10000ms 	1696955511935
ERROR	WebSocket Close: Client issued close order but WebSocket was already crashed: i.n.h.s.SslHandshakeTimeoutException: handshake timed out after 10000ms 	1696955511935
ERROR	WebSocket Close: Client issued close order but WebSocket was already crashed: i.n.h.s.SslHandshakeTimeoutException: handshake timed out after 10000ms 	1696955511935
USER	WebSocket Load Test	END	1696955511935
USER	WebSocket Load Test	END	1696955511935
USER	WebSocket Load Test	END	1696955511935
USER	WebSocket Load Test	END	1696955511935
USER	WebSocket Load Test	END	1696955511935
USER	WebSocket Load Test	END	1696955511935
USER	WebSocket Load Test	END	1696955511935
USER	WebSocket Load Test	END	1696955511935
ERROR	WebSocket Close: Client issued close order but WebSocket was already crashed: i.n.h.s.SslHandshakeTimeoutException: handshake timed out after 10000ms 	1696955511950
ERROR	WebSocket Close: Client issued close order but WebSocket was already crashed: i.n.h.s.SslHandshakeTimeoutException: handshake timed out after 10000ms 	1696955511950
ERROR	WebSocket Close: Client issued close order but WebSocket was already crashed: i.n.h.s.SslHandshakeTimeoutException: handshake timed out after 10000ms 	1696955511950
ERROR	WebSocket Close: Client issued close order but WebSocket was already crashed: i.n.h.s.SslHandshakeTimeoutException: handshake timed out after 10000ms 	1696955511951
USER	WebSocket Load Test	END	1696955511951
USER	WebSocket Load Test	END	1696955511951
USER	WebSocket Load Test	END	1696955511951
USER	WebSocket Load Test	END	1696955511951
ERROR	WebSocket Close: Client issued close order but WebSocket was already crashed: i.n.h.s.SslHandshakeTimeoutException: handshake timed out after 10000ms 	1696955511951
USER	WebSocket Load Test	END	1696955511951
ERROR	WebSocket Close: Client issued close order but WebSocket was already crashed: i.n.h.s.SslHandshakeTimeoutException: handshake timed out after 10000ms 	1696955511966
USER	WebSocket Load Test	END	1696955511966
ERROR	WebSocket Close: Client issued close order but WebSocket was already crashed: i.n.h.s.SslHandshakeTimeoutException: handshake timed out after 10000ms 	1696955511982
ERROR	WebSocket Close: Client issued close order but WebSocket was already crashed: i.n.h.s.SslHandshakeTimeoutException: handshake timed out after 10000ms 	1696955511982
ERROR	WebSocket Close: Client issued close order but WebSocket was already crashed: i.n.h.s.SslHandshakeTimeoutException: handshake timed out after 10000ms 	1696955511982
USER	WebSocket Load Test	END	1696955511982
USER	WebSocket Load Test	END	1696955511982
USER	WebSocket Load Test	END	1696955511982
ERROR	WebSocket Close: Client issued close order but WebSocket was already crashed: i.n.h.s.SslHandshakeTimeoutException: handshake timed out after 10000ms 	1696955511997
USER	WebSocket Load Test	END	1696955511997
ERROR	WebSocket Close: Client issued close order but WebSocket was already crashed: i.n.h.s.SslHandshakeTimeoutException: handshake timed out after 10000ms 	1696955511997
USER	WebSocket Load Test	END	1696955511998
