RUN	computerdatabase.ComputerDatabaseSimulation	computerdatabasesimulation	1696940302473	Socket load testing	3.9.5
USER	WebSocket Load Test	START	1696940304273
USER	WebSocket Load Test	START	1696940304273
USER	WebSocket Load Test	START	1696940304273
USER	WebSocket Load Test	START	1696940304273
USER	WebSocket Load Test	START	1696940304274
USER	WebSocket Load Test	START	1696940304273
USER	WebSocket Load Test	START	1696940304274
USER	WebSocket Load Test	START	1696940304275
USER	WebSocket Load Test	START	1696940304275
USER	WebSocket Load Test	START	1696940304273
USER	WebSocket Load Test	START	1696940304277
USER	WebSocket Load Test	START	1696940304277
USER	WebSocket Load Test	START	1696940304277
USER	WebSocket Load Test	START	1696940304277
USER	WebSocket Load Test	START	1696940304273
USER	WebSocket Load Test	START	1696940304277
USER	WebSocket Load Test	START	1696940304278
USER	WebSocket Load Test	START	1696940304273
USER	WebSocket Load Test	START	1696940304277
USER	WebSocket Load Test	START	1696940304279
USER	WebSocket Load Test	START	1696940304279
USER	WebSocket Load Test	START	1696940304280
USER	WebSocket Load Test	START	1696940304279
USER	WebSocket Load Test	START	1696940304280
USER	WebSocket Load Test	START	1696940304281
USER	WebSocket Load Test	START	1696940304281
USER	WebSocket Load Test	START	1696940304282
USER	WebSocket Load Test	START	1696940304283
USER	WebSocket Load Test	START	1696940304283
USER	WebSocket Load Test	START	1696940304283
USER	WebSocket Load Test	START	1696940304284
USER	WebSocket Load Test	START	1696940304285
USER	WebSocket Load Test	START	1696940304285
USER	WebSocket Load Test	START	1696940304285
USER	WebSocket Load Test	START	1696940304286
USER	WebSocket Load Test	START	1696940304286
USER	WebSocket Load Test	START	1696940304286
USER	WebSocket Load Test	START	1696940304288
USER	WebSocket Load Test	START	1696940304288
USER	WebSocket Load Test	START	1696940304312
REQUEST		WebSocket Connect	1696940304283	1696940304737	OK	 
REQUEST		WebSocket Connect	1696940304242	1696940304811	OK	 
REQUEST		WebSocket Connect	1696940304236	1696940304811	OK	 
REQUEST		WebSocket Connect	1696940304233	1696940304811	OK	 
REQUEST		WebSocket Connect	1696940304240	1696940304811	OK	 
REQUEST		WebSocket Connect	1696940304276	1696940304811	OK	 
REQUEST		WebSocket Connect	1696940304234	1696940304811	OK	 
REQUEST		WebSocket Connect	1696940304235	1696940304814	OK	 
REQUEST		WebSocket Connect	1696940304278	1696940304814	OK	 
REQUEST		WebSocket Connect	1696940304233	1696940304814	OK	 
REQUEST		WebSocket Connect	1696940304282	1696940305436	OK	 
REQUEST		WebSocket Connect	1696940304233	1696940306560	OK	 
REQUEST		WebSocket Connect	1696940304276	1696940306560	OK	 
REQUEST		WebSocket Connect	1696940304275	1696940307503	OK	 
REQUEST		WebSocket Connect	1696940304275	1696940307505	OK	 
REQUEST		WebSocket Connect	1696940304284	1696940307510	OK	 
REQUEST		WebSocket Connect	1696940304240	1696940307524	OK	 
REQUEST		WebSocket Connect	1696940304278	1696940308392	OK	 
REQUEST		WebSocket Connect	1696940304276	1696940308495	OK	 
REQUEST		WebSocket Connect	1696940304285	1696940308495	OK	 
REQUEST		WebSocket Connect	1696940304233	1696940308495	OK	 
REQUEST		WebSocket Connect	1696940304240	1696940308495	OK	 
REQUEST		WebSocket Connect	1696940304237	1696940308499	OK	 
REQUEST		WebSocket Connect	1696940304233	1696940308501	OK	 
REQUEST		WebSocket Connect	1696940304276	1696940308502	OK	 
REQUEST		WebSocket Connect	1696940304284	1696940309526	OK	 
REQUEST		WebSocket Connect	1696940304278	1696940309526	OK	 
REQUEST		WebSocket Connect	1696940304280	1696940309526	OK	 
REQUEST		WebSocket Connect	1696940304278	1696940309526	OK	 
REQUEST		WebSocket Connect	1696940304287	1696940309526	OK	 
REQUEST		WebSocket Connect	1696940304233	1696940309527	OK	 
REQUEST		WebSocket Connect	1696940304279	1696940309529	OK	 
REQUEST		WebSocket Connect	1696940304242	1696940309529	OK	 
REQUEST		WebSocket Connect	1696940304275	1696940309529	OK	 
REQUEST		WebSocket Connect	1696940304279	1696940309529	OK	 
REQUEST		WebSocket Connect	1696940304237	1696940309530	OK	 
REQUEST		WebSocket Connect	1696940304280	1696940309531	OK	 
REQUEST		WebSocket Connect	1696940304287	1696940309531	OK	 
REQUEST		WebSocket Connect	1696940304282	1696940309531	OK	 
REQUEST		WebSocket Connect	1696940304289	1696940309533	OK	 
REQUEST		WebSocket Close	1696940324755	1696940324805	OK	 
USER	WebSocket Load Test	END	1696940324815
REQUEST		WebSocket Close	1696940324817	1696940324888	OK	 
REQUEST		WebSocket Close	1696940324828	1696940324888	OK	 
REQUEST		WebSocket Close	1696940324827	1696940324888	OK	 
REQUEST		WebSocket Close	1696940324827	1696940324888	OK	 
REQUEST		WebSocket Close	1696940324829	1696940324889	OK	 
USER	WebSocket Load Test	END	1696940324889
USER	WebSocket Load Test	END	1696940324889
USER	WebSocket Load Test	END	1696940324889
USER	WebSocket Load Test	END	1696940324890
USER	WebSocket Load Test	END	1696940324890
REQUEST		WebSocket Close	1696940324828	1696940324993	OK	 
REQUEST		WebSocket Close	1696940324827	1696940324993	OK	 
REQUEST		WebSocket Close	1696940324827	1696940324993	OK	 
REQUEST		WebSocket Close	1696940324828	1696940324993	OK	 
USER	WebSocket Load Test	END	1696940324994
USER	WebSocket Load Test	END	1696940324994
USER	WebSocket Load Test	END	1696940324994
USER	WebSocket Load Test	END	1696940324994
REQUEST		WebSocket Close	1696940325454	1696940325500	OK	 
USER	WebSocket Load Test	END	1696940325500
REQUEST		WebSocket Close	1696940326575	1696940326606	OK	 
USER	WebSocket Load Test	END	1696940326607
REQUEST		WebSocket Close	1696940326575	1696940326726	OK	 
USER	WebSocket Load Test	END	1696940326727
REQUEST		WebSocket Close	1696940327511	1696940327643	OK	 
REQUEST		WebSocket Close	1696940327527	1696940327643	OK	 
USER	WebSocket Load Test	END	1696940327644
USER	WebSocket Load Test	END	1696940327644
REQUEST		WebSocket Close	1696940327511	1696940327647	OK	 
USER	WebSocket Load Test	END	1696940327647
REQUEST		WebSocket Close	1696940327527	1696940327649	OK	 
USER	WebSocket Load Test	END	1696940327649
REQUEST		WebSocket Close	1696940328397	1696940328464	OK	 
USER	WebSocket Load Test	END	1696940328465
REQUEST		WebSocket Close	1696940328506	1696940328538	OK	 
USER	WebSocket Load Test	END	1696940328539
REQUEST		WebSocket Close	1696940328506	1696940328541	OK	 
USER	WebSocket Load Test	END	1696940328541
REQUEST		WebSocket Close	1696940328506	1696940328548	OK	 
USER	WebSocket Load Test	END	1696940328549
REQUEST		WebSocket Close	1696940328506	1696940328563	OK	 
USER	WebSocket Load Test	END	1696940328563
REQUEST		WebSocket Close	1696940328507	1696940328668	OK	 
USER	WebSocket Load Test	END	1696940328669
REQUEST		WebSocket Close	1696940328507	1696940328675	OK	 
REQUEST		WebSocket Close	1696940328506	1696940328675	OK	 
USER	WebSocket Load Test	END	1696940328677
USER	WebSocket Load Test	END	1696940328677
REQUEST		WebSocket Close	1696940329532	1696940329561	OK	 
USER	WebSocket Load Test	END	1696940329561
REQUEST		WebSocket Close	1696940329534	1696940329569	OK	 
USER	WebSocket Load Test	END	1696940329570
REQUEST		WebSocket Close	1696940329534	1696940329581	OK	 
USER	WebSocket Load Test	END	1696940329581
REQUEST		WebSocket Close	1696940329534	1696940329595	OK	 
USER	WebSocket Load Test	END	1696940329595
REQUEST		WebSocket Close	1696940329534	1696940329700	OK	 
REQUEST		WebSocket Close	1696940329534	1696940329700	OK	 
REQUEST		WebSocket Close	1696940329534	1696940329700	OK	 
REQUEST		WebSocket Close	1696940329534	1696940329700	OK	 
USER	WebSocket Load Test	END	1696940329701
USER	WebSocket Load Test	END	1696940329701
USER	WebSocket Load Test	END	1696940329701
REQUEST		WebSocket Close	1696940329534	1696940329701	OK	 
USER	WebSocket Load Test	END	1696940329701
USER	WebSocket Load Test	END	1696940329701
REQUEST		WebSocket Close	1696940329548	1696940329702	OK	 
REQUEST		WebSocket Close	1696940329533	1696940329702	OK	 
REQUEST		WebSocket Close	1696940329535	1696940329702	OK	 
REQUEST		WebSocket Close	1696940329532	1696940329702	OK	 
REQUEST		WebSocket Close	1696940329534	1696940329703	OK	 
USER	WebSocket Load Test	END	1696940329703
USER	WebSocket Load Test	END	1696940329703
USER	WebSocket Load Test	END	1696940329704
USER	WebSocket Load Test	END	1696940329704
USER	WebSocket Load Test	END	1696940329704
REQUEST		WebSocket Close	1696940329534	1696940329704	OK	 
USER	WebSocket Load Test	END	1696940329704
