RUN	computerdatabase.ComputerDatabaseSimulation	computerdatabasesimulation	1697002191811	Socket Load testing	3.9.5
USER	WebSocket Load Test	START	1697002193383
USER	WebSocket Load Test	START	1697002193382
USER	WebSocket Load Test	START	1697002193382
USER	WebSocket Load Test	START	1697002193382
USER	WebSocket Load Test	START	1697002193382
USER	WebSocket Load Test	START	1697002193383
USER	WebSocket Load Test	START	1697002193383
USER	WebSocket Load Test	START	1697002193383
USER	WebSocket Load Test	START	1697002193384
USER	WebSocket Load Test	START	1697002193382
USER	WebSocket Load Test	START	1697002193384
USER	WebSocket Load Test	START	1697002193384
USER	WebSocket Load Test	START	1697002193384
USER	WebSocket Load Test	START	1697002193384
USER	WebSocket Load Test	START	1697002193384
USER	WebSocket Load Test	START	1697002193384
USER	WebSocket Load Test	START	1697002193384
USER	WebSocket Load Test	START	1697002193384
USER	WebSocket Load Test	START	1697002193384
USER	WebSocket Load Test	START	1697002193384
USER	WebSocket Load Test	START	1697002193385
USER	WebSocket Load Test	START	1697002193385
USER	WebSocket Load Test	START	1697002193385
USER	WebSocket Load Test	START	1697002193385
USER	WebSocket Load Test	START	1697002193385
USER	WebSocket Load Test	START	1697002193385
USER	WebSocket Load Test	START	1697002193385
USER	WebSocket Load Test	START	1697002193385
USER	WebSocket Load Test	START	1697002193386
USER	WebSocket Load Test	START	1697002193386
USER	WebSocket Load Test	START	1697002193386
USER	WebSocket Load Test	START	1697002193386
USER	WebSocket Load Test	START	1697002193386
USER	WebSocket Load Test	START	1697002193386
USER	WebSocket Load Test	START	1697002193386
USER	WebSocket Load Test	START	1697002193386
USER	WebSocket Load Test	START	1697002193387
USER	WebSocket Load Test	START	1697002193387
USER	WebSocket Load Test	START	1697002193387
USER	WebSocket Load Test	START	1697002193387
USER	WebSocket Load Test	START	1697002193387
USER	WebSocket Load Test	START	1697002193387
USER	WebSocket Load Test	START	1697002193387
USER	WebSocket Load Test	START	1697002193387
USER	WebSocket Load Test	START	1697002193388
USER	WebSocket Load Test	START	1697002193388
USER	WebSocket Load Test	START	1697002193388
USER	WebSocket Load Test	START	1697002193388
USER	WebSocket Load Test	START	1697002193388
USER	WebSocket Load Test	START	1697002193388
USER	WebSocket Load Test	START	1697002193388
USER	WebSocket Load Test	START	1697002193388
USER	WebSocket Load Test	START	1697002193388
USER	WebSocket Load Test	START	1697002193388
USER	WebSocket Load Test	START	1697002193389
USER	WebSocket Load Test	START	1697002193389
USER	WebSocket Load Test	START	1697002193389
USER	WebSocket Load Test	START	1697002193389
USER	WebSocket Load Test	START	1697002193389
USER	WebSocket Load Test	START	1697002193389
USER	WebSocket Load Test	START	1697002193389
USER	WebSocket Load Test	START	1697002193389
USER	WebSocket Load Test	START	1697002193390
USER	WebSocket Load Test	START	1697002193390
USER	WebSocket Load Test	START	1697002193390
USER	WebSocket Load Test	START	1697002193390
USER	WebSocket Load Test	START	1697002193390
USER	WebSocket Load Test	START	1697002193391
USER	WebSocket Load Test	START	1697002193391
USER	WebSocket Load Test	START	1697002193391
USER	WebSocket Load Test	START	1697002193391
USER	WebSocket Load Test	START	1697002193391
USER	WebSocket Load Test	START	1697002193391
USER	WebSocket Load Test	START	1697002193391
USER	WebSocket Load Test	START	1697002193391
USER	WebSocket Load Test	START	1697002193392
USER	WebSocket Load Test	START	1697002193392
USER	WebSocket Load Test	START	1697002193392
USER	WebSocket Load Test	START	1697002193392
USER	WebSocket Load Test	START	1697002193392
USER	WebSocket Load Test	START	1697002193393
USER	WebSocket Load Test	START	1697002193393
USER	WebSocket Load Test	START	1697002193393
USER	WebSocket Load Test	START	1697002193394
USER	WebSocket Load Test	START	1697002193394
USER	WebSocket Load Test	START	1697002193394
USER	WebSocket Load Test	START	1697002193395
USER	WebSocket Load Test	START	1697002193395
USER	WebSocket Load Test	START	1697002193395
USER	WebSocket Load Test	START	1697002193395
USER	WebSocket Load Test	START	1697002193395
USER	WebSocket Load Test	START	1697002193395
USER	WebSocket Load Test	START	1697002193396
USER	WebSocket Load Test	START	1697002193396
USER	WebSocket Load Test	START	1697002193396
USER	WebSocket Load Test	START	1697002193396
USER	WebSocket Load Test	START	1697002193396
USER	WebSocket Load Test	START	1697002193396
USER	WebSocket Load Test	START	1697002193396
USER	WebSocket Load Test	START	1697002193396
USER	WebSocket Load Test	START	1697002193397
USER	WebSocket Load Test	START	1697002193397
USER	WebSocket Load Test	START	1697002193397
USER	WebSocket Load Test	START	1697002193397
USER	WebSocket Load Test	START	1697002193397
USER	WebSocket Load Test	START	1697002193397
USER	WebSocket Load Test	START	1697002193398
USER	WebSocket Load Test	START	1697002193398
USER	WebSocket Load Test	START	1697002193398
USER	WebSocket Load Test	START	1697002193398
USER	WebSocket Load Test	START	1697002193398
USER	WebSocket Load Test	START	1697002193398
USER	WebSocket Load Test	START	1697002193398
USER	WebSocket Load Test	START	1697002193399
USER	WebSocket Load Test	START	1697002193399
USER	WebSocket Load Test	START	1697002193399
USER	WebSocket Load Test	START	1697002193399
USER	WebSocket Load Test	START	1697002193399
USER	WebSocket Load Test	START	1697002193399
USER	WebSocket Load Test	START	1697002193399
USER	WebSocket Load Test	START	1697002193399
USER	WebSocket Load Test	START	1697002193399
USER	WebSocket Load Test	START	1697002193399
USER	WebSocket Load Test	START	1697002193399
USER	WebSocket Load Test	START	1697002193400
USER	WebSocket Load Test	START	1697002193400
USER	WebSocket Load Test	START	1697002193400
USER	WebSocket Load Test	START	1697002193400
USER	WebSocket Load Test	START	1697002193400
USER	WebSocket Load Test	START	1697002193400
USER	WebSocket Load Test	START	1697002193401
USER	WebSocket Load Test	START	1697002193401
USER	WebSocket Load Test	START	1697002193401
USER	WebSocket Load Test	START	1697002193401
USER	WebSocket Load Test	START	1697002193401
USER	WebSocket Load Test	START	1697002193401
USER	WebSocket Load Test	START	1697002193401
USER	WebSocket Load Test	START	1697002193401
USER	WebSocket Load Test	START	1697002193401
USER	WebSocket Load Test	START	1697002193402
USER	WebSocket Load Test	START	1697002193402
USER	WebSocket Load Test	START	1697002193402
USER	WebSocket Load Test	START	1697002193402
USER	WebSocket Load Test	START	1697002193402
USER	WebSocket Load Test	START	1697002193402
USER	WebSocket Load Test	START	1697002193402
USER	WebSocket Load Test	START	1697002193402
USER	WebSocket Load Test	START	1697002193402
USER	WebSocket Load Test	START	1697002193402
USER	WebSocket Load Test	START	1697002193402
USER	WebSocket Load Test	START	1697002193402
USER	WebSocket Load Test	START	1697002193402
USER	WebSocket Load Test	START	1697002193402
USER	WebSocket Load Test	START	1697002193403
USER	WebSocket Load Test	START	1697002193403
USER	WebSocket Load Test	START	1697002193403
USER	WebSocket Load Test	START	1697002193403
USER	WebSocket Load Test	START	1697002193403
USER	WebSocket Load Test	START	1697002193403
USER	WebSocket Load Test	START	1697002193403
USER	WebSocket Load Test	START	1697002193404
USER	WebSocket Load Test	START	1697002193404
USER	WebSocket Load Test	START	1697002193404
USER	WebSocket Load Test	START	1697002193404
USER	WebSocket Load Test	START	1697002193404
USER	WebSocket Load Test	START	1697002193404
USER	WebSocket Load Test	START	1697002193405
USER	WebSocket Load Test	START	1697002193405
USER	WebSocket Load Test	START	1697002193405
USER	WebSocket Load Test	START	1697002193405
USER	WebSocket Load Test	START	1697002193405
USER	WebSocket Load Test	START	1697002193405
USER	WebSocket Load Test	START	1697002193406
USER	WebSocket Load Test	START	1697002193406
USER	WebSocket Load Test	START	1697002193406
USER	WebSocket Load Test	START	1697002193406
USER	WebSocket Load Test	START	1697002193406
USER	WebSocket Load Test	START	1697002193406
USER	WebSocket Load Test	START	1697002193407
USER	WebSocket Load Test	START	1697002193407
USER	WebSocket Load Test	START	1697002193407
USER	WebSocket Load Test	START	1697002193407
USER	WebSocket Load Test	START	1697002193407
USER	WebSocket Load Test	START	1697002193407
USER	WebSocket Load Test	START	1697002193407
USER	WebSocket Load Test	START	1697002193407
USER	WebSocket Load Test	START	1697002193408
USER	WebSocket Load Test	START	1697002193408
USER	WebSocket Load Test	START	1697002193408
USER	WebSocket Load Test	START	1697002193408
USER	WebSocket Load Test	START	1697002193408
USER	WebSocket Load Test	START	1697002193408
USER	WebSocket Load Test	START	1697002193408
USER	WebSocket Load Test	START	1697002193409
USER	WebSocket Load Test	START	1697002193409
USER	WebSocket Load Test	START	1697002193410
USER	WebSocket Load Test	START	1697002193411
USER	WebSocket Load Test	START	1697002193411
USER	WebSocket Load Test	START	1697002193412
USER	WebSocket Load Test	START	1697002193412
REQUEST		WebSocket Connect	1697002193384	1697002194988	OK	 
REQUEST		WebSocket Connect	1697002193368	1697002194988	OK	 
REQUEST		WebSocket Connect	1697002193386	1697002194998	OK	 
REQUEST		WebSocket Connect	1697002193371	1697002195024	OK	 
REQUEST		WebSocket Connect	1697002193386	1697002195074	OK	 
REQUEST		WebSocket Connect	1697002193383	1697002195076	OK	 
REQUEST		WebSocket Connect	1697002193371	1697002195076	OK	 
REQUEST		WebSocket Connect	1697002193383	1697002195079	OK	 
REQUEST		WebSocket Connect	1697002193387	1697002195087	OK	 
REQUEST		WebSocket Connect	1697002193385	1697002195087	OK	 
REQUEST		WebSocket Connect	1697002193370	1697002195102	OK	 
REQUEST		WebSocket Connect	1697002193384	1697002195103	OK	 
REQUEST		WebSocket Connect	1697002193385	1697002195134	OK	 
REQUEST		WebSocket Connect	1697002193387	1697002196073	OK	 
REQUEST		WebSocket Connect	1697002193388	1697002196075	OK	 
REQUEST		WebSocket Connect	1697002193387	1697002196078	OK	 
REQUEST		WebSocket Connect	1697002193385	1697002196102	OK	 
REQUEST		WebSocket Connect	1697002193389	1697002197121	OK	 
REQUEST		WebSocket Connect	1697002193386	1697002197121	OK	 
REQUEST		WebSocket Connect	1697002193389	1697002197128	OK	 
REQUEST		WebSocket Connect	1697002193387	1697002197146	OK	 
REQUEST		WebSocket Connect	1697002193389	1697002197221	OK	 
REQUEST		WebSocket Connect	1697002193384	1697002197222	OK	 
REQUEST		WebSocket Connect	1697002193388	1697002197249	OK	 
REQUEST		WebSocket Connect	1697002193389	1697002197253	OK	 
REQUEST		WebSocket Connect	1697002193368	1697002198088	OK	 
REQUEST		WebSocket Connect	1697002193392	1697002198143	OK	 
REQUEST		WebSocket Connect	1697002193395	1697002198148	OK	 
REQUEST		WebSocket Connect	1697002193392	1697002198156	OK	 
REQUEST		WebSocket Connect	1697002193397	1697002198158	OK	 
REQUEST		WebSocket Connect	1697002193390	1697002198161	OK	 
REQUEST		WebSocket Connect	1697002193396	1697002198162	OK	 
REQUEST		WebSocket Connect	1697002193392	1697002198180	OK	 
REQUEST		WebSocket Connect	1697002193388	1697002198196	OK	 
REQUEST		WebSocket Connect	1697002193388	1697002198197	OK	 
REQUEST		WebSocket Connect	1697002193388	1697002198201	OK	 
REQUEST		WebSocket Connect	1697002193393	1697002198214	OK	 
REQUEST		WebSocket Connect	1697002193368	1697002198247	OK	 
REQUEST		WebSocket Connect	1697002193389	1697002198259	OK	 
REQUEST		WebSocket Connect	1697002193391	1697002198259	OK	 
REQUEST		WebSocket Connect	1697002193389	1697002198307	OK	 
REQUEST		WebSocket Connect	1697002193371	1697002199189	OK	 
REQUEST		WebSocket Connect	1697002193386	1697002199273	OK	 
REQUEST		WebSocket Connect	1697002193387	1697002199274	OK	 
REQUEST		WebSocket Connect	1697002193387	1697002199285	OK	 
REQUEST		WebSocket Connect	1697002193392	1697002199285	OK	 
REQUEST		WebSocket Connect	1697002193395	1697002199285	OK	 
REQUEST		WebSocket Connect	1697002193385	1697002199286	OK	 
REQUEST		WebSocket Connect	1697002193384	1697002199286	OK	 
REQUEST		WebSocket Connect	1697002193384	1697002199288	OK	 
REQUEST		WebSocket Connect	1697002193369	1697002199288	OK	 
REQUEST		WebSocket Connect	1697002193396	1697002199288	OK	 
REQUEST		WebSocket Connect	1697002193397	1697002199303	OK	 
REQUEST		WebSocket Connect	1697002193386	1697002199389	OK	 
REQUEST		WebSocket Connect	1697002193386	1697002199473	OK	 
REQUEST		WebSocket Connect	1697002193385	1697002199474	OK	 
REQUEST		WebSocket Connect	1697002193383	1697002199474	OK	 
REQUEST		WebSocket Connect	1697002193371	1697002199474	OK	 
REQUEST		WebSocket Connect	1697002193387	1697002199474	OK	 
REQUEST		WebSocket Connect	1697002193372	1697002199474	OK	 
REQUEST		WebSocket Connect	1697002193384	1697002199474	OK	 
REQUEST		WebSocket Connect	1697002193389	1697002199474	OK	 
REQUEST		WebSocket Connect	1697002193385	1697002199474	OK	 
REQUEST		WebSocket Connect	1697002193385	1697002200099	OK	 
REQUEST		WebSocket Connect	1697002193384	1697002200289	OK	 
REQUEST		WebSocket Connect	1697002193388	1697002200702	OK	 
REQUEST		WebSocket Connect	1697002193390	1697002200702	OK	 
REQUEST		WebSocket Connect	1697002193393	1697002200702	OK	 
REQUEST		WebSocket Connect	1697002193389	1697002200703	OK	 
REQUEST		WebSocket Connect	1697002193392	1697002200714	OK	 
REQUEST		WebSocket Connect	1697002193388	1697002200715	OK	 
REQUEST		WebSocket Connect	1697002193391	1697002200726	OK	 
REQUEST		WebSocket Connect	1697002193396	1697002200732	OK	 
REQUEST		WebSocket Connect	1697002193393	1697002200733	OK	 
REQUEST		WebSocket Connect	1697002193385	1697002200734	OK	 
REQUEST		WebSocket Connect	1697002193395	1697002200804	OK	 
REQUEST		WebSocket Connect	1697002193392	1697002200804	OK	 
REQUEST		WebSocket Connect	1697002193391	1697002200804	OK	 
REQUEST		WebSocket Connect	1697002193397	1697002200805	OK	 
REQUEST		WebSocket Connect	1697002193385	1697002200805	OK	 
REQUEST		WebSocket Connect	1697002193388	1697002200807	OK	 
REQUEST		WebSocket Connect	1697002193396	1697002200807	OK	 
REQUEST		WebSocket Connect	1697002193388	1697002200807	OK	 
REQUEST		WebSocket Connect	1697002193398	1697002200807	OK	 
REQUEST		WebSocket Connect	1697002193390	1697002200808	OK	 
REQUEST		WebSocket Connect	1697002193389	1697002200808	OK	 
REQUEST		WebSocket Connect	1697002193390	1697002200808	OK	 
REQUEST		WebSocket Connect	1697002193391	1697002200810	OK	 
REQUEST		WebSocket Connect	1697002193390	1697002200811	OK	 
REQUEST		WebSocket Connect	1697002193399	1697002200812	OK	 
REQUEST		WebSocket Connect	1697002193398	1697002200813	OK	 
REQUEST		WebSocket Connect	1697002193397	1697002200813	OK	 
REQUEST		WebSocket Connect	1697002193400	1697002200814	OK	 
REQUEST		WebSocket Connect	1697002193398	1697002200818	OK	 
REQUEST		WebSocket Connect	1697002193396	1697002200818	OK	 
REQUEST		WebSocket Connect	1697002193398	1697002200821	OK	 
REQUEST		WebSocket Connect	1697002193397	1697002200826	OK	 
REQUEST		WebSocket Connect	1697002193384	1697002200835	OK	 
REQUEST		WebSocket Connect	1697002193384	1697002200836	OK	 
REQUEST		WebSocket Connect	1697002193399	1697002200842	OK	 
REQUEST		WebSocket Connect	1697002193395	1697002200843	OK	 
REQUEST		WebSocket Connect	1697002193397	1697002200848	OK	 
REQUEST		WebSocket Connect	1697002193387	1697002200855	OK	 
REQUEST		WebSocket Connect	1697002193369	1697002200937	OK	 
REQUEST		WebSocket Connect	1697002193400	1697002200976	OK	 
REQUEST		WebSocket Connect	1697002193404	1697002201545	OK	 
REQUEST		WebSocket Connect	1697002193401	1697002201633	OK	 
REQUEST		WebSocket Connect	1697002193396	1697002201633	OK	 
REQUEST		WebSocket Connect	1697002193387	1697002201633	OK	 
REQUEST		WebSocket Connect	1697002193402	1697002201633	OK	 
REQUEST		WebSocket Connect	1697002193401	1697002201635	OK	 
REQUEST		WebSocket Connect	1697002193402	1697002201635	OK	 
REQUEST		WebSocket Connect	1697002193402	1697002201636	OK	 
REQUEST		WebSocket Connect	1697002193403	1697002201651	OK	 
REQUEST		WebSocket Connect	1697002193402	1697002201728	OK	 
REQUEST		WebSocket Connect	1697002193400	1697002201729	OK	 
REQUEST		WebSocket Connect	1697002193402	1697002201733	OK	 
REQUEST		WebSocket Connect	1697002193404	1697002201733	OK	 
REQUEST		WebSocket Connect	1697002193405	1697002201733	OK	 
REQUEST		WebSocket Connect	1697002193401	1697002201733	OK	 
REQUEST		WebSocket Connect	1697002193403	1697002201733	OK	 
REQUEST		WebSocket Connect	1697002193383	1697002201733	OK	 
REQUEST		WebSocket Connect	1697002193404	1697002201734	OK	 
REQUEST		WebSocket Connect	1697002193411	1697002201734	OK	 
REQUEST		WebSocket Connect	1697002193394	1697002201734	OK	 
REQUEST		WebSocket Connect	1697002193403	1697002201757	OK	 
REQUEST		WebSocket Connect	1697002193395	1697002201770	OK	 
REQUEST		WebSocket Connect	1697002193405	1697002201770	OK	 
REQUEST		WebSocket Connect	1697002193407	1697002201770	OK	 
REQUEST		WebSocket Connect	1697002193396	1697002201771	OK	 
REQUEST		WebSocket Connect	1697002193397	1697002201772	OK	 
REQUEST		WebSocket Connect	1697002193396	1697002201777	OK	 
REQUEST		WebSocket Connect	1697002193401	1697002201808	OK	 
REQUEST		WebSocket Connect	1697002193398	1697002201813	OK	 
REQUEST		WebSocket Connect	1697002193404	1697002201850	OK	 
REQUEST		WebSocket Connect	1697002193407	1697002201852	OK	 
REQUEST		WebSocket Connect	1697002193401	1697002201858	OK	 
REQUEST		WebSocket Connect	1697002193397	1697002202769	OK	 
REQUEST		WebSocket Connect	1697002193405	1697002202860	OK	 
REQUEST		WebSocket Connect	1697002193407	1697002202860	OK	 
REQUEST		WebSocket Connect	1697002193369	1697002202860	OK	 
REQUEST		WebSocket Connect	1697002193384	1697002202860	OK	 
REQUEST		WebSocket Connect	1697002193398	1697002202860	OK	 
REQUEST		WebSocket Connect	1697002193408	1697002202877	OK	 
REQUEST		WebSocket Connect	1697002193399	1697002202957	OK	 
REQUEST		WebSocket Connect	1697002193408	1697002202959	OK	 
REQUEST		WebSocket Connect	1697002193403	1697002202963	OK	 
REQUEST		WebSocket Connect	1697002193405	1697002202971	OK	 
REQUEST		WebSocket Connect	1697002193411	1697002203000	OK	 
REQUEST		WebSocket Connect	1697002193386	1697002203057	OK	 
REQUEST		WebSocket Connect	1697002193399	1697002204424	KO	i.n.h.s.SslHandshakeTimeoutException: handshake timed out after 10000ms
REQUEST		WebSocket Connect	1697002193372	1697002204424	KO	i.n.h.s.SslHandshakeTimeoutException: handshake timed out after 10000ms
REQUEST		WebSocket Connect	1697002193399	1697002204424	KO	i.n.h.s.SslHandshakeTimeoutException: handshake timed out after 10000ms
REQUEST		WebSocket Connect	1697002193398	1697002204424	KO	i.n.h.s.SslHandshakeTimeoutException: handshake timed out after 10000ms
REQUEST		WebSocket Connect	1697002193401	1697002204430	KO	i.n.h.s.SslHandshakeTimeoutException: handshake timed out after 10000ms
REQUEST		WebSocket Connect	1697002193371	1697002204430	KO	i.n.h.s.SslHandshakeTimeoutException: handshake timed out after 10000ms
REQUEST		WebSocket Connect	1697002193401	1697002204431	KO	i.n.h.s.SslHandshakeTimeoutException: handshake timed out after 10000ms
REQUEST		WebSocket Connect	1697002193405	1697002204431	KO	i.n.h.s.SslHandshakeTimeoutException: handshake timed out after 10000ms
REQUEST		WebSocket Connect	1697002193402	1697002204431	KO	i.n.h.s.SslHandshakeTimeoutException: handshake timed out after 10000ms
REQUEST		WebSocket Connect	1697002193407	1697002204431	KO	i.n.h.s.SslHandshakeTimeoutException: handshake timed out after 10000ms
REQUEST		WebSocket Connect	1697002193407	1697002204431	KO	i.n.h.s.SslHandshakeTimeoutException: handshake timed out after 10000ms
REQUEST		WebSocket Connect	1697002193402	1697002204431	KO	i.n.h.s.SslHandshakeTimeoutException: handshake timed out after 10000ms
REQUEST		WebSocket Connect	1697002193399	1697002204432	KO	i.n.h.s.SslHandshakeTimeoutException: handshake timed out after 10000ms
REQUEST		WebSocket Connect	1697002193405	1697002204440	KO	i.n.h.s.SslHandshakeTimeoutException: handshake timed out after 10000ms
REQUEST		WebSocket Connect	1697002193408	1697002204440	KO	i.n.h.s.SslHandshakeTimeoutException: handshake timed out after 10000ms
REQUEST		WebSocket Connect	1697002193369	1697002204440	KO	i.n.h.s.SslHandshakeTimeoutException: handshake timed out after 10000ms
REQUEST		WebSocket Connect	1697002193404	1697002204440	KO	i.n.h.s.SslHandshakeTimeoutException: handshake timed out after 10000ms
REQUEST		WebSocket Connect	1697002193368	1697002204440	KO	i.n.h.s.SslHandshakeTimeoutException: handshake timed out after 10000ms
REQUEST		WebSocket Connect	1697002193401	1697002204440	KO	i.n.h.s.SslHandshakeTimeoutException: handshake timed out after 10000ms
REQUEST		WebSocket Connect	1697002193399	1697002204440	KO	i.n.h.s.SslHandshakeTimeoutException: handshake timed out after 10000ms
REQUEST		WebSocket Connect	1697002193400	1697002204440	KO	i.n.h.s.SslHandshakeTimeoutException: handshake timed out after 10000ms
REQUEST		WebSocket Connect	1697002193402	1697002204441	KO	i.n.h.s.SslHandshakeTimeoutException: handshake timed out after 10000ms
REQUEST		WebSocket Connect	1697002193407	1697002204441	KO	i.n.h.s.SslHandshakeTimeoutException: handshake timed out after 10000ms
REQUEST		WebSocket Connect	1697002193383	1697002204441	KO	i.n.h.s.SslHandshakeTimeoutException: handshake timed out after 10000ms
REQUEST		WebSocket Connect	1697002193402	1697002204441	KO	i.n.h.s.SslHandshakeTimeoutException: handshake timed out after 10000ms
REQUEST		WebSocket Connect	1697002193402	1697002204441	KO	i.n.h.s.SslHandshakeTimeoutException: handshake timed out after 10000ms
REQUEST		WebSocket Connect	1697002193397	1697002204441	KO	i.n.h.s.SslHandshakeTimeoutException: handshake timed out after 10000ms
REQUEST		WebSocket Connect	1697002193405	1697002204441	KO	i.n.h.s.SslHandshakeTimeoutException: handshake timed out after 10000ms
REQUEST		WebSocket Connect	1697002193406	1697002204441	KO	i.n.h.s.SslHandshakeTimeoutException: handshake timed out after 10000ms
REQUEST		WebSocket Connect	1697002193400	1697002204441	KO	i.n.h.s.SslHandshakeTimeoutException: handshake timed out after 10000ms
REQUEST		WebSocket Connect	1697002193408	1697002204441	KO	i.n.h.s.SslHandshakeTimeoutException: handshake timed out after 10000ms
REQUEST		WebSocket Connect	1697002193407	1697002204441	KO	i.n.h.s.SslHandshakeTimeoutException: handshake timed out after 10000ms
REQUEST		WebSocket Connect	1697002193406	1697002204441	KO	i.n.h.s.SslHandshakeTimeoutException: handshake timed out after 10000ms
REQUEST		WebSocket Connect	1697002193404	1697002204441	KO	i.n.h.s.SslHandshakeTimeoutException: handshake timed out after 10000ms
REQUEST		WebSocket Connect	1697002193400	1697002204442	KO	i.n.h.s.SslHandshakeTimeoutException: handshake timed out after 10000ms
REQUEST		WebSocket Connect	1697002193403	1697002204442	KO	i.n.h.s.SslHandshakeTimeoutException: handshake timed out after 10000ms
REQUEST		WebSocket Connect	1697002193407	1697002204442	KO	i.n.h.s.SslHandshakeTimeoutException: handshake timed out after 10000ms
REQUEST		WebSocket Connect	1697002193400	1697002204442	KO	i.n.h.s.SslHandshakeTimeoutException: handshake timed out after 10000ms
REQUEST		WebSocket Connect	1697002193407	1697002204442	KO	i.n.h.s.SslHandshakeTimeoutException: handshake timed out after 10000ms
REQUEST		WebSocket Connect	1697002193408	1697002204442	KO	i.n.h.s.SslHandshakeTimeoutException: handshake timed out after 10000ms
REQUEST		WebSocket Connect	1697002193401	1697002204442	KO	i.n.h.s.SslHandshakeTimeoutException: handshake timed out after 10000ms
REQUEST		WebSocket Connect	1697002193408	1697002204443	KO	i.n.h.s.SslHandshakeTimeoutException: handshake timed out after 10000ms
REQUEST		WebSocket Connect	1697002193409	1697002204443	KO	i.n.h.s.SslHandshakeTimeoutException: handshake timed out after 10000ms
REQUEST		WebSocket Connect	1697002193402	1697002204443	KO	i.n.h.s.SslHandshakeTimeoutException: handshake timed out after 10000ms
REQUEST		WebSocket Connect	1697002193401	1697002204443	KO	i.n.h.s.SslHandshakeTimeoutException: handshake timed out after 10000ms
REQUEST		WebSocket Connect	1697002193409	1697002204455	KO	i.n.h.s.SslHandshakeTimeoutException: handshake timed out after 10000ms
REQUEST		WebSocket Connect	1697002193406	1697002204455	KO	i.n.h.s.SslHandshakeTimeoutException: handshake timed out after 10000ms
REQUEST		WebSocket Connect	1697002193410	1697002204456	KO	i.n.h.s.SslHandshakeTimeoutException: handshake timed out after 10000ms
REQUEST		WebSocket Connect	1697002193407	1697002206432	KO	i.n.h.s.SslHandshakeTimeoutException: handshake timed out after 10000ms
REQUEST		WebSocket Connect	1697002193406	1697002206432	KO	i.n.h.s.SslHandshakeTimeoutException: handshake timed out after 10000ms
USER	WebSocket Load Test	END	1697002225003
USER	WebSocket Load Test	END	1697002225004
USER	WebSocket Load Test	END	1697002225004
USER	WebSocket Load Test	END	1697002225031
USER	WebSocket Load Test	END	1697002225078
USER	WebSocket Load Test	END	1697002225078
USER	WebSocket Load Test	END	1697002225078
USER	WebSocket Load Test	END	1697002225093
USER	WebSocket Load Test	END	1697002225093
USER	WebSocket Load Test	END	1697002225093
USER	WebSocket Load Test	END	1697002225109
USER	WebSocket Load Test	END	1697002225109
USER	WebSocket Load Test	END	1697002225140
USER	WebSocket Load Test	END	1697002226076
USER	WebSocket Load Test	END	1697002226091
USER	WebSocket Load Test	END	1697002226091
USER	WebSocket Load Test	END	1697002226107
USER	WebSocket Load Test	END	1697002227136
USER	WebSocket Load Test	END	1697002227136
USER	WebSocket Load Test	END	1697002227136
USER	WebSocket Load Test	END	1697002227151
USER	WebSocket Load Test	END	1697002227230
USER	WebSocket Load Test	END	1697002227231
USER	WebSocket Load Test	END	1697002227260
USER	WebSocket Load Test	END	1697002227260
USER	WebSocket Load Test	END	1697002228097
USER	WebSocket Load Test	END	1697002228159
USER	WebSocket Load Test	END	1697002228159
USER	WebSocket Load Test	END	1697002228159
USER	WebSocket Load Test	END	1697002228159
USER	WebSocket Load Test	END	1697002228175
USER	WebSocket Load Test	END	1697002228175
USER	WebSocket Load Test	END	1697002228191
USER	WebSocket Load Test	END	1697002228206
USER	WebSocket Load Test	END	1697002228206
USER	WebSocket Load Test	END	1697002228206
USER	WebSocket Load Test	END	1697002228221
USER	WebSocket Load Test	END	1697002228252
USER	WebSocket Load Test	END	1697002228268
USER	WebSocket Load Test	END	1697002228268
USER	WebSocket Load Test	END	1697002228314
USER	WebSocket Load Test	END	1697002229206
USER	WebSocket Load Test	END	1697002229283
USER	WebSocket Load Test	END	1697002229283
USER	WebSocket Load Test	END	1697002229299
USER	WebSocket Load Test	END	1697002229299
USER	WebSocket Load Test	END	1697002229300
USER	WebSocket Load Test	END	1697002229300
USER	WebSocket Load Test	END	1697002229300
USER	WebSocket Load Test	END	1697002229300
USER	WebSocket Load Test	END	1697002229300
USER	WebSocket Load Test	END	1697002229300
USER	WebSocket Load Test	END	1697002229315
USER	WebSocket Load Test	END	1697002229394
USER	WebSocket Load Test	END	1697002229487
USER	WebSocket Load Test	END	1697002229487
USER	WebSocket Load Test	END	1697002229487
USER	WebSocket Load Test	END	1697002229487
USER	WebSocket Load Test	END	1697002229487
USER	WebSocket Load Test	END	1697002229487
USER	WebSocket Load Test	END	1697002229487
USER	WebSocket Load Test	END	1697002229487
USER	WebSocket Load Test	END	1697002229488
USER	WebSocket Load Test	END	1697002230108
USER	WebSocket Load Test	END	1697002230293
USER	WebSocket Load Test	END	1697002230717
USER	WebSocket Load Test	END	1697002230717
USER	WebSocket Load Test	END	1697002230717
USER	WebSocket Load Test	END	1697002230717
USER	WebSocket Load Test	END	1697002230717
USER	WebSocket Load Test	END	1697002230717
USER	WebSocket Load Test	END	1697002230733
USER	WebSocket Load Test	END	1697002230733
USER	WebSocket Load Test	END	1697002230749
USER	WebSocket Load Test	END	1697002230749
USER	WebSocket Load Test	END	1697002230811
USER	WebSocket Load Test	END	1697002230811
USER	WebSocket Load Test	END	1697002230811
USER	WebSocket Load Test	END	1697002230811
USER	WebSocket Load Test	END	1697002230811
USER	WebSocket Load Test	END	1697002230811
USER	WebSocket Load Test	END	1697002230811
USER	WebSocket Load Test	END	1697002230811
USER	WebSocket Load Test	END	1697002230811
USER	WebSocket Load Test	END	1697002230811
USER	WebSocket Load Test	END	1697002230811
USER	WebSocket Load Test	END	1697002230811
USER	WebSocket Load Test	END	1697002230811
USER	WebSocket Load Test	END	1697002230826
USER	WebSocket Load Test	END	1697002230826
USER	WebSocket Load Test	END	1697002230826
USER	WebSocket Load Test	END	1697002230826
USER	WebSocket Load Test	END	1697002230826
USER	WebSocket Load Test	END	1697002230826
USER	WebSocket Load Test	END	1697002230826
USER	WebSocket Load Test	END	1697002230826
USER	WebSocket Load Test	END	1697002230842
USER	WebSocket Load Test	END	1697002230842
USER	WebSocket Load Test	END	1697002230842
USER	WebSocket Load Test	END	1697002230858
USER	WebSocket Load Test	END	1697002230858
USER	WebSocket Load Test	END	1697002230858
USER	WebSocket Load Test	END	1697002230858
USER	WebSocket Load Test	END	1697002230951
USER	WebSocket Load Test	END	1697002230983
USER	WebSocket Load Test	END	1697002231560
USER	WebSocket Load Test	END	1697002231638
USER	WebSocket Load Test	END	1697002231638
USER	WebSocket Load Test	END	1697002231638
USER	WebSocket Load Test	END	1697002231638
USER	WebSocket Load Test	END	1697002231639
USER	WebSocket Load Test	END	1697002231639
USER	WebSocket Load Test	END	1697002231639
USER	WebSocket Load Test	END	1697002231653
USER	WebSocket Load Test	END	1697002231732
USER	WebSocket Load Test	END	1697002231732
USER	WebSocket Load Test	END	1697002231748
USER	WebSocket Load Test	END	1697002231748
USER	WebSocket Load Test	END	1697002231748
USER	WebSocket Load Test	END	1697002231748
USER	WebSocket Load Test	END	1697002231748
USER	WebSocket Load Test	END	1697002231748
USER	WebSocket Load Test	END	1697002231748
USER	WebSocket Load Test	END	1697002231748
USER	WebSocket Load Test	END	1697002231748
USER	WebSocket Load Test	END	1697002231763
USER	WebSocket Load Test	END	1697002231778
USER	WebSocket Load Test	END	1697002231778
USER	WebSocket Load Test	END	1697002231778
USER	WebSocket Load Test	END	1697002231778
USER	WebSocket Load Test	END	1697002231778
USER	WebSocket Load Test	END	1697002231778
USER	WebSocket Load Test	END	1697002231809
USER	WebSocket Load Test	END	1697002231825
USER	WebSocket Load Test	END	1697002231856
USER	WebSocket Load Test	END	1697002231856
USER	WebSocket Load Test	END	1697002231871
USER	WebSocket Load Test	END	1697002232773
USER	WebSocket Load Test	END	1697002232867
USER	WebSocket Load Test	END	1697002232867
USER	WebSocket Load Test	END	1697002232867
USER	WebSocket Load Test	END	1697002232867
USER	WebSocket Load Test	END	1697002232867
USER	WebSocket Load Test	END	1697002232882
USER	WebSocket Load Test	END	1697002232959
USER	WebSocket Load Test	END	1697002232975
USER	WebSocket Load Test	END	1697002232975
USER	WebSocket Load Test	END	1697002232975
USER	WebSocket Load Test	END	1697002233007
USER	WebSocket Load Test	END	1697002233070
USER	WebSocket Load Test	END	1697002234442
USER	WebSocket Load Test	END	1697002234442
USER	WebSocket Load Test	END	1697002234442
USER	WebSocket Load Test	END	1697002234442
USER	WebSocket Load Test	END	1697002234443
USER	WebSocket Load Test	END	1697002234443
USER	WebSocket Load Test	END	1697002234443
USER	WebSocket Load Test	END	1697002234443
USER	WebSocket Load Test	END	1697002234443
USER	WebSocket Load Test	END	1697002234443
USER	WebSocket Load Test	END	1697002234443
USER	WebSocket Load Test	END	1697002234443
USER	WebSocket Load Test	END	1697002234443
USER	WebSocket Load Test	END	1697002234443
USER	WebSocket Load Test	END	1697002234443
USER	WebSocket Load Test	END	1697002234443
USER	WebSocket Load Test	END	1697002234443
USER	WebSocket Load Test	END	1697002234443
USER	WebSocket Load Test	END	1697002234443
USER	WebSocket Load Test	END	1697002234443
USER	WebSocket Load Test	END	1697002234443
USER	WebSocket Load Test	END	1697002234443
USER	WebSocket Load Test	END	1697002234443
USER	WebSocket Load Test	END	1697002234443
USER	WebSocket Load Test	END	1697002234443
USER	WebSocket Load Test	END	1697002234443
USER	WebSocket Load Test	END	1697002234443
USER	WebSocket Load Test	END	1697002234443
USER	WebSocket Load Test	END	1697002234443
USER	WebSocket Load Test	END	1697002234443
USER	WebSocket Load Test	END	1697002234443
USER	WebSocket Load Test	END	1697002234443
USER	WebSocket Load Test	END	1697002234443
USER	WebSocket Load Test	END	1697002234443
USER	WebSocket Load Test	END	1697002234443
USER	WebSocket Load Test	END	1697002234443
USER	WebSocket Load Test	END	1697002234443
USER	WebSocket Load Test	END	1697002234458
USER	WebSocket Load Test	END	1697002234458
USER	WebSocket Load Test	END	1697002234458
USER	WebSocket Load Test	END	1697002234458
USER	WebSocket Load Test	END	1697002234458
USER	WebSocket Load Test	END	1697002234458
USER	WebSocket Load Test	END	1697002234458
USER	WebSocket Load Test	END	1697002234458
USER	WebSocket Load Test	END	1697002234458
USER	WebSocket Load Test	END	1697002234458
USER	WebSocket Load Test	END	1697002234458
USER	WebSocket Load Test	END	1697002236437
USER	WebSocket Load Test	END	1697002236437
