RUN	computerdatabase.ComputerDatabaseSimulation	computerdatabasesimulation	1696940440360	Socket Load testing	3.9.5
USER	WebSocket Load Test	START	1696940442160
USER	WebSocket Load Test	START	1696940442160
USER	WebSocket Load Test	START	1696940442160
USER	WebSocket Load Test	START	1696940442160
USER	WebSocket Load Test	START	1696940442162
USER	WebSocket Load Test	START	1696940442162
USER	WebSocket Load Test	START	1696940442163
USER	WebSocket Load Test	START	1696940442163
USER	WebSocket Load Test	START	1696940442164
USER	WebSocket Load Test	START	1696940442165
USER	WebSocket Load Test	START	1696940442167
USER	WebSocket Load Test	START	1696940442167
USER	WebSocket Load Test	START	1696940442168
USER	WebSocket Load Test	START	1696940442169
USER	WebSocket Load Test	START	1696940442170
USER	WebSocket Load Test	START	1696940442160
USER	WebSocket Load Test	START	1696940442171
USER	WebSocket Load Test	START	1696940442172
USER	WebSocket Load Test	START	1696940442172
USER	WebSocket Load Test	START	1696940442174
USER	WebSocket Load Test	START	1696940442174
USER	WebSocket Load Test	START	1696940442175
USER	WebSocket Load Test	START	1696940442175
USER	WebSocket Load Test	START	1696940442175
USER	WebSocket Load Test	START	1696940442177
USER	WebSocket Load Test	START	1696940442178
USER	WebSocket Load Test	START	1696940442178
USER	WebSocket Load Test	START	1696940442178
USER	WebSocket Load Test	START	1696940442180
USER	WebSocket Load Test	START	1696940442180
REQUEST		WebSocket Connect	1696940442162	1696940442657	OK	 
REQUEST		WebSocket Connect	1696940442124	1696940442657	OK	 
REQUEST		WebSocket Connect	1696940442118	1696940442657	OK	 
REQUEST		WebSocket Connect	1696940442120	1696940442657	OK	 
REQUEST		WebSocket Connect	1696940442125	1696940442657	OK	 
REQUEST		WebSocket Connect	1696940442119	1696940442657	OK	 
REQUEST		WebSocket Connect	1696940442124	1696940442657	OK	 
REQUEST		WebSocket Connect	1696940442120	1696940442658	OK	 
REQUEST		WebSocket Connect	1696940442179	1696940442682	OK	 
REQUEST		WebSocket Connect	1696940442165	1696940442682	OK	 
REQUEST		WebSocket Connect	1696940442123	1696940442754	OK	 
REQUEST		WebSocket Connect	1696940442168	1696940443786	OK	 
REQUEST		WebSocket Connect	1696940442169	1696940443786	OK	 
REQUEST		WebSocket Connect	1696940442118	1696940444752	OK	 
REQUEST		WebSocket Connect	1696940442162	1696940444758	OK	 
REQUEST		WebSocket Connect	1696940442125	1696940444759	OK	 
REQUEST		WebSocket Connect	1696940442124	1696940444774	OK	 
REQUEST		WebSocket Connect	1696940442119	1696940445772	OK	 
REQUEST		WebSocket Connect	1696940442120	1696940445772	OK	 
REQUEST		WebSocket Connect	1696940442118	1696940445777	OK	 
REQUEST		WebSocket Connect	1696940442118	1696940445780	OK	 
REQUEST		WebSocket Connect	1696940442121	1696940445783	OK	 
REQUEST		WebSocket Connect	1696940442173	1696940445787	OK	 
REQUEST		WebSocket Connect	1696940442163	1696940445788	OK	 
REQUEST		WebSocket Connect	1696940442173	1696940445798	OK	 
REQUEST		WebSocket Connect	1696940442176	1696940446788	OK	 
REQUEST		WebSocket Connect	1696940442166	1696940446790	OK	 
REQUEST		WebSocket Connect	1696940442171	1696940446790	OK	 
REQUEST		WebSocket Connect	1696940442171	1696940446794	OK	 
REQUEST		WebSocket Connect	1696940442178	1696940446799	OK	 
REQUEST		WebSocket Close	1696940462690	1696940462721	OK	 
USER	WebSocket Load Test	END	1696940462730
REQUEST		WebSocket Close	1696940462690	1696940462737	OK	 
USER	WebSocket Load Test	END	1696940462738
REQUEST		WebSocket Close	1696940462690	1696940462746	OK	 
REQUEST		WebSocket Close	1696940462690	1696940462746	OK	 
USER	WebSocket Load Test	END	1696940462746
USER	WebSocket Load Test	END	1696940462746
REQUEST		WebSocket Close	1696940462690	1696940462765	OK	 
USER	WebSocket Load Test	END	1696940462765
REQUEST		WebSocket Close	1696940462690	1696940462779	OK	 
USER	WebSocket Load Test	END	1696940462779
REQUEST		WebSocket Close	1696940462691	1696940462783	OK	 
REQUEST		WebSocket Close	1696940462691	1696940462783	OK	 
USER	WebSocket Load Test	END	1696940462784
USER	WebSocket Load Test	END	1696940462784
REQUEST		WebSocket Close	1696940462690	1696940462790	OK	 
USER	WebSocket Load Test	END	1696940462790
REQUEST		WebSocket Close	1696940462690	1696940462795	OK	 
USER	WebSocket Load Test	END	1696940462796
REQUEST		WebSocket Close	1696940462761	1696940462815	OK	 
USER	WebSocket Load Test	END	1696940462815
REQUEST		WebSocket Close	1696940463793	1696940463843	OK	 
USER	WebSocket Load Test	END	1696940463844
REQUEST		WebSocket Close	1696940463793	1696940463844	OK	 
USER	WebSocket Load Test	END	1696940463844
REQUEST		WebSocket Close	1696940464756	1696940464791	OK	 
USER	WebSocket Load Test	END	1696940464792
REQUEST		WebSocket Close	1696940464771	1696940464809	OK	 
USER	WebSocket Load Test	END	1696940464810
REQUEST		WebSocket Close	1696940464772	1696940464863	OK	 
USER	WebSocket Load Test	END	1696940464864
REQUEST		WebSocket Close	1696940464786	1696940464868	OK	 
USER	WebSocket Load Test	END	1696940464869
REQUEST		WebSocket Close	1696940465782	1696940465888	OK	 
USER	WebSocket Load Test	END	1696940465889
REQUEST		WebSocket Close	1696940465782	1696940465892	OK	 
REQUEST		WebSocket Close	1696940465782	1696940465892	OK	 
REQUEST		WebSocket Close	1696940465785	1696940465894	OK	 
REQUEST		WebSocket Close	1696940465790	1696940465894	OK	 
REQUEST		WebSocket Close	1696940465782	1696940465895	OK	 
REQUEST		WebSocket Close	1696940465800	1696940465895	OK	 
REQUEST		WebSocket Close	1696940465797	1696940465895	OK	 
USER	WebSocket Load Test	END	1696940465896
USER	WebSocket Load Test	END	1696940465896
USER	WebSocket Load Test	END	1696940465896
USER	WebSocket Load Test	END	1696940465897
USER	WebSocket Load Test	END	1696940465897
USER	WebSocket Load Test	END	1696940465897
USER	WebSocket Load Test	END	1696940465897
REQUEST		WebSocket Close	1696940466797	1696940466820	OK	 
USER	WebSocket Load Test	END	1696940466821
REQUEST		WebSocket Close	1696940466797	1696940466836	OK	 
USER	WebSocket Load Test	END	1696940466837
REQUEST		WebSocket Close	1696940466797	1696940466843	OK	 
USER	WebSocket Load Test	END	1696940466843
REQUEST		WebSocket Close	1696940466797	1696940466853	OK	 
USER	WebSocket Load Test	END	1696940466854
REQUEST		WebSocket Close	1696940466814	1696940466860	OK	 
USER	WebSocket Load Test	END	1696940466861
