RUN	computerdatabase.ComputerDatabaseSimulation	computerdatabasesimulation	1696830844426	sample run	3.9.5
USER	Admins	START	1696830845947
USER	Users	START	1696830845947
USER	Users	START	1696830846915
USER	Users	START	1696830847910
REQUEST		Home	1696830845933	1696830847992	OK	 
REQUEST		Home	1696830845933	1696830847999	OK	 
REQUEST		Home Redirect 1	1696830847999	1696830848262	OK	 
REQUEST		Home Redirect 1	1696830848000	1696830848263	OK	 
REQUEST		Home	1696830846914	1696830848409	OK	 
REQUEST		Home Redirect 1	1696830848410	1696830848710	OK	 
USER	Users	START	1696830848910
REQUEST		Home	1696830847909	1696830849408	OK	 
REQUEST		Search	1696830849284	1696830849525	OK	 
REQUEST		Search	1696830849284	1696830849603	OK	 
REQUEST		Home Redirect 1	1696830849408	1696830849668	OK	 
USER	Users	START	1696830849905
REQUEST		Search	1696830849717	1696830850013	OK	 
REQUEST		Home	1696830848908	1696830850561	OK	 
USER	Users	START	1696830850899
USER	Admins	START	1696830850900
REQUEST		Home Redirect 1	1696830850562	1696830850937	OK	 
REQUEST		Select	1696830850590	1696830850940	OK	 
REQUEST		Select	1696830850621	1696830850943	OK	 
REQUEST		Search	1696830850684	1696830850943	OK	 
REQUEST		Select	1696830851023	1696830851282	OK	 
REQUEST		Home	1696830849903	1696830851546	OK	 
REQUEST		Home Redirect 1	1696830851547	1696830851781	OK	 
USER	Users	START	1696830851912
REQUEST		Select	1696830851959	1696830852233	OK	 
REQUEST		Search	1696830851943	1696830852235	OK	 
REQUEST		Page 0	1696830851963	1696830852258	OK	 
REQUEST		Page 0	1696830851963	1696830852259	OK	 
REQUEST		Page 0	1696830852287	1696830852526	OK	 
USER	Users	START	1696830852914
REQUEST		Home	1696830850899	1696830853006	OK	 
REQUEST		Home	1696830850899	1696830853084	OK	 
REQUEST		Search	1696830852788	1696830853086	OK	 
REQUEST		Home Redirect 1	1696830853006	1696830853287	OK	 
REQUEST		Home Redirect 1	1696830853085	1696830853403	OK	 
REQUEST		Home	1696830851911	1696830853455	OK	 
REQUEST		Page 0	1696830853238	1696830853490	OK	 
REQUEST		Page 1	1696830853269	1696830853535	OK	 
REQUEST		Page 1	1696830853269	1696830853534	OK	 
REQUEST		Select	1696830853253	1696830853535	OK	 
REQUEST		Home Redirect 1	1696830853456	1696830853724	OK	 
REQUEST		Page 1	1696830853534	1696830853770	OK	 
USER	Users	START	1696830853913
REQUEST		Select	1696830854098	1696830854414	OK	 
REQUEST		Home	1696830852912	1696830854425	OK	 
REQUEST		Search	1696830854300	1696830854600	OK	 
REQUEST		Home Redirect 1	1696830854426	1696830854722	OK	 
REQUEST		Search	1696830854410	1696830854722	OK	 
REQUEST		Page 1	1696830854503	1696830854735	OK	 
REQUEST		Page 2	1696830854550	1696830854822	OK	 
REQUEST		Page 0	1696830854550	1696830854822	OK	 
REQUEST		Page 2	1696830854550	1696830854822	OK	 
USER	Users	START	1696830854909
REQUEST		Search	1696830854737	1696830854973	OK	 
REQUEST		Page 2	1696830854783	1696830855106	OK	 
REQUEST		Home	1696830853911	1696830855498	OK	 
REQUEST		Page 0	1696830855420	1696830855656	OK	 
REQUEST		Home Redirect 1	1696830855498	1696830855847	OK	 
REQUEST		Select	1696830855607	1696830855869	OK	 
REQUEST		Page 2	1696830855749	1696830855988	OK	 
REQUEST		Search	1696830855735	1696830855996	OK	 
REQUEST		Select	1696830855734	1696830855996	OK	 
REQUEST		Page 3	1696830855828	1696830856072	OK	 
REQUEST		Page 1	1696830855828	1696830856081	OK	 
REQUEST		Page 3	1696830855828	1696830856101	OK	 
REQUEST		Select	1696830855986	1696830856271	OK	 
REQUEST		Home	1696830854908	1696830856301	OK	 
REQUEST		Page 3	1696830856112	1696830856359	OK	 
REQUEST		Home Redirect 1	1696830856301	1696830856580	OK	 
REQUEST		Page 1	1696830856659	1696830856945	OK	 
USER	Users	END	1696830857113
REQUEST		Search	1696830856863	1696830857115	OK	 
REQUEST		Page 0	1696830856879	1696830857127	OK	 
USER	Users	END	1696830857375
REQUEST		Page 3	1696830857003	1696830857403	OK	 
REQUEST		Select	1696830857003	1696830857403	OK	 
REQUEST		Page 0	1696830857003	1696830857407	OK	 
REQUEST		Form	1696830857079	1696830857408	OK	 
REQUEST		Page 2	1696830857095	1696830857408	OK	 
REQUEST		Page 0	1696830857282	1696830857689	OK	 
REQUEST		Search	1696830857592	1696830857996	OK	 
REQUEST		Page 2	1696830857951	1696830858202	OK	 
USER	Users	END	1696830858405
REQUEST		Select	1696830858121	1696830858418	OK	 
REQUEST		Page 1	1696830858137	1696830858418	OK	 
REQUEST		Page 3	1696830858420	1696830858658	OK	 
REQUEST		Page 0	1696830858405	1696830858662	OK	 
REQUEST		Page 1	1696830858420	1696830858666	OK	 
REQUEST		Post	1696830858422	1696830858654	OK	 
REQUEST		Post Redirect 1	1696830858667	1696830858920	KO	status.find.is(201), but actually found 200
REQUEST		Page 1	1696830858698	1696830859024	OK	 
REQUEST		Form	1696830858928	1696830859161	OK	 
REQUEST		Select	1696830859009	1696830859328	OK	 
REQUEST		Page 3	1696830859211	1696830859451	OK	 
USER	Users	END	1696830859663
REQUEST		Page 0	1696830859428	1696830859697	OK	 
REQUEST		Page 2	1696830859428	1696830859698	OK	 
REQUEST		Page 1	1696830859678	1696830859946	OK	 
REQUEST		Page 2	1696830859678	1696830859946	OK	 
REQUEST		Page 2	1696830860038	1696830860365	OK	 
REQUEST		Post	1696830860177	1696830860413	OK	 
USER	Users	END	1696830860458
REQUEST		Page 0	1696830860333	1696830860584	OK	 
REQUEST		Post Redirect 1	1696830860414	1696830860662	OK	 
USER	Admins	END	1696830860666
REQUEST		Page 1	1696830860707	1696830861070	OK	 
REQUEST		Page 3	1696830860708	1696830861070	OK	 
REQUEST		Page 2	1696830860955	1696830861215	OK	 
REQUEST		Page 3	1696830860955	1696830861218	OK	 
REQUEST		Page 3	1696830861376	1696830861684	OK	 
REQUEST		Page 1	1696830861594	1696830861826	OK	 
USER	Users	END	1696830862233
REQUEST		Page 2	1696830862077	1696830862337	OK	 
REQUEST		Form	1696830862077	1696830862337	OK	 
REQUEST		Page 3	1696830862232	1696830862478	OK	 
USER	Users	END	1696830862703
REQUEST		Page 2	1696830862843	1696830863145	OK	 
USER	Users	END	1696830863481
REQUEST		Post	1696830863341	1696830863647	OK	 
REQUEST		Page 3	1696830863341	1696830863649	OK	 
REQUEST		Post Redirect 1	1696830863649	1696830863942	OK	 
USER	Admins	END	1696830863944
REQUEST		Page 3	1696830864150	1696830864452	OK	 
USER	Users	END	1696830864664
USER	Users	END	1696830865457
