RUN	computerdatabase.ComputerDatabaseSimulation	computerdatabasesimulation	1697002507324	Socket Load testing	3.9.5
USER	WebSocket Load Test	START	1697002508665
USER	WebSocket Load Test	START	1697002508665
USER	WebSocket Load Test	START	1697002508665
USER	WebSocket Load Test	START	1697002508665
USER	WebSocket Load Test	START	1697002508666
USER	WebSocket Load Test	START	1697002508666
USER	WebSocket Load Test	START	1697002508667
USER	WebSocket Load Test	START	1697002508667
USER	WebSocket Load Test	START	1697002508667
USER	WebSocket Load Test	START	1697002508667
USER	WebSocket Load Test	START	1697002508667
USER	WebSocket Load Test	START	1697002508667
USER	WebSocket Load Test	START	1697002508667
USER	WebSocket Load Test	START	1697002508667
USER	WebSocket Load Test	START	1697002508667
USER	WebSocket Load Test	START	1697002508667
USER	WebSocket Load Test	START	1697002508667
USER	WebSocket Load Test	START	1697002508668
USER	WebSocket Load Test	START	1697002508668
USER	WebSocket Load Test	START	1697002508668
USER	WebSocket Load Test	START	1697002508668
USER	WebSocket Load Test	START	1697002508668
USER	WebSocket Load Test	START	1697002508668
USER	WebSocket Load Test	START	1697002508668
USER	WebSocket Load Test	START	1697002508669
USER	WebSocket Load Test	START	1697002508669
USER	WebSocket Load Test	START	1697002508669
USER	WebSocket Load Test	START	1697002508669
USER	WebSocket Load Test	START	1697002508669
USER	WebSocket Load Test	START	1697002508669
USER	WebSocket Load Test	START	1697002508669
USER	WebSocket Load Test	START	1697002508669
USER	WebSocket Load Test	START	1697002508669
USER	WebSocket Load Test	START	1697002508669
USER	WebSocket Load Test	START	1697002508669
USER	WebSocket Load Test	START	1697002508669
USER	WebSocket Load Test	START	1697002508669
USER	WebSocket Load Test	START	1697002508670
USER	WebSocket Load Test	START	1697002508670
USER	WebSocket Load Test	START	1697002508670
USER	WebSocket Load Test	START	1697002508670
USER	WebSocket Load Test	START	1697002508670
USER	WebSocket Load Test	START	1697002508670
USER	WebSocket Load Test	START	1697002508670
USER	WebSocket Load Test	START	1697002508670
USER	WebSocket Load Test	START	1697002508671
USER	WebSocket Load Test	START	1697002508671
USER	WebSocket Load Test	START	1697002508671
USER	WebSocket Load Test	START	1697002508671
USER	WebSocket Load Test	START	1697002508671
USER	WebSocket Load Test	START	1697002508665
USER	WebSocket Load Test	START	1697002508672
USER	WebSocket Load Test	START	1697002508672
USER	WebSocket Load Test	START	1697002508672
USER	WebSocket Load Test	START	1697002508672
USER	WebSocket Load Test	START	1697002508672
USER	WebSocket Load Test	START	1697002508672
USER	WebSocket Load Test	START	1697002508673
USER	WebSocket Load Test	START	1697002508673
USER	WebSocket Load Test	START	1697002508673
USER	WebSocket Load Test	START	1697002508673
USER	WebSocket Load Test	START	1697002508673
USER	WebSocket Load Test	START	1697002508673
USER	WebSocket Load Test	START	1697002508673
USER	WebSocket Load Test	START	1697002508674
USER	WebSocket Load Test	START	1697002508674
USER	WebSocket Load Test	START	1697002508674
USER	WebSocket Load Test	START	1697002508674
USER	WebSocket Load Test	START	1697002508674
USER	WebSocket Load Test	START	1697002508674
USER	WebSocket Load Test	START	1697002508674
USER	WebSocket Load Test	START	1697002508675
USER	WebSocket Load Test	START	1697002508675
USER	WebSocket Load Test	START	1697002508675
USER	WebSocket Load Test	START	1697002508675
USER	WebSocket Load Test	START	1697002508675
USER	WebSocket Load Test	START	1697002508676
USER	WebSocket Load Test	START	1697002508677
USER	WebSocket Load Test	START	1697002508677
USER	WebSocket Load Test	START	1697002508678
USER	WebSocket Load Test	START	1697002508678
USER	WebSocket Load Test	START	1697002508678
USER	WebSocket Load Test	START	1697002508678
USER	WebSocket Load Test	START	1697002508679
USER	WebSocket Load Test	START	1697002508679
USER	WebSocket Load Test	START	1697002508679
USER	WebSocket Load Test	START	1697002508679
USER	WebSocket Load Test	START	1697002508680
USER	WebSocket Load Test	START	1697002508680
USER	WebSocket Load Test	START	1697002508681
USER	WebSocket Load Test	START	1697002508681
USER	WebSocket Load Test	START	1697002508681
USER	WebSocket Load Test	START	1697002508681
USER	WebSocket Load Test	START	1697002508681
USER	WebSocket Load Test	START	1697002508682
USER	WebSocket Load Test	START	1697002508682
USER	WebSocket Load Test	START	1697002508682
USER	WebSocket Load Test	START	1697002508683
USER	WebSocket Load Test	START	1697002508683
USER	WebSocket Load Test	START	1697002508683
USER	WebSocket Load Test	START	1697002508684
USER	WebSocket Load Test	START	1697002508684
USER	WebSocket Load Test	START	1697002508684
USER	WebSocket Load Test	START	1697002508684
USER	WebSocket Load Test	START	1697002508685
USER	WebSocket Load Test	START	1697002508686
USER	WebSocket Load Test	START	1697002508688
USER	WebSocket Load Test	START	1697002508690
USER	WebSocket Load Test	START	1697002508690
USER	WebSocket Load Test	START	1697002508691
USER	WebSocket Load Test	START	1697002508693
USER	WebSocket Load Test	START	1697002508693
USER	WebSocket Load Test	START	1697002508693
USER	WebSocket Load Test	START	1697002508693
USER	WebSocket Load Test	START	1697002508694
USER	WebSocket Load Test	START	1697002508694
USER	WebSocket Load Test	START	1697002508695
USER	WebSocket Load Test	START	1697002508695
USER	WebSocket Load Test	START	1697002508696
USER	WebSocket Load Test	START	1697002508696
USER	WebSocket Load Test	START	1697002508698
USER	WebSocket Load Test	START	1697002508700
USER	WebSocket Load Test	START	1697002508701
USER	WebSocket Load Test	START	1697002508702
USER	WebSocket Load Test	START	1697002508703
USER	WebSocket Load Test	START	1697002508703
USER	WebSocket Load Test	START	1697002508704
USER	WebSocket Load Test	START	1697002508705
USER	WebSocket Load Test	START	1697002508705
USER	WebSocket Load Test	START	1697002508710
USER	WebSocket Load Test	START	1697002508712
USER	WebSocket Load Test	START	1697002508712
USER	WebSocket Load Test	START	1697002508713
USER	WebSocket Load Test	START	1697002508714
USER	WebSocket Load Test	START	1697002508715
USER	WebSocket Load Test	START	1697002508715
USER	WebSocket Load Test	START	1697002508715
USER	WebSocket Load Test	START	1697002508716
USER	WebSocket Load Test	START	1697002508717
USER	WebSocket Load Test	START	1697002508724
USER	WebSocket Load Test	START	1697002508729
USER	WebSocket Load Test	START	1697002508731
USER	WebSocket Load Test	START	1697002508731
USER	WebSocket Load Test	START	1697002508732
USER	WebSocket Load Test	START	1697002508732
USER	WebSocket Load Test	START	1697002508732
USER	WebSocket Load Test	START	1697002508732
USER	WebSocket Load Test	START	1697002508733
USER	WebSocket Load Test	START	1697002508733
USER	WebSocket Load Test	START	1697002508734
USER	WebSocket Load Test	START	1697002508734
USER	WebSocket Load Test	START	1697002508734
USER	WebSocket Load Test	START	1697002508734
USER	WebSocket Load Test	START	1697002508737
USER	WebSocket Load Test	START	1697002508738
USER	WebSocket Load Test	START	1697002508738
USER	WebSocket Load Test	START	1697002508739
USER	WebSocket Load Test	START	1697002508740
USER	WebSocket Load Test	START	1697002508742
USER	WebSocket Load Test	START	1697002508743
USER	WebSocket Load Test	START	1697002508743
USER	WebSocket Load Test	START	1697002508743
USER	WebSocket Load Test	START	1697002508744
USER	WebSocket Load Test	START	1697002508718
USER	WebSocket Load Test	START	1697002508744
USER	WebSocket Load Test	START	1697002508745
USER	WebSocket Load Test	START	1697002508745
USER	WebSocket Load Test	START	1697002508746
USER	WebSocket Load Test	START	1697002508746
USER	WebSocket Load Test	START	1697002508747
USER	WebSocket Load Test	START	1697002508748
USER	WebSocket Load Test	START	1697002508749
USER	WebSocket Load Test	START	1697002508750
USER	WebSocket Load Test	START	1697002508752
USER	WebSocket Load Test	START	1697002508776
USER	WebSocket Load Test	START	1697002508778
USER	WebSocket Load Test	START	1697002508778
USER	WebSocket Load Test	START	1697002508780
USER	WebSocket Load Test	START	1697002508780
USER	WebSocket Load Test	START	1697002508781
USER	WebSocket Load Test	START	1697002508781
USER	WebSocket Load Test	START	1697002508782
USER	WebSocket Load Test	START	1697002508782
USER	WebSocket Load Test	START	1697002508783
USER	WebSocket Load Test	START	1697002508783
USER	WebSocket Load Test	START	1697002508783
USER	WebSocket Load Test	START	1697002508784
USER	WebSocket Load Test	START	1697002508784
USER	WebSocket Load Test	START	1697002508785
USER	WebSocket Load Test	START	1697002508780
USER	WebSocket Load Test	START	1697002508788
USER	WebSocket Load Test	START	1697002508789
USER	WebSocket Load Test	START	1697002508789
USER	WebSocket Load Test	START	1697002508790
USER	WebSocket Load Test	START	1697002508792
USER	WebSocket Load Test	START	1697002508797
USER	WebSocket Load Test	START	1697002508798
USER	WebSocket Load Test	START	1697002508801
USER	WebSocket Load Test	START	1697002508804
USER	WebSocket Load Test	START	1697002508805
REQUEST		WebSocket Connect	1697002508653	1697002510494	OK	 
REQUEST		WebSocket Connect	1697002508653	1697002510532	OK	 
REQUEST		WebSocket Connect	1697002508673	1697002510585	OK	 
REQUEST		WebSocket Connect	1697002508668	1697002510585	OK	 
REQUEST		WebSocket Connect	1697002508667	1697002510593	OK	 
REQUEST		WebSocket Connect	1697002508668	1697002510595	OK	 
REQUEST		WebSocket Connect	1697002508653	1697002510600	OK	 
REQUEST		WebSocket Connect	1697002508678	1697002510692	OK	 
REQUEST		WebSocket Connect	1697002508672	1697002510692	OK	 
REQUEST		WebSocket Connect	1697002508674	1697002510726	OK	 
REQUEST		WebSocket Connect	1697002508673	1697002510726	OK	 
REQUEST		WebSocket Connect	1697002508673	1697002510727	OK	 
REQUEST		WebSocket Connect	1697002508667	1697002511315	OK	 
REQUEST		WebSocket Connect	1697002508679	1697002511323	OK	 
REQUEST		WebSocket Connect	1697002508675	1697002511324	OK	 
REQUEST		WebSocket Connect	1697002508654	1697002511408	OK	 
REQUEST		WebSocket Connect	1697002508678	1697002512276	OK	 
REQUEST		WebSocket Connect	1697002508674	1697002512278	OK	 
REQUEST		WebSocket Connect	1697002508683	1697002512644	OK	 
REQUEST		WebSocket Connect	1697002508680	1697002513094	OK	 
REQUEST		WebSocket Connect	1697002508674	1697002513352	OK	 
REQUEST		WebSocket Connect	1697002508653	1697002513359	OK	 
REQUEST		WebSocket Connect	1697002508684	1697002513359	OK	 
REQUEST		WebSocket Connect	1697002508680	1697002513359	OK	 
REQUEST		WebSocket Connect	1697002508668	1697002513360	OK	 
REQUEST		WebSocket Connect	1697002508672	1697002513360	OK	 
REQUEST		WebSocket Connect	1697002508684	1697002513360	OK	 
REQUEST		WebSocket Connect	1697002508669	1697002513361	OK	 
REQUEST		WebSocket Connect	1697002508669	1697002513361	OK	 
REQUEST		WebSocket Connect	1697002508674	1697002513362	OK	 
REQUEST		WebSocket Connect	1697002508674	1697002513362	OK	 
REQUEST		WebSocket Connect	1697002508674	1697002513366	OK	 
REQUEST		WebSocket Connect	1697002508666	1697002513366	OK	 
REQUEST		WebSocket Connect	1697002508668	1697002513372	OK	 
REQUEST		WebSocket Connect	1697002508671	1697002513405	OK	 
REQUEST		WebSocket Connect	1697002508680	1697002513405	OK	 
REQUEST		WebSocket Connect	1697002508670	1697002513438	OK	 
REQUEST		WebSocket Connect	1697002508676	1697002513441	OK	 
REQUEST		WebSocket Connect	1697002508672	1697002513672	OK	 
REQUEST		WebSocket Connect	1697002508672	1697002514193	OK	 
REQUEST		WebSocket Connect	1697002508668	1697002514487	OK	 
REQUEST		WebSocket Connect	1697002508667	1697002514666	OK	 
REQUEST		WebSocket Connect	1697002508684	1697002514666	OK	 
REQUEST		WebSocket Connect	1697002508677	1697002514666	OK	 
REQUEST		WebSocket Connect	1697002508673	1697002514666	OK	 
REQUEST		WebSocket Connect	1697002508677	1697002514666	OK	 
REQUEST		WebSocket Connect	1697002508672	1697002514666	OK	 
REQUEST		WebSocket Connect	1697002508694	1697002514666	OK	 
REQUEST		WebSocket Connect	1697002508670	1697002514667	OK	 
REQUEST		WebSocket Connect	1697002508671	1697002514667	OK	 
REQUEST		WebSocket Connect	1697002508672	1697002514667	OK	 
REQUEST		WebSocket Connect	1697002508701	1697002514667	OK	 
REQUEST		WebSocket Connect	1697002508677	1697002514668	OK	 
REQUEST		WebSocket Connect	1697002508702	1697002514668	OK	 
REQUEST		WebSocket Connect	1697002508702	1697002514669	OK	 
REQUEST		WebSocket Connect	1697002508680	1697002514672	OK	 
REQUEST		WebSocket Connect	1697002508670	1697002514672	OK	 
REQUEST		WebSocket Connect	1697002508672	1697002514672	OK	 
REQUEST		WebSocket Connect	1697002508680	1697002514675	OK	 
REQUEST		WebSocket Connect	1697002508704	1697002514675	OK	 
REQUEST		WebSocket Connect	1697002508671	1697002514675	OK	 
REQUEST		WebSocket Connect	1697002508673	1697002514675	OK	 
REQUEST		WebSocket Connect	1697002508682	1697002514675	OK	 
REQUEST		WebSocket Connect	1697002508653	1697002514676	OK	 
REQUEST		WebSocket Connect	1697002508695	1697002514706	OK	 
REQUEST		WebSocket Connect	1697002508682	1697002514712	OK	 
REQUEST		WebSocket Connect	1697002508673	1697002514712	OK	 
REQUEST		WebSocket Connect	1697002508669	1697002514712	OK	 
REQUEST		WebSocket Connect	1697002508653	1697002514716	OK	 
REQUEST		WebSocket Connect	1697002508672	1697002514716	OK	 
REQUEST		WebSocket Connect	1697002508672	1697002514720	OK	 
REQUEST		WebSocket Connect	1697002508674	1697002514727	OK	 
REQUEST		WebSocket Connect	1697002508680	1697002515512	OK	 
REQUEST		WebSocket Connect	1697002508682	1697002515512	OK	 
REQUEST		WebSocket Connect	1697002508675	1697002515513	OK	 
REQUEST		WebSocket Connect	1697002508712	1697002515621	OK	 
REQUEST		WebSocket Connect	1697002508666	1697002515622	OK	 
REQUEST		WebSocket Connect	1697002508687	1697002515622	OK	 
REQUEST		WebSocket Connect	1697002508681	1697002515621	OK	 
REQUEST		WebSocket Connect	1697002508655	1697002515622	OK	 
REQUEST		WebSocket Connect	1697002508668	1697002515622	OK	 
REQUEST		WebSocket Connect	1697002508683	1697002515622	OK	 
REQUEST		WebSocket Connect	1697002508733	1697002515622	OK	 
REQUEST		WebSocket Connect	1697002508653	1697002515622	OK	 
REQUEST		WebSocket Connect	1697002508678	1697002515622	OK	 
REQUEST		WebSocket Connect	1697002508668	1697002515623	OK	 
REQUEST		WebSocket Connect	1697002508692	1697002515623	OK	 
REQUEST		WebSocket Connect	1697002508713	1697002515624	OK	 
REQUEST		WebSocket Connect	1697002508732	1697002515624	OK	 
REQUEST		WebSocket Connect	1697002508670	1697002515629	OK	 
REQUEST		WebSocket Connect	1697002508668	1697002515699	OK	 
REQUEST		WebSocket Connect	1697002508705	1697002515719	OK	 
REQUEST		WebSocket Connect	1697002508669	1697002515719	OK	 
REQUEST		WebSocket Connect	1697002508736	1697002515719	OK	 
REQUEST		WebSocket Connect	1697002508710	1697002515719	OK	 
REQUEST		WebSocket Connect	1697002508734	1697002515719	OK	 
REQUEST		WebSocket Connect	1697002508692	1697002515726	OK	 
REQUEST		WebSocket Connect	1697002508743	1697002515758	OK	 
REQUEST		WebSocket Connect	1697002508713	1697002515777	OK	 
REQUEST		WebSocket Connect	1697002508738	1697002515777	OK	 
REQUEST		WebSocket Connect	1697002508667	1697002515777	OK	 
REQUEST		WebSocket Connect	1697002508670	1697002515779	OK	 
REQUEST		WebSocket Connect	1697002508670	1697002515904	OK	 
REQUEST		WebSocket Connect	1697002508703	1697002516035	OK	 
REQUEST		WebSocket Connect	1697002508731	1697002516760	OK	 
REQUEST		WebSocket Connect	1697002508746	1697002516760	OK	 
REQUEST		WebSocket Connect	1697002508654	1697002516760	OK	 
REQUEST		WebSocket Connect	1697002508683	1697002516761	OK	 
REQUEST		WebSocket Connect	1697002508730	1697002516761	OK	 
REQUEST		WebSocket Connect	1697002508745	1697002516761	OK	 
REQUEST		WebSocket Connect	1697002508653	1697002516761	OK	 
REQUEST		WebSocket Connect	1697002508696	1697002516762	OK	 
REQUEST		WebSocket Connect	1697002508693	1697002516762	OK	 
REQUEST		WebSocket Connect	1697002508694	1697002516763	OK	 
REQUEST		WebSocket Connect	1697002508696	1697002516764	OK	 
REQUEST		WebSocket Connect	1697002508738	1697002516764	OK	 
REQUEST		WebSocket Connect	1697002508668	1697002516777	OK	 
REQUEST		WebSocket Connect	1697002508694	1697002516777	OK	 
REQUEST		WebSocket Connect	1697002508745	1697002516779	OK	 
REQUEST		WebSocket Connect	1697002508744	1697002516779	OK	 
REQUEST		WebSocket Connect	1697002508733	1697002516779	OK	 
REQUEST		WebSocket Connect	1697002508733	1697002516780	OK	 
REQUEST		WebSocket Connect	1697002508669	1697002516780	OK	 
REQUEST		WebSocket Connect	1697002508739	1697002516781	OK	 
REQUEST		WebSocket Connect	1697002508732	1697002516799	OK	 
REQUEST		WebSocket Connect	1697002508731	1697002516831	OK	 
REQUEST		WebSocket Connect	1697002508717	1697002516838	OK	 
REQUEST		WebSocket Connect	1697002508671	1697002516842	OK	 
REQUEST		WebSocket Connect	1697002508748	1697002516923	OK	 
REQUEST		WebSocket Connect	1697002508786	1697002516923	OK	 
REQUEST		WebSocket Connect	1697002508746	1697002516937	OK	 
REQUEST		WebSocket Connect	1697002508782	1697002516937	OK	 
REQUEST		WebSocket Connect	1697002508781	1697002516937	OK	 
REQUEST		WebSocket Connect	1697002508655	1697002516940	OK	 
REQUEST		WebSocket Connect	1697002508752	1697002516940	OK	 
REQUEST		WebSocket Connect	1697002508779	1697002517140	OK	 
REQUEST		WebSocket Connect	1697002508716	1697002517909	OK	 
REQUEST		WebSocket Connect	1697002508668	1697002517909	OK	 
REQUEST		WebSocket Connect	1697002508783	1697002517909	OK	 
REQUEST		WebSocket Connect	1697002508795	1697002517909	OK	 
REQUEST		WebSocket Connect	1697002508654	1697002517910	OK	 
REQUEST		WebSocket Connect	1697002508780	1697002517910	OK	 
REQUEST		WebSocket Connect	1697002508791	1697002517910	OK	 
REQUEST		WebSocket Connect	1697002508783	1697002517910	OK	 
REQUEST		WebSocket Connect	1697002508797	1697002517911	OK	 
REQUEST		WebSocket Connect	1697002508804	1697002517911	OK	 
REQUEST		WebSocket Connect	1697002508784	1697002517930	OK	 
REQUEST		WebSocket Connect	1697002508669	1697002517930	OK	 
REQUEST		WebSocket Connect	1697002508747	1697002517937	OK	 
REQUEST		WebSocket Connect	1697002508682	1697002518730	KO	i.n.h.s.SslHandshakeTimeoutException: handshake timed out after 10000ms
REQUEST		WebSocket Connect	1697002508693	1697002518730	KO	i.n.h.s.SslHandshakeTimeoutException: handshake timed out after 10000ms
REQUEST		WebSocket Connect	1697002508683	1697002518730	KO	i.n.h.s.SslHandshakeTimeoutException: handshake timed out after 10000ms
REQUEST		WebSocket Connect	1697002508684	1697002518736	KO	i.n.h.s.SslHandshakeTimeoutException: handshake timed out after 10000ms
REQUEST		WebSocket Connect	1697002508696	1697002518736	KO	i.n.h.s.SslHandshakeTimeoutException: handshake timed out after 10000ms
REQUEST		WebSocket Connect	1697002508711	1697002518737	KO	i.n.h.s.SslHandshakeTimeoutException: handshake timed out after 10000ms
REQUEST		WebSocket Connect	1697002508679	1697002518746	KO	i.n.h.s.SslHandshakeTimeoutException: handshake timed out after 10000ms
REQUEST		WebSocket Connect	1697002508704	1697002518746	KO	i.n.h.s.SslHandshakeTimeoutException: handshake timed out after 10000ms
REQUEST		WebSocket Connect	1697002508714	1697002518762	KO	i.n.h.s.SslHandshakeTimeoutException: handshake timed out after 10000ms
REQUEST		WebSocket Connect	1697002508668	1697002518762	KO	i.n.h.s.SslHandshakeTimeoutException: handshake timed out after 10000ms
REQUEST		WebSocket Connect	1697002508737	1697002518762	KO	i.n.h.s.SslHandshakeTimeoutException: handshake timed out after 10000ms
REQUEST		WebSocket Connect	1697002508654	1697002518762	KO	i.n.h.s.SslHandshakeTimeoutException: handshake timed out after 10000ms
REQUEST		WebSocket Connect	1697002508669	1697002518763	KO	i.n.h.s.SslHandshakeTimeoutException: handshake timed out after 10000ms
REQUEST		WebSocket Connect	1697002508689	1697002518763	KO	i.n.h.s.SslHandshakeTimeoutException: handshake timed out after 10000ms
REQUEST		WebSocket Connect	1697002508732	1697002518764	KO	i.n.h.s.SslHandshakeTimeoutException: handshake timed out after 10000ms
REQUEST		WebSocket Connect	1697002508691	1697002518777	KO	i.n.h.s.SslHandshakeTimeoutException: handshake timed out after 10000ms
REQUEST		WebSocket Connect	1697002508733	1697002518777	KO	i.n.h.s.SslHandshakeTimeoutException: handshake timed out after 10000ms
REQUEST		WebSocket Connect	1697002508666	1697002518777	KO	i.n.h.s.SslHandshakeTimeoutException: handshake timed out after 10000ms
REQUEST		WebSocket Connect	1697002508741	1697002518777	KO	i.n.h.s.SslHandshakeTimeoutException: handshake timed out after 10000ms
REQUEST		WebSocket Connect	1697002508742	1697002518778	KO	i.n.h.s.SslHandshakeTimeoutException: handshake timed out after 10000ms
REQUEST		WebSocket Connect	1697002508667	1697002518778	KO	i.n.h.s.SslHandshakeTimeoutException: handshake timed out after 10000ms
REQUEST		WebSocket Connect	1697002508743	1697002518778	KO	i.n.h.s.SslHandshakeTimeoutException: handshake timed out after 10000ms
REQUEST		WebSocket Connect	1697002508669	1697002518779	KO	i.n.h.s.SslHandshakeTimeoutException: handshake timed out after 10000ms
REQUEST		WebSocket Connect	1697002508744	1697002518779	KO	i.n.h.s.SslHandshakeTimeoutException: handshake timed out after 10000ms
REQUEST		WebSocket Connect	1697002508744	1697002518780	KO	i.n.h.s.SslHandshakeTimeoutException: handshake timed out after 10000ms
REQUEST		WebSocket Connect	1697002508656	1697002518840	KO	i.n.h.s.SslHandshakeTimeoutException: handshake timed out after 10000ms
REQUEST		WebSocket Connect	1697002508666	1697002518841	KO	i.n.h.s.SslHandshakeTimeoutException: handshake timed out after 10000ms
REQUEST		WebSocket Connect	1697002508667	1697002518842	KO	i.n.h.s.SslHandshakeTimeoutException: handshake timed out after 10000ms
REQUEST		WebSocket Connect	1697002508670	1697002518844	KO	i.n.h.s.SslHandshakeTimeoutException: handshake timed out after 10000ms
REQUEST		WebSocket Connect	1697002508671	1697002518845	KO	i.n.h.s.SslHandshakeTimeoutException: handshake timed out after 10000ms
REQUEST		WebSocket Connect	1697002508734	1697002518855	KO	i.n.h.s.SslHandshakeTimeoutException: handshake timed out after 10000ms
REQUEST		WebSocket Connect	1697002508699	1697002518856	KO	i.n.h.s.SslHandshakeTimeoutException: handshake timed out after 10000ms
REQUEST		WebSocket Connect	1697002508667	1697002518855	KO	i.n.h.s.SslHandshakeTimeoutException: handshake timed out after 10000ms
REQUEST		WebSocket Connect	1697002508655	1697002518856	KO	i.n.h.s.SslHandshakeTimeoutException: handshake timed out after 10000ms
REQUEST		WebSocket Connect	1697002508669	1697002518856	KO	i.n.h.s.SslHandshakeTimeoutException: handshake timed out after 10000ms
REQUEST		WebSocket Connect	1697002508715	1697002518856	KO	i.n.h.s.SslHandshakeTimeoutException: handshake timed out after 10000ms
REQUEST		WebSocket Connect	1697002508670	1697002518856	KO	i.n.h.s.SslHandshakeTimeoutException: handshake timed out after 10000ms
REQUEST		WebSocket Connect	1697002508777	1697002518856	KO	i.n.h.s.SslHandshakeTimeoutException: handshake timed out after 10000ms
REQUEST		WebSocket Connect	1697002508734	1697002518857	KO	i.n.h.s.SslHandshakeTimeoutException: handshake timed out after 10000ms
REQUEST		WebSocket Connect	1697002508779	1697002518857	KO	i.n.h.s.SslHandshakeTimeoutException: handshake timed out after 10000ms
REQUEST		WebSocket Connect	1697002508788	1697002518857	KO	i.n.h.s.SslHandshakeTimeoutException: handshake timed out after 10000ms
REQUEST		WebSocket Connect	1697002508716	1697002518857	KO	i.n.h.s.SslHandshakeTimeoutException: handshake timed out after 10000ms
REQUEST		WebSocket Connect	1697002508780	1697002518857	KO	i.n.h.s.SslHandshakeTimeoutException: handshake timed out after 10000ms
REQUEST		WebSocket Connect	1697002508789	1697002518857	KO	i.n.h.s.SslHandshakeTimeoutException: handshake timed out after 10000ms
REQUEST		WebSocket Connect	1697002508749	1697002518857	KO	i.n.h.s.SslHandshakeTimeoutException: handshake timed out after 10000ms
REQUEST		WebSocket Connect	1697002508782	1697002518857	KO	i.n.h.s.SslHandshakeTimeoutException: handshake timed out after 10000ms
REQUEST		WebSocket Connect	1697002508781	1697002518858	KO	i.n.h.s.SslHandshakeTimeoutException: handshake timed out after 10000ms
REQUEST		WebSocket Connect	1697002508784	1697002518859	KO	i.n.h.s.SslHandshakeTimeoutException: handshake timed out after 10000ms
REQUEST		WebSocket Connect	1697002508789	1697002518860	KO	i.n.h.s.SslHandshakeTimeoutException: handshake timed out after 10000ms
REQUEST		WebSocket Connect	1697002508799	1697002518871	KO	i.n.h.s.SslHandshakeTimeoutException: handshake timed out after 10000ms
REQUEST		WebSocket Connect	1697002508802	1697002518872	KO	i.n.h.s.SslHandshakeTimeoutException: handshake timed out after 10000ms
USER	WebSocket Load Test	END	1697002540519
USER	WebSocket Load Test	END	1697002540547
USER	WebSocket Load Test	END	1697002540592
USER	WebSocket Load Test	END	1697002540592
USER	WebSocket Load Test	END	1697002540608
USER	WebSocket Load Test	END	1697002540608
USER	WebSocket Load Test	END	1697002540608
USER	WebSocket Load Test	END	1697002540703
USER	WebSocket Load Test	END	1697002540703
USER	WebSocket Load Test	END	1697002540734
USER	WebSocket Load Test	END	1697002540735
USER	WebSocket Load Test	END	1697002540735
USER	WebSocket Load Test	END	1697002541326
USER	WebSocket Load Test	END	1697002541326
USER	WebSocket Load Test	END	1697002541327
USER	WebSocket Load Test	END	1697002541420
USER	WebSocket Load Test	END	1697002542279
USER	WebSocket Load Test	END	1697002542295
USER	WebSocket Load Test	END	1697002542653
USER	WebSocket Load Test	END	1697002543106
USER	WebSocket Load Test	END	1697002543355
USER	WebSocket Load Test	END	1697002543370
USER	WebSocket Load Test	END	1697002543370
USER	WebSocket Load Test	END	1697002543370
USER	WebSocket Load Test	END	1697002543370
USER	WebSocket Load Test	END	1697002543370
USER	WebSocket Load Test	END	1697002543370
USER	WebSocket Load Test	END	1697002543370
USER	WebSocket Load Test	END	1697002543370
USER	WebSocket Load Test	END	1697002543370
USER	WebSocket Load Test	END	1697002543370
USER	WebSocket Load Test	END	1697002543371
USER	WebSocket Load Test	END	1697002543371
USER	WebSocket Load Test	END	1697002543387
USER	WebSocket Load Test	END	1697002543417
USER	WebSocket Load Test	END	1697002543417
USER	WebSocket Load Test	END	1697002543447
USER	WebSocket Load Test	END	1697002543448
USER	WebSocket Load Test	END	1697002543683
USER	WebSocket Load Test	END	1697002544196
USER	WebSocket Load Test	END	1697002544491
USER	WebSocket Load Test	END	1697002544678
USER	WebSocket Load Test	END	1697002544679
USER	WebSocket Load Test	END	1697002544679
USER	WebSocket Load Test	END	1697002544679
USER	WebSocket Load Test	END	1697002544679
USER	WebSocket Load Test	END	1697002544679
USER	WebSocket Load Test	END	1697002544679
USER	WebSocket Load Test	END	1697002544679
USER	WebSocket Load Test	END	1697002544679
USER	WebSocket Load Test	END	1697002544679
USER	WebSocket Load Test	END	1697002544679
USER	WebSocket Load Test	END	1697002544679
USER	WebSocket Load Test	END	1697002544679
USER	WebSocket Load Test	END	1697002544679
USER	WebSocket Load Test	END	1697002544679
USER	WebSocket Load Test	END	1697002544679
USER	WebSocket Load Test	END	1697002544679
USER	WebSocket Load Test	END	1697002544679
USER	WebSocket Load Test	END	1697002544679
USER	WebSocket Load Test	END	1697002544679
USER	WebSocket Load Test	END	1697002544679
USER	WebSocket Load Test	END	1697002544679
USER	WebSocket Load Test	END	1697002544679
USER	WebSocket Load Test	END	1697002544709
USER	WebSocket Load Test	END	1697002544726
USER	WebSocket Load Test	END	1697002544726
USER	WebSocket Load Test	END	1697002544726
USER	WebSocket Load Test	END	1697002544726
USER	WebSocket Load Test	END	1697002544726
USER	WebSocket Load Test	END	1697002544726
USER	WebSocket Load Test	END	1697002544741
USER	WebSocket Load Test	END	1697002545518
USER	WebSocket Load Test	END	1697002545519
USER	WebSocket Load Test	END	1697002545519
USER	WebSocket Load Test	END	1697002545629
USER	WebSocket Load Test	END	1697002545629
USER	WebSocket Load Test	END	1697002545629
USER	WebSocket Load Test	END	1697002545629
USER	WebSocket Load Test	END	1697002545629
USER	WebSocket Load Test	END	1697002545629
USER	WebSocket Load Test	END	1697002545629
USER	WebSocket Load Test	END	1697002545630
USER	WebSocket Load Test	END	1697002545630
USER	WebSocket Load Test	END	1697002545630
USER	WebSocket Load Test	END	1697002545630
USER	WebSocket Load Test	END	1697002545630
USER	WebSocket Load Test	END	1697002545630
USER	WebSocket Load Test	END	1697002545630
USER	WebSocket Load Test	END	1697002545646
USER	WebSocket Load Test	END	1697002545707
USER	WebSocket Load Test	END	1697002545722
USER	WebSocket Load Test	END	1697002545722
USER	WebSocket Load Test	END	1697002545722
USER	WebSocket Load Test	END	1697002545722
USER	WebSocket Load Test	END	1697002545722
USER	WebSocket Load Test	END	1697002545738
USER	WebSocket Load Test	END	1697002545769
USER	WebSocket Load Test	END	1697002545784
USER	WebSocket Load Test	END	1697002545784
USER	WebSocket Load Test	END	1697002545784
USER	WebSocket Load Test	END	1697002545784
USER	WebSocket Load Test	END	1697002545908
USER	WebSocket Load Test	END	1697002546048
USER	WebSocket Load Test	END	1697002546767
USER	WebSocket Load Test	END	1697002546767
USER	WebSocket Load Test	END	1697002546767
USER	WebSocket Load Test	END	1697002546767
USER	WebSocket Load Test	END	1697002546767
USER	WebSocket Load Test	END	1697002546767
USER	WebSocket Load Test	END	1697002546767
USER	WebSocket Load Test	END	1697002546767
USER	WebSocket Load Test	END	1697002546767
USER	WebSocket Load Test	END	1697002546767
USER	WebSocket Load Test	END	1697002546767
USER	WebSocket Load Test	END	1697002546767
USER	WebSocket Load Test	END	1697002546783
USER	WebSocket Load Test	END	1697002546783
USER	WebSocket Load Test	END	1697002546783
USER	WebSocket Load Test	END	1697002546783
USER	WebSocket Load Test	END	1697002546783
USER	WebSocket Load Test	END	1697002546783
USER	WebSocket Load Test	END	1697002546783
USER	WebSocket Load Test	END	1697002546783
USER	WebSocket Load Test	END	1697002546814
USER	WebSocket Load Test	END	1697002546844
USER	WebSocket Load Test	END	1697002546845
USER	WebSocket Load Test	END	1697002546845
USER	WebSocket Load Test	END	1697002546938
USER	WebSocket Load Test	END	1697002546938
USER	WebSocket Load Test	END	1697002546938
USER	WebSocket Load Test	END	1697002546938
USER	WebSocket Load Test	END	1697002546938
USER	WebSocket Load Test	END	1697002546953
USER	WebSocket Load Test	END	1697002546953
USER	WebSocket Load Test	END	1697002547141
USER	WebSocket Load Test	END	1697002547913
USER	WebSocket Load Test	END	1697002547913
USER	WebSocket Load Test	END	1697002547913
USER	WebSocket Load Test	END	1697002547913
USER	WebSocket Load Test	END	1697002547913
USER	WebSocket Load Test	END	1697002547913
USER	WebSocket Load Test	END	1697002547913
USER	WebSocket Load Test	END	1697002547913
USER	WebSocket Load Test	END	1697002547913
USER	WebSocket Load Test	END	1697002547913
USER	WebSocket Load Test	END	1697002547944
USER	WebSocket Load Test	END	1697002547944
USER	WebSocket Load Test	END	1697002547944
USER	WebSocket Load Test	END	1697002548741
USER	WebSocket Load Test	END	1697002548741
USER	WebSocket Load Test	END	1697002548741
USER	WebSocket Load Test	END	1697002548741
USER	WebSocket Load Test	END	1697002548741
USER	WebSocket Load Test	END	1697002548741
USER	WebSocket Load Test	END	1697002548756
USER	WebSocket Load Test	END	1697002548756
USER	WebSocket Load Test	END	1697002548771
USER	WebSocket Load Test	END	1697002548771
USER	WebSocket Load Test	END	1697002548771
USER	WebSocket Load Test	END	1697002548771
USER	WebSocket Load Test	END	1697002548771
USER	WebSocket Load Test	END	1697002548771
USER	WebSocket Load Test	END	1697002548771
USER	WebSocket Load Test	END	1697002548786
USER	WebSocket Load Test	END	1697002548786
USER	WebSocket Load Test	END	1697002548786
USER	WebSocket Load Test	END	1697002548786
USER	WebSocket Load Test	END	1697002548786
USER	WebSocket Load Test	END	1697002548786
USER	WebSocket Load Test	END	1697002548786
USER	WebSocket Load Test	END	1697002548786
USER	WebSocket Load Test	END	1697002548786
USER	WebSocket Load Test	END	1697002548786
USER	WebSocket Load Test	END	1697002548849
USER	WebSocket Load Test	END	1697002548849
USER	WebSocket Load Test	END	1697002548849
USER	WebSocket Load Test	END	1697002548849
USER	WebSocket Load Test	END	1697002548849
USER	WebSocket Load Test	END	1697002548865
USER	WebSocket Load Test	END	1697002548865
USER	WebSocket Load Test	END	1697002548865
USER	WebSocket Load Test	END	1697002548865
USER	WebSocket Load Test	END	1697002548865
USER	WebSocket Load Test	END	1697002548865
USER	WebSocket Load Test	END	1697002548865
USER	WebSocket Load Test	END	1697002548865
USER	WebSocket Load Test	END	1697002548865
USER	WebSocket Load Test	END	1697002548865
USER	WebSocket Load Test	END	1697002548865
USER	WebSocket Load Test	END	1697002548865
USER	WebSocket Load Test	END	1697002548865
USER	WebSocket Load Test	END	1697002548865
USER	WebSocket Load Test	END	1697002548865
USER	WebSocket Load Test	END	1697002548865
USER	WebSocket Load Test	END	1697002548865
USER	WebSocket Load Test	END	1697002548865
USER	WebSocket Load Test	END	1697002548865
USER	WebSocket Load Test	END	1697002548880
USER	WebSocket Load Test	END	1697002548881
