RUN	computerdatabase.ComputerDatabaseSimulation	computerdatabasesimulation	1696937046396	Load testing	3.9.5
USER	WebSocket Load Test	START	1696937048219
USER	WebSocket Load Test	START	1696937048219
USER	WebSocket Load Test	START	1696937048219
USER	WebSocket Load Test	START	1696937048220
USER	WebSocket Load Test	START	1696937048219
USER	WebSocket Load Test	START	1696937048221
USER	WebSocket Load Test	START	1696937048221
USER	WebSocket Load Test	START	1696937048219
USER	WebSocket Load Test	START	1696937048221
USER	WebSocket Load Test	START	1696937048221
REQUEST		WebSocket Connect	1696937048187	1696937048771	OK	 
REQUEST		WebSocket Connect	1696937048186	1696937048771	OK	 
REQUEST		WebSocket Connect	1696937048185	1696937048771	OK	 
REQUEST		WebSocket Connect	1696937048185	1696937048771	OK	 
REQUEST		WebSocket Connect	1696937048185	1696937048771	OK	 
REQUEST		WebSocket Connect	1696937048188	1696937048771	OK	 
REQUEST		WebSocket Connect	1696937048185	1696937048771	OK	 
REQUEST		WebSocket Connect	1696937048191	1696937048771	OK	 
REQUEST		WebSocket Connect	1696937048185	1696937048771	OK	 
REQUEST		WebSocket Connect	1696937048186	1696937048771	OK	 
REQUEST		WebSocket Close	1696937048803	1696937048814	OK	 
REQUEST		WebSocket Close	1696937048802	1696937048813	OK	 
REQUEST		WebSocket Close	1696937048802	1696937048813	OK	 
REQUEST		WebSocket Close	1696937048803	1696937048812	OK	 
REQUEST		WebSocket Close	1696937048803	1696937048813	OK	 
REQUEST		WebSocket Close	1696937048803	1696937048812	OK	 
REQUEST		WebSocket Close	1696937048802	1696937048814	OK	 
REQUEST		WebSocket Close	1696937048803	1696937048812	OK	 
REQUEST		WebSocket Close	1696937048803	1696937048813	OK	 
REQUEST		WebSocket Close	1696937048803	1696937048812	OK	 
USER	WebSocket Load Test	END	1696937048826
USER	WebSocket Load Test	END	1696937048827
USER	WebSocket Load Test	END	1696937048827
USER	WebSocket Load Test	END	1696937048827
USER	WebSocket Load Test	END	1696937048827
USER	WebSocket Load Test	END	1696937048827
USER	WebSocket Load Test	END	1696937048827
USER	WebSocket Load Test	END	1696937048827
USER	WebSocket Load Test	END	1696937048827
USER	WebSocket Load Test	END	1696937048827
