RUN	computerdatabase.ComputerDatabaseSimulation	computerdatabasesimulation	1696835390443	load testing	3.9.5
USER	Users	START	1696835391917
USER	Admins	START	1696835391917
USER	Users	START	1696835392889
REQUEST		Home	1696835391901	1696835393516	OK	 
REQUEST		Home	1696835391901	1696835393516	OK	 
REQUEST		Home Redirect 1	1696835393522	1696835393829	OK	 
REQUEST		Home Redirect 1	1696835393522	1696835393829	OK	 
USER	Users	START	1696835393886
REQUEST		Home	1696835392888	1696835394434	OK	 
REQUEST		Home Redirect 1	1696835394434	1696835394748	OK	 
USER	Users	START	1696835394885
REQUEST		Search	1696835394858	1696835395157	OK	 
REQUEST		Search	1696835394858	1696835395152	OK	 
REQUEST		Home	1696835393884	1696835395460	OK	 
REQUEST		Home Redirect 1	1696835395461	1696835395706	OK	 
USER	Users	START	1696835395879
REQUEST		Search	1696835395755	1696835396078	OK	 
REQUEST		Home	1696835394884	1696835396321	OK	 
REQUEST		Select	1696835396225	1696835396484	OK	 
REQUEST		Select	1696835396226	1696835396585	OK	 
REQUEST		Home Redirect 1	1696835396322	1696835396694	OK	 
USER	Users	START	1696835396884
USER	Admins	START	1696835396884
REQUEST		Search	1696835396711	1696835396942	OK	 
REQUEST		Home	1696835395878	1696835397304	OK	 
REQUEST		Select	1696835397099	1696835397331	OK	 
REQUEST		Home Redirect 1	1696835397305	1696835397537	OK	 
REQUEST		Page 0	1696835397494	1696835397826	OK	 
USER	Users	START	1696835397880
REQUEST		Page 0	1696835397599	1696835397926	OK	 
REQUEST		Search	1696835397708	1696835397964	OK	 
REQUEST		Select	1696835397956	1696835398224	OK	 
REQUEST		Home	1696835396882	1696835398275	OK	 
REQUEST		Home	1696835396882	1696835398323	OK	 
REQUEST		Home Redirect 1	1696835398275	1696835398510	OK	 
REQUEST		Home Redirect 1	1696835398323	1696835398565	OK	 
REQUEST		Page 0	1696835398347	1696835398603	OK	 
REQUEST		Search	1696835398550	1696835398793	OK	 
USER	Users	START	1696835398880
REQUEST		Page 1	1696835398832	1696835399063	OK	 
REQUEST		Page 1	1696835398941	1696835399186	OK	 
REQUEST		Select	1696835398973	1696835399246	OK	 
REQUEST		Home	1696835397879	1696835399407	OK	 
REQUEST		Page 0	1696835399238	1696835399484	OK	 
REQUEST		Home Redirect 1	1696835399407	1696835399656	OK	 
REQUEST		Search	1696835399517	1696835399749	OK	 
REQUEST		Search	1696835399580	1696835399821	OK	 
REQUEST		Page 1	1696835399611	1696835399861	OK	 
USER	Users	START	1696835399877
REQUEST		Select	1696835399798	1696835400042	OK	 
REQUEST		Page 2	1696835400076	1696835400324	OK	 
REQUEST		Home	1696835398878	1696835400335	OK	 
REQUEST		Page 2	1696835400202	1696835400524	OK	 
REQUEST		Page 0	1696835400249	1696835400524	OK	 
REQUEST		Home Redirect 1	1696835400335	1696835400578	OK	 
REQUEST		Page 1	1696835400498	1696835400749	OK	 
USER	Users	START	1696835400888
REQUEST		Search	1696835400671	1696835400946	OK	 
REQUEST		Select	1696835400763	1696835401027	OK	 
REQUEST		Select	1696835400824	1696835401101	OK	 
REQUEST		Page 2	1696835400871	1696835401128	OK	 
REQUEST		Page 0	1696835401058	1696835401330	OK	 
REQUEST		Home	1696835399876	1696835401397	OK	 
REQUEST		Home Redirect 1	1696835401398	1696835401677	OK	 
REQUEST		Page 3	1696835401337	1696835401838	OK	 
REQUEST		Page 3	1696835401541	1696835401838	OK	 
REQUEST		Page 1	1696835401541	1696835401838	OK	 
REQUEST		Search	1696835401588	1696835401873	OK	 
REQUEST		Page 2	1696835401760	1696835402010	OK	 
REQUEST		Select	1696835401961	1696835402225	OK	 
REQUEST		Page 0	1696835402038	1696835402328	OK	 
REQUEST		Page 3	1696835402132	1696835402435	OK	 
REQUEST		Page 0	1696835402116	1696835402440	OK	 
REQUEST		Home	1696835400887	1696835402478	OK	 
REQUEST		Page 1	1696835402333	1696835402626	OK	 
REQUEST		Home Redirect 1	1696835402478	1696835402832	OK	 
USER	Users	END	1696835402851
REQUEST		Search	1696835402692	1696835402969	OK	 
REQUEST		Form	1696835402847	1696835403111	OK	 
REQUEST		Page 2	1696835402847	1696835403130	OK	 
REQUEST		Select	1696835402878	1696835403144	OK	 
REQUEST		Page 3	1696835403020	1696835403281	OK	 
USER	Users	END	1696835403441
REQUEST		Page 0	1696835403238	1696835403552	OK	 
REQUEST		Page 1	1696835403332	1696835403663	OK	 
REQUEST		Page 1	1696835403457	1696835403853	OK	 
REQUEST		Page 2	1696835403642	1696835403972	OK	 
REQUEST		Search	1696835403847	1696835404204	OK	 
REQUEST		Select	1696835403985	1696835404262	OK	 
USER	Users	END	1696835404299
REQUEST		Post	1696835404130	1696835404375	OK	 
REQUEST		Page 3	1696835404142	1696835404495	OK	 
REQUEST		Page 0	1696835404157	1696835404496	OK	 
REQUEST		Post Redirect 1	1696835404389	1696835404643	KO	status.find.is(201), but actually found 200
REQUEST		Page 1	1696835404560	1696835404877	OK	 
REQUEST		Form	1696835404648	1696835404936	OK	 
REQUEST		Page 2	1696835404668	1696835404951	OK	 
REQUEST		Page 2	1696835404855	1696835405110	OK	 
REQUEST		Page 3	1696835404981	1696835405297	OK	 
REQUEST		Select	1696835405214	1696835405463	OK	 
USER	Users	END	1696835405509
REQUEST		Page 0	1696835405275	1696835405595	OK	 
REQUEST		Page 1	1696835405508	1696835405816	OK	 
REQUEST		Page 2	1696835405880	1696835406151	OK	 
REQUEST		Post	1696835405942	1696835406214	OK	 
REQUEST		Page 3	1696835405959	1696835406222	OK	 
USER	Users	END	1696835406301
REQUEST		Page 3	1696835406115	1696835406418	OK	 
REQUEST		Post Redirect 1	1696835406215	1696835406527	KO	status.find.is(201), but actually found 200
USER	Admins	END	1696835406532
REQUEST		Page 0	1696835406472	1696835406823	OK	 
REQUEST		Page 1	1696835406597	1696835406847	OK	 
REQUEST		Page 2	1696835406829	1696835407141	OK	 
USER	Users	END	1696835407423
REQUEST		Page 3	1696835407155	1696835407446	OK	 
REQUEST		Form	1696835407233	1696835407550	OK	 
REQUEST		Page 1	1696835407833	1696835408094	OK	 
REQUEST		Page 2	1696835407863	1696835408154	OK	 
USER	Users	END	1696835408460
REQUEST		Page 3	1696835408146	1696835408469	OK	 
REQUEST		Post	1696835408566	1696835408871	OK	 
REQUEST		Post Redirect 1	1696835408872	1696835409101	KO	status.find.is(201), but actually found 200
REQUEST		Page 2	1696835409095	1696835409333	OK	 
REQUEST		Form	1696835409102	1696835409333	OK	 
REQUEST		Page 3	1696835409158	1696835409396	OK	 
USER	Users	END	1696835409488
USER	Users	END	1696835410402
REQUEST		Post	1696835410338	1696835410611	OK	 
REQUEST		Page 3	1696835410338	1696835410613	OK	 
REQUEST		Post Redirect 1	1696835410612	1696835410881	OK	 
USER	Admins	END	1696835410884
USER	Users	END	1696835411624
